Virtual User Script started at: 27-05-2020 17:20:32
Starting action vuser_init.
Web Turbo Replay of LoadRunner 2020.0.0 for Windows 10; build 793 (Nov 27 2019 19:51:20)  	[MsgId: MMSG-26983]
Run mode: HTML  	[MsgId: MMSG-26993]
Replay user agent: Mozilla/5.0 (Windows NT 10.0; Win64; x64) AppleWebKit/537.36 (KHTML, like Gecko) Chrome/81.0.4044.138 Safari/537.36  	[MsgId: MMSG-26988]
Runtime Settings file: "C:\Project\PVS\Scripts\S04_QualitativeDisposition\\default.cfg"  	[MsgId: MMSG-27141]
Ending action vuser_init.
Running Vuser...
Starting iteration 1.
Starting action Action.
Action.c(4): web_set_max_html_param_len started  	[MsgId: MMSG-26355]
Action.c(4): web_set_max_html_param_len was successful  	[MsgId: MMSG-26392]
Action.c(6): web_cleanup_auto_headers started  	[MsgId: MMSG-26355]
Action.c(6): web_cleanup_auto_headers was successful  	[MsgId: MMSG-26392]
Action.c(8): web_set_sockets_option started  	[MsgId: MMSG-26355]
Action.c(8): web_set_sockets_option was successful  	[MsgId: MMSG-26392]
Action.c(10): Notify: Transaction "S04_01_OpenApplication" started.
Action.c(15): web_add_auto_header("Accept-Encoding") started  	[MsgId: MMSG-26355]
Action.c(15): web_add_auto_header("Accept-Encoding") was successful  	[MsgId: MMSG-26392]
Action.c(18): web_add_auto_header("Accept-Language") started  	[MsgId: MMSG-26355]
Action.c(18): web_add_auto_header("Accept-Language") was successful  	[MsgId: MMSG-26392]
Action.c(21): web_add_auto_header("Sec-Fetch-Dest") started  	[MsgId: MMSG-26355]
Action.c(21): web_add_auto_header("Sec-Fetch-Dest") was successful  	[MsgId: MMSG-26392]
Action.c(24): web_add_auto_header("Sec-Fetch-Mode") started  	[MsgId: MMSG-26355]
Action.c(24): web_add_auto_header("Sec-Fetch-Mode") was successful  	[MsgId: MMSG-26392]
Action.c(27): web_add_auto_header("Sec-Fetch-Site") started  	[MsgId: MMSG-26355]
Action.c(27): web_add_auto_header("Sec-Fetch-Site") was successful  	[MsgId: MMSG-26392]
Action.c(30): web_add_auto_header("User-Agent") started  	[MsgId: MMSG-26355]
Action.c(30): web_add_auto_header("User-Agent") was successful  	[MsgId: MMSG-26392]
Action.c(34): web_remove_auto_header("Accept-Language") started  	[MsgId: MMSG-26355]
Action.c(34): Previous automatically added web header for "Accept-Language" removed  	[MsgId: MMSG-26587]
Action.c(34): web_remove/revert_auto_header("Accept-Language") was successful  	[MsgId: MMSG-26392]
Action.c(36): web_add_header("A-IM") started  	[MsgId: MMSG-26355]
Action.c(36): web_add_header("A-IM") was successful  	[MsgId: MMSG-26392]
Action.c(39): web_add_header("If-None-Match") started  	[MsgId: MMSG-26355]
Action.c(39): Warning -26594: The header being added may cause unpredictable results if applied to ALL the URLs generated on behalf of the next script function. It will apply to the primary URL only.  	[MsgId: MWAR-26594]
Action.c(39): web_add_header("If-None-Match") highest severity level was "warning"  	[MsgId: MMSG-26391]
Action.c(43): web_remove_auto_header("Sec-Fetch-Dest") started  	[MsgId: MMSG-26355]
Action.c(43): Previous automatically added web header for "Sec-Fetch-Dest" removed  	[MsgId: MMSG-26587]
Action.c(43): web_remove/revert_auto_header("Sec-Fetch-Dest") was successful  	[MsgId: MMSG-26392]
Action.c(45): web_remove_auto_header("Sec-Fetch-Mode") started  	[MsgId: MMSG-26355]
Action.c(45): Previous automatically added web header for "Sec-Fetch-Mode" removed  	[MsgId: MMSG-26587]
Action.c(45): web_remove/revert_auto_header("Sec-Fetch-Mode") was successful  	[MsgId: MMSG-26392]
Action.c(47): web_remove_auto_header("Sec-Fetch-Site") started  	[MsgId: MMSG-26355]
Action.c(47): Previous automatically added web header for "Sec-Fetch-Site" removed  	[MsgId: MMSG-26587]
Action.c(47): web_remove/revert_auto_header("Sec-Fetch-Site") was successful  	[MsgId: MMSG-26392]
Action.c(49): web_add_auto_header("Accept-Encoding") started  	[MsgId: MMSG-26355]
Action.c(49): web_add_auto_header("Accept-Encoding") was successful  	[MsgId: MMSG-26392]
Action.c(52): web_add_header("Accept") started  	[MsgId: MMSG-26355]
Action.c(52): web_add_header("Accept") was successful  	[MsgId: MMSG-26392]
Action.c(55): web_add_auto_header("Accept-Language") started  	[MsgId: MMSG-26355]
Action.c(55): web_add_auto_header("Accept-Language") was successful  	[MsgId: MMSG-26392]
Action.c(58): web_add_header("Upgrade-Insecure-Requests") started  	[MsgId: MMSG-26355]
Action.c(58): web_add_header("Upgrade-Insecure-Requests") was successful  	[MsgId: MMSG-26392]
Action.c(73): web_reg_save_param_ex started  	[MsgId: MMSG-26355]
Action.c(73): Registering web_reg_save_param_ex was successful  	[MsgId: MMSG-26390]
Action.c(82): web_reg_find started  	[MsgId: MMSG-26355]
Action.c(82): Registering web_reg_find was successful  	[MsgId: MMSG-26390]
Action.c(86): web_url("signal") started  	[MsgId: MMSG-26355]
Action.c(86): Redirecting "http://10.100.22.24:8181/signal" (redirection depth is 0)  	[MsgId: MMSG-26694]
Action.c(86): To location "http://10.100.22.24:8181/signal/"  	[MsgId: MMSG-26693]
Action.c(86): Redirecting "http://10.100.22.24:8181/signal/" (redirection depth is 1)  	[MsgId: MMSG-26694]
Action.c(86): To location "http://10.100.22.24:8181/signal/login/auth"  	[MsgId: MMSG-26693]
Action.c(86): Registered web_reg_find successful for "Text=Login" (count=1)  	[MsgId: MMSG-26364]
Action.c(86): web_url("signal") was successful, 2397 body bytes, 586 header bytes, 17 chunking overhead bytes  	[MsgId: MMSG-26385]
Action.c(95): web_add_auto_header("Accept-Encoding") started  	[MsgId: MMSG-26355]
Action.c(95): web_add_auto_header("Accept-Encoding") was successful  	[MsgId: MMSG-26392]
Action.c(98): web_add_header("Sec-Fetch-Dest") started  	[MsgId: MMSG-26355]
Action.c(98): web_add_header("Sec-Fetch-Dest") was successful  	[MsgId: MMSG-26392]
Action.c(101): web_add_header("Sec-Fetch-Mode") started  	[MsgId: MMSG-26355]
Action.c(101): web_add_header("Sec-Fetch-Mode") was successful  	[MsgId: MMSG-26392]
Action.c(104): web_add_header("Sec-Fetch-Site") started  	[MsgId: MMSG-26355]
Action.c(104): web_add_header("Sec-Fetch-Site") was successful  	[MsgId: MMSG-26392]
Action.c(108): web_add_header("Accept") started  	[MsgId: MMSG-26355]
Action.c(108): web_add_header("Accept") was successful  	[MsgId: MMSG-26392]
Action.c(111): web_add_auto_header("Accept-Encoding") started  	[MsgId: MMSG-26355]
Action.c(111): web_add_auto_header("Accept-Encoding") was successful  	[MsgId: MMSG-26392]
Action.c(114): web_url("login-23162286b278bf1e48cb0201c9e9a644.css") started  	[MsgId: MMSG-26355]
Action.c(114): web_url("login-23162286b278bf1e48cb0201c9e9a644.css") was successful, 924 body bytes, 299 header bytes  	[MsgId: MMSG-26386]
Action.c(122): web_add_header("Accept") started  	[MsgId: MMSG-26355]
Action.c(122): web_add_header("Accept") was successful  	[MsgId: MMSG-26392]
Action.c(125): web_url("application-b6b2fa3a918957eb49ac1c12c36b30ec.js") started  	[MsgId: MMSG-26355]
Action.c(125): web_url("application-b6b2fa3a918957eb49ac1c12c36b30ec.js") was successful, 8786 body bytes, 319 header bytes  	[MsgId: MMSG-26386]
Action.c(133): web_add_header("Accept") started  	[MsgId: MMSG-26355]
Action.c(133): web_add_header("Accept") was successful  	[MsgId: MMSG-26392]
Action.c(136): web_url("application-20282e3e3fad9c329f1728b037973a74.css") started  	[MsgId: MMSG-26355]
Action.c(136): web_url("application-20282e3e3fad9c329f1728b037973a74.css") was successful, 133571 body bytes, 308 header bytes  	[MsgId: MMSG-26386]
Action.c(144): web_add_auto_header("Sec-Fetch-Site") started  	[MsgId: MMSG-26355]
Action.c(144): web_add_auto_header("Sec-Fetch-Site") was successful  	[MsgId: MMSG-26392]
Action.c(147): web_add_auto_header("Sec-Fetch-Mode") started  	[MsgId: MMSG-26355]
Action.c(147): web_add_auto_header("Sec-Fetch-Mode") was successful  	[MsgId: MMSG-26392]
Action.c(150): web_add_auto_header("Sec-Fetch-Dest") started  	[MsgId: MMSG-26355]
Action.c(150): web_add_auto_header("Sec-Fetch-Dest") was successful  	[MsgId: MMSG-26392]
Action.c(153): web_add_auto_header("User-Agent") started  	[MsgId: MMSG-26355]
Action.c(153): web_add_auto_header("User-Agent") was successful  	[MsgId: MMSG-26392]
Action.c(156): web_add_auto_header("Accept-Encoding") started  	[MsgId: MMSG-26355]
Action.c(156): web_add_auto_header("Accept-Encoding") was successful  	[MsgId: MMSG-26392]
Action.c(159): web_add_header("Cache-Control") started  	[MsgId: MMSG-26355]
Action.c(159): web_add_header("Cache-Control") was successful  	[MsgId: MMSG-26392]
Action.c(162): web_add_header("Content-Encoding") started  	[MsgId: MMSG-26355]
Action.c(162): Warning -26594: The header being added may cause unpredictable results if applied to ALL the URLs generated on behalf of the next script function. It will apply to the primary URL only.  	[MsgId: MWAR-26594]
Action.c(162): web_add_header("Content-Encoding") highest severity level was "warning"  	[MsgId: MMSG-26391]
Action.c(165): web_add_header("Pragma") started  	[MsgId: MMSG-26355]
Action.c(165): web_add_header("Pragma") was successful  	[MsgId: MMSG-26392]
Action.c(169): web_add_header("Origin") started  	[MsgId: MMSG-26355]
Action.c(169): web_add_header("Origin") was successful  	[MsgId: MMSG-26392]
Action.c(172): web_add_header("Accept") started  	[MsgId: MMSG-26355]
Action.c(172): web_add_header("Accept") was successful  	[MsgId: MMSG-26392]
Action.c(175): web_concurrent_start started  	[MsgId: MMSG-26355]
Action.c(175): web_concurrent_start was successful  	[MsgId: MMSG-26392]
Action.c(177): web_url("OpenSans-Regular-55835483c304eaa8477fea2c36abba17.woff2") started  	[MsgId: MMSG-26355]
Action.c(177): Registering web_url("OpenSans-Regular-55835483c304eaa8477fea2c36abba17.woff2") was successful  	[MsgId: MMSG-26390]
Action.c(201): web_concurrent_end started  	[MsgId: MMSG-26355]
Action.c(201): web_concurrent_end was successful, 47049 body bytes, 316 header bytes  	[MsgId: MMSG-26386]
Action.c(203): web_add_auto_header("User-Agent") started  	[MsgId: MMSG-26355]
Action.c(203): web_add_auto_header("User-Agent") was successful  	[MsgId: MMSG-26392]
Action.c(207): web_add_header("X-Goog-Encode-Response-If-Executable") started  	[MsgId: MMSG-26355]
Action.c(207): web_add_header("X-Goog-Encode-Response-If-Executable") was successful  	[MsgId: MMSG-26392]
Action.c(210): web_add_header("X-Goog-Api-Key") started  	[MsgId: MMSG-26355]
Action.c(210): web_add_header("X-Goog-Api-Key") was successful  	[MsgId: MMSG-26392]
Action.c(215): Notify: Transaction "S04_01_OpenApplication" ended with a "Pass" status (Duration: 6.9997 Wasted Time: 0.3451).
Action.c(229): Notify: Transaction "S04_02_Login" started.
Action.c(231): web_remove_auto_header("Sec-Fetch-Dest") started  	[MsgId: MMSG-26355]
Action.c(231): Previous automatically added web header for "Sec-Fetch-Dest" removed  	[MsgId: MMSG-26587]
Action.c(231): web_remove/revert_auto_header("Sec-Fetch-Dest") was successful  	[MsgId: MMSG-26392]
Action.c(233): web_remove_auto_header("Sec-Fetch-Mode") started  	[MsgId: MMSG-26355]
Action.c(233): Previous automatically added web header for "Sec-Fetch-Mode" removed  	[MsgId: MMSG-26587]
Action.c(233): web_remove/revert_auto_header("Sec-Fetch-Mode") was successful  	[MsgId: MMSG-26392]
Action.c(235): web_remove_auto_header("Sec-Fetch-Site") started  	[MsgId: MMSG-26355]
Action.c(235): Previous automatically added web header for "Sec-Fetch-Site" removed  	[MsgId: MMSG-26587]
Action.c(235): web_remove/revert_auto_header("Sec-Fetch-Site") was successful  	[MsgId: MMSG-26392]
Action.c(237): web_add_auto_header("Accept-Encoding") started  	[MsgId: MMSG-26355]
Action.c(237): web_add_auto_header("Accept-Encoding") was successful  	[MsgId: MMSG-26392]
Action.c(240): web_add_header("Accept") started  	[MsgId: MMSG-26355]
Action.c(240): web_add_header("Accept") was successful  	[MsgId: MMSG-26392]
Action.c(243): web_add_header("Cache-Control") started  	[MsgId: MMSG-26355]
Action.c(243): web_add_header("Cache-Control") was successful  	[MsgId: MMSG-26392]
Action.c(246): web_add_header("Origin") started  	[MsgId: MMSG-26355]
Action.c(246): web_add_header("Origin") was successful  	[MsgId: MMSG-26392]
Action.c(249): web_add_header("Upgrade-Insecure-Requests") started  	[MsgId: MMSG-26355]
Action.c(249): web_add_header("Upgrade-Insecure-Requests") was successful  	[MsgId: MMSG-26392]
Action.c(252): web_reg_find started  	[MsgId: MMSG-26355]
Action.c(252): Registering web_reg_find was successful  	[MsgId: MMSG-26390]
Action.c(256): web_submit_data("authenticate") started  	[MsgId: MMSG-26355]
Action.c(256): Redirecting "http://10.100.22.24:8181/signal/login/authenticate" (redirection depth is 0)  	[MsgId: MMSG-26694]
Action.c(256): To location "http://10.100.22.24:8181/signal/"  	[MsgId: MMSG-26693]
Action.c(256): Registered web_reg_find successful for "Text=Dashboard" (count=8)  	[MsgId: MMSG-26364]
Action.c(256): web_submit_data("authenticate") was successful, 78348 body bytes, 474 header bytes, 85 chunking overhead bytes  	[MsgId: MMSG-26385]
Action.c(269): web_remove_auto_header("Accept-Language") started  	[MsgId: MMSG-26355]
Action.c(269): Previous automatically added web header for "Accept-Language" removed  	[MsgId: MMSG-26587]
Action.c(269): web_remove/revert_auto_header("Accept-Language") was successful  	[MsgId: MMSG-26392]
Action.c(271): web_add_auto_header("Accept-Encoding") started  	[MsgId: MMSG-26355]
Action.c(271): web_add_auto_header("Accept-Encoding") was successful  	[MsgId: MMSG-26392]
Action.c(274): web_add_header("Sec-Fetch-Dest") started  	[MsgId: MMSG-26355]
Action.c(274): web_add_header("Sec-Fetch-Dest") was successful  	[MsgId: MMSG-26392]
Action.c(277): web_add_header("Sec-Fetch-Mode") started  	[MsgId: MMSG-26355]
Action.c(277): web_add_header("Sec-Fetch-Mode") was successful  	[MsgId: MMSG-26392]
Action.c(280): web_add_header("Sec-Fetch-Site") started  	[MsgId: MMSG-26355]
Action.c(280): web_add_header("Sec-Fetch-Site") was successful  	[MsgId: MMSG-26392]
Action.c(303): web_concurrent_start started  	[MsgId: MMSG-26355]
Action.c(303): web_concurrent_start was successful  	[MsgId: MMSG-26392]
Action.c(305): web_url("theme_gradient_blue-82b8663def72c9ceff32d61e0b4a5253.css") started  	[MsgId: MMSG-26355]
Action.c(305): Registering web_url("theme_gradient_blue-82b8663def72c9ceff32d61e0b4a5253.css") was successful  	[MsgId: MMSG-26390]
Action.c(313): web_url("pvs_508c-fd4a301235dfeff417d96bed64e8429d.css") started  	[MsgId: MMSG-26355]
Action.c(313): Registering web_url("pvs_508c-fd4a301235dfeff417d96bed64e8429d.css") was successful  	[MsgId: MMSG-26390]
Action.c(321): web_url("pvs_app_css-794a4a77a2a4bcc45fa913cd043a5ab3.css") started  	[MsgId: MMSG-26355]
Action.c(321): Registering web_url("pvs_app_css-794a4a77a2a4bcc45fa913cd043a5ab3.css") was successful  	[MsgId: MMSG-26390]
Action.c(332): web_url("modernizr.min-23fa28ce275880746945a2305077eebc.js") started  	[MsgId: MMSG-26355]
Action.c(332): Registering web_url("modernizr.min-23fa28ce275880746945a2305077eebc.js") was successful  	[MsgId: MMSG-26390]
Action.c(343): web_url("gridstack.min-82a5fabd01f65ac4b5e87078091be104.css") started  	[MsgId: MMSG-26355]
Action.c(343): Registering web_url("gridstack.min-82a5fabd01f65ac4b5e87078091be104.css") was successful  	[MsgId: MMSG-26390]
Action.c(351): web_url("materialdesignicons-2f254cfdb2b23bcf596ab766574b3675.css") started  	[MsgId: MMSG-26355]
Action.c(351): Registering web_url("materialdesignicons-2f254cfdb2b23bcf596ab766574b3675.css") was successful  	[MsgId: MMSG-26390]
Action.c(359): web_url("dashboard-7d6d721454def651262f344c8062d5e4.css") started  	[MsgId: MMSG-26355]
Action.c(359): Registering web_url("dashboard-7d6d721454def651262f344c8062d5e4.css") was successful  	[MsgId: MMSG-26390]
Action.c(367): web_url("workflowModal-8863a855e0d38b1c16a0b929c87a1eb2.css") started  	[MsgId: MMSG-26355]
Action.c(367): Registering web_url("workflowModal-8863a855e0d38b1c16a0b929c87a1eb2.css") was successful  	[MsgId: MMSG-26390]
Action.c(375): web_url("bootstrap-datetimepicker-c0f52e788c9b52855aeb720838b56db9.css") started  	[MsgId: MMSG-26355]
Action.c(375): Registering web_url("bootstrap-datetimepicker-c0f52e788c9b52855aeb720838b56db9.css") was successful  	[MsgId: MMSG-26390]
Action.c(383): web_url("fullcalendar.min-537e31219634a1a50bfc6c265c08a05f.css") started  	[MsgId: MMSG-26355]
Action.c(383): Registering web_url("fullcalendar.min-537e31219634a1a50bfc6c265c08a05f.css") was successful  	[MsgId: MMSG-26390]
Action.c(394): web_url("jquery-2.2.4-986b7af813adeaf9e589ef20bcc97bb0.js") started  	[MsgId: MMSG-26355]
Action.c(394): Registering web_url("jquery-2.2.4-986b7af813adeaf9e589ef20bcc97bb0.js") was successful  	[MsgId: MMSG-26390]
Action.c(402): web_url("jquery.i18n-61406922e05804e4abe8c8360ec862fa.js") started  	[MsgId: MMSG-26355]
Action.c(402): Registering web_url("jquery.i18n-61406922e05804e4abe8c8360ec862fa.js") was successful  	[MsgId: MMSG-26390]
Action.c(410): web_url("underscore.min-e6d41cd714673035a7f8a65c30f3dcb1.js") started  	[MsgId: MMSG-26355]
Action.c(410): Registering web_url("underscore.min-e6d41cd714673035a7f8a65c30f3dcb1.js") was successful  	[MsgId: MMSG-26390]
Action.c(418): web_url("moment-434aaa1704890766125108c94efbb50c.js") started  	[MsgId: MMSG-26355]
Action.c(418): Registering web_url("moment-434aaa1704890766125108c94efbb50c.js") was successful  	[MsgId: MMSG-26390]
Action.c(426): web_url("bootstrap.min-3f6aa77f4768de267c35a96028599ce3.js") started  	[MsgId: MMSG-26355]
Action.c(426): Registering web_url("bootstrap.min-3f6aa77f4768de267c35a96028599ce3.js") was successful  	[MsgId: MMSG-26390]
Action.c(434): web_url("popover.min-a48d28e289c6932042ffa0ab05e7bf68.js") started  	[MsgId: MMSG-26355]
Action.c(434): Registering web_url("popover.min-a48d28e289c6932042ffa0ab05e7bf68.js") was successful  	[MsgId: MMSG-26390]
Action.c(442): web_url("momentTimezones-with-data-c15ec3e27a3263556fdbb96b61f9206f.js") started  	[MsgId: MMSG-26355]
Action.c(442): Registering web_url("momentTimezones-with-data-c15ec3e27a3263556fdbb96b61f9206f.js") was successful  	[MsgId: MMSG-26390]
Action.c(450): web_url("fuelux.min-d30fb133a2493fadc38faabf3f226bc4.js") started  	[MsgId: MMSG-26355]
Action.c(450): Registering web_url("fuelux.min-d30fb133a2493fadc38faabf3f226bc4.js") was successful  	[MsgId: MMSG-26390]
Action.c(458): web_url("select2-911832dffdffb9e7bafb38412a68f445.js") started  	[MsgId: MMSG-26355]
Action.c(458): Registering web_url("select2-911832dffdffb9e7bafb38412a68f445.js") was successful  	[MsgId: MMSG-26390]
Action.c(466): web_url("jquery-ui.min-b0582f2d27fdc676c34681e0c96aac0c.js") started  	[MsgId: MMSG-26355]
Action.c(466): Registering web_url("jquery-ui.min-b0582f2d27fdc676c34681e0c96aac0c.js") was successful  	[MsgId: MMSG-26390]
Action.c(474): web_url("momentlocales-bd0407faadf015b0c0b0d49b831aeb7b.js") started  	[MsgId: MMSG-26355]
Action.c(474): Registering web_url("momentlocales-bd0407faadf015b0c0b0d49b831aeb7b.js") was successful  	[MsgId: MMSG-26390]
Action.c(482): web_url("dataTables.bootstrapPagination-d133da3f3570036f8532207affa78bd9.js") started  	[MsgId: MMSG-26355]
Action.c(482): Registering web_url("dataTables.bootstrapPagination-d133da3f3570036f8532207affa78bd9.js") was successful  	[MsgId: MMSG-26390]
Action.c(490): web_url("dataTables.bootstrap-93e0b2f3576484b422f6e4a29b3e6037.js") started  	[MsgId: MMSG-26355]
Action.c(490): Registering web_url("dataTables.bootstrap-93e0b2f3576484b422f6e4a29b3e6037.js") was successful  	[MsgId: MMSG-26390]
Action.c(498): web_url("datetime-moment-3fa3fc8eaf60abe3fae2bae2fb4328b0.js") started  	[MsgId: MMSG-26355]
Action.c(498): Registering web_url("datetime-moment-3fa3fc8eaf60abe3fae2bae2fb4328b0.js") was successful  	[MsgId: MMSG-26390]
Action.c(506): web_url("jquery.dataTables_custom-8dad82f79087bc7c28eeb9b403e756b8.js") started  	[MsgId: MMSG-26355]
Action.c(506): Registering web_url("jquery.dataTables_custom-8dad82f79087bc7c28eeb9b403e756b8.js") was successful  	[MsgId: MMSG-26390]
Action.c(514): web_url("dataTables.fixedColumns.min-acc90a700b69150380759567188a8cd0.js") started  	[MsgId: MMSG-26355]
Action.c(514): Registering web_url("dataTables.fixedColumns.min-acc90a700b69150380759567188a8cd0.js") was successful  	[MsgId: MMSG-26390]
Action.c(522): web_url("spinner.min-6f6eab72fd2531bea7514cc0d9830665.js") started  	[MsgId: MMSG-26355]
Action.c(522): Registering web_url("spinner.min-6f6eab72fd2531bea7514cc0d9830665.js") was successful  	[MsgId: MMSG-26390]
Action.c(530): web_url("jquery.multi-select2.0-c2649a518d094dac8d3e66aaba1e4501.js") started  	[MsgId: MMSG-26355]
Action.c(530): Registering web_url("jquery.multi-select2.0-c2649a518d094dac8d3e66aaba1e4501.js") was successful  	[MsgId: MMSG-26390]
Action.c(538): web_url("wow.min-237e66d720861f3cc99ee444887b7c32.js") started  	[MsgId: MMSG-26355]
Action.c(538): Registering web_url("wow.min-237e66d720861f3cc99ee444887b7c32.js") was successful  	[MsgId: MMSG-26390]
Action.c(546): web_url("fastclick-c74606809464116f3413064b0e200023.js") started  	[MsgId: MMSG-26355]
Action.c(546): Registering web_url("fastclick-c74606809464116f3413064b0e200023.js") was successful  	[MsgId: MMSG-26390]
Action.c(554): web_url("detect-fd56173b9f1574612026ca4bd0f9ce20.js") started  	[MsgId: MMSG-26355]
Action.c(554): Registering web_url("detect-fd56173b9f1574612026ca4bd0f9ce20.js") was successful  	[MsgId: MMSG-26390]
Action.c(562): web_url("jquery.slimscroll-6a314b5f0344bf7ef8e1e0c948bb75f9.js") started  	[MsgId: MMSG-26355]
Action.c(562): Registering web_url("jquery.slimscroll-6a314b5f0344bf7ef8e1e0c948bb75f9.js") was successful  	[MsgId: MMSG-26390]
Action.c(570): web_url("jquery.nicescroll-09e3ca9889499cfb15271ad8dc51f842.js") started  	[MsgId: MMSG-26355]
Action.c(570): Registering web_url("jquery.nicescroll-09e3ca9889499cfb15271ad8dc51f842.js") was successful  	[MsgId: MMSG-26390]
Action.c(578): web_url("jquery.blockUI-7aa9ac8e34d97a945dbf467d99fda834.js") started  	[MsgId: MMSG-26355]
Action.c(578): Registering web_url("jquery.blockUI-7aa9ac8e34d97a945dbf467d99fda834.js") was successful  	[MsgId: MMSG-26390]
Action.c(586): web_url("jquery.scrollTo.min-240b8d54661c5e0500b96b9594d60b62.js") started  	[MsgId: MMSG-26355]
Action.c(586): Registering web_url("jquery.scrollTo.min-240b8d54661c5e0500b96b9594d60b62.js") was successful  	[MsgId: MMSG-26390]
Action.c(594): web_url("notify.min-1dba61fec15a5d71814b2c2cb69f65bf.js") started  	[MsgId: MMSG-26355]
Action.c(594): Registering web_url("notify.min-1dba61fec15a5d71814b2c2cb69f65bf.js") was successful  	[MsgId: MMSG-26390]
Action.c(602): web_url("notify-metro-9a1cf25a956b601aedd486c779986df7.js") started  	[MsgId: MMSG-26355]
Action.c(602): Registering web_url("notify-metro-9a1cf25a956b601aedd486c779986df7.js") was successful  	[MsgId: MMSG-26390]
Action.c(610): web_url("bootstrap-uploader-265e387a3ec58973abdfae04a79862b2.js") started  	[MsgId: MMSG-26355]
Action.c(610): Registering web_url("bootstrap-uploader-265e387a3ec58973abdfae04a79862b2.js") was successful  	[MsgId: MMSG-26390]
Action.c(618): web_url("sweet-alert.min-792598f1e6bac9b4f7cc6f060ae6b454.js") started  	[MsgId: MMSG-26355]
Action.c(618): Registering web_url("sweet-alert.min-792598f1e6bac9b4f7cc6f060ae6b454.js") was successful  	[MsgId: MMSG-26390]
Action.c(626): web_url("jquery.waypoints.min-4471999ef1b83a94d41d3cebb887c349.js") started  	[MsgId: MMSG-26355]
Action.c(626): Registering web_url("jquery.waypoints.min-4471999ef1b83a94d41d3cebb887c349.js") was successful  	[MsgId: MMSG-26390]
Action.c(634): web_url("rx-notify-db0528274130516c271389cccac65e17.js") started  	[MsgId: MMSG-26355]
Action.c(634): Registering web_url("rx-notify-db0528274130516c271389cccac65e17.js") was successful  	[MsgId: MMSG-26390]
Action.c(642): web_url("handlebars-v4.0.5-8ad4263f81c714ada4985affb687f12b.js") started  	[MsgId: MMSG-26355]
Action.c(642): Registering web_url("handlebars-v4.0.5-8ad4263f81c714ada4985affb687f12b.js") was successful  	[MsgId: MMSG-26390]
Action.c(650): web_url("jquery.counterup.min-86f52f47d4c325261bf7d36b09dcf216.js") started  	[MsgId: MMSG-26355]
Action.c(650): Registering web_url("jquery.counterup.min-86f52f47d4c325261bf7d36b09dcf216.js") was successful  	[MsgId: MMSG-26390]
Action.c(658): web_url("jquery.core-2f63ea2ce21973031b9685e36eba0731.js") started  	[MsgId: MMSG-26355]
Action.c(658): Registering web_url("jquery.core-2f63ea2ce21973031b9685e36eba0731.js") was successful  	[MsgId: MMSG-26390]
Action.c(666): web_url("webcomponents-lite-c806470ac3182eedbb9de677fde922de.js") started  	[MsgId: MMSG-26355]
Action.c(666): Registering web_url("webcomponents-lite-c806470ac3182eedbb9de677fde922de.js") was successful  	[MsgId: MMSG-26390]
Action.c(674): web_url("jquery.ba-throttle-debounce-876f6988f0a240fd9c49f09c5d71b994.js") started  	[MsgId: MMSG-26355]
Action.c(674): Registering web_url("jquery.ba-throttle-debounce-876f6988f0a240fd9c49f09c5d71b994.js") was successful  	[MsgId: MMSG-26390]
Action.c(682): web_url("dataTables.buttons.min-99ef2a29fc5b51a6f8f392977c2e34b1.js") started  	[MsgId: MMSG-26355]
Action.c(682): Registering web_url("dataTables.buttons.min-99ef2a29fc5b51a6f8f392977c2e34b1.js") was successful  	[MsgId: MMSG-26390]
Action.c(690): web_url("bootstrap-switch-732d14990dba7f4fff6b5b441177c905.js") started  	[MsgId: MMSG-26355]
Action.c(690): Registering web_url("bootstrap-switch-732d14990dba7f4fff6b5b441177c905.js") was successful  	[MsgId: MMSG-26390]
Action.c(698): web_url("bootstrap-multiselect-7b500966794478e2792eea0659e0aa96.js") started  	[MsgId: MMSG-26355]
Action.c(698): Registering web_url("bootstrap-multiselect-7b500966794478e2792eea0659e0aa96.js") was successful  	[MsgId: MMSG-26390]
Action.c(706): web_url("buttons.bootstrap-acac51d5cf162bd14f44ad66a6f275f5.js") started  	[MsgId: MMSG-26355]
Action.c(706): Registering web_url("buttons.bootstrap-acac51d5cf162bd14f44ad66a6f275f5.js") was successful  	[MsgId: MMSG-26390]
Action.c(714): web_url("waves-2d20efe8b7228bbc963944ac22c9667c.js") started  	[MsgId: MMSG-26355]
Action.c(714): Registering web_url("waves-2d20efe8b7228bbc963944ac22c9667c.js") was successful  	[MsgId: MMSG-26390]
Action.c(722): web_url("rxTitleOptions-1279146f661735d9e94cde274342b25c.js") started  	[MsgId: MMSG-26355]
Action.c(722): Registering web_url("rxTitleOptions-1279146f661735d9e94cde274342b25c.js") was successful  	[MsgId: MMSG-26390]
Action.c(730): web_url("menu-e9f9c79de11e89cfb0d2f7ae1cd80554.js") started  	[MsgId: MMSG-26355]
Action.c(730): Registering web_url("menu-e9f9c79de11e89cfb0d2f7ae1cd80554.js") was successful  	[MsgId: MMSG-26390]
Action.c(738): web_url("pvs_app_widget-ec77f7e909db8bab59e572285b1c3389.js") started  	[MsgId: MMSG-26355]
Action.c(738): Registering web_url("pvs_app_widget-ec77f7e909db8bab59e572285b1c3389.js") was successful  	[MsgId: MMSG-26390]
Action.c(746): web_url("userGroupSelect-7f7d244cad34902e9681267c696c1bed.js") started  	[MsgId: MMSG-26355]
Action.c(746): Registering web_url("userGroupSelect-7f7d244cad34902e9681267c696c1bed.js") was successful  	[MsgId: MMSG-26390]
Action.c(754): web_url("actions-c6db5fb63baee4c159b9e783821b2058.js") started  	[MsgId: MMSG-26355]
Action.c(754): Registering web_url("actions-c6db5fb63baee4c159b9e783821b2058.js") was successful  	[MsgId: MMSG-26390]
Action.c(762): web_url("spring-websocket-867783f03d5a8005372950a4b8cac2a4.js") started  	[MsgId: MMSG-26355]
Action.c(762): Registering web_url("spring-websocket-867783f03d5a8005372950a4b8cac2a4.js") was successful  	[MsgId: MMSG-26390]
Action.c(770): web_url("dashboardWidget-24248f37a4de46fe75c68afd1bc9dca6.js") started  	[MsgId: MMSG-26355]
Action.c(770): Registering web_url("dashboardWidget-24248f37a4de46fe75c68afd1bc9dca6.js") was successful  	[MsgId: MMSG-26390]
Action.c(778): web_url("no-data-to-display-fc44762af3aab44deb8317659be156a6.js") started  	[MsgId: MMSG-26355]
Action.c(778): Registering web_url("no-data-to-display-fc44762af3aab44deb8317659be156a6.js") was successful  	[MsgId: MMSG-26390]
Action.c(786): web_url("fullcalendar.min-eadac4139211e13292deb9473e638d45.js") started  	[MsgId: MMSG-26355]
Action.c(786): Registering web_url("fullcalendar.min-eadac4139211e13292deb9473e638d45.js") was successful  	[MsgId: MMSG-26390]
Action.c(794): web_url("gridstack.jQueryUI.min-4850183e36adcd62a4e2c741ae857fc4.js") started  	[MsgId: MMSG-26355]
Action.c(794): Registering web_url("gridstack.jQueryUI.min-4850183e36adcd62a4e2c741ae857fc4.js") was successful  	[MsgId: MMSG-26390]
Action.c(802): web_url("gridstack.min-8243969940fd3f8d9a2116948054084f.js") started  	[MsgId: MMSG-26355]
Action.c(802): Registering web_url("gridstack.min-8243969940fd3f8d9a2116948054084f.js") was successful  	[MsgId: MMSG-26390]
Action.c(810): web_url("bootstrap-datetimepicker-5aa81b54c1dd973165b56d66567b57d6.js") started  	[MsgId: MMSG-26355]
Action.c(810): Registering web_url("bootstrap-datetimepicker-5aa81b54c1dd973165b56d66567b57d6.js") was successful  	[MsgId: MMSG-26390]
Action.c(818): web_url("dashboard-1b86cbebab89d1a42ae9eebe0fa883ad.js") started  	[MsgId: MMSG-26355]
Action.c(818): Registering web_url("dashboard-1b86cbebab89d1a42ae9eebe0fa883ad.js") was successful  	[MsgId: MMSG-26390]
Action.c(826): web_url("pushNotification-308cfd70b62333c52f5193fb7eaaafe6.js") started  	[MsgId: MMSG-26355]
Action.c(826): Registering web_url("pushNotification-308cfd70b62333c52f5193fb7eaaafe6.js") was successful  	[MsgId: MMSG-26390]
Action.c(834): web_url("calendar-4d078ca93abd6a53a6f9c1bf8f79cd54.js") started  	[MsgId: MMSG-26355]
Action.c(834): Registering web_url("calendar-4d078ca93abd6a53a6f9c1bf8f79cd54.js") was successful  	[MsgId: MMSG-26390]
Action.c(845): web_url("date_picker_template.hbs") started  	[MsgId: MMSG-26355]
Action.c(845): Registering web_url("date_picker_template.hbs") was successful  	[MsgId: MMSG-26390]
Action.c(852): web_url("jquery.core-9088768891f7d43af5ab8c8d642e5301.js") started  	[MsgId: MMSG-26355]
Action.c(852): Registering web_url("jquery.core-9088768891f7d43af5ab8c8d642e5301.js") was successful  	[MsgId: MMSG-26390]
Action.c(860): web_url("rx_common-3bec52fd16a226d99e60fd80372c8c05.js") started  	[MsgId: MMSG-26355]
Action.c(860): Registering web_url("rx_common-3bec52fd16a226d99e60fd80372c8c05.js") was successful  	[MsgId: MMSG-26390]
Action.c(868): web_url("jquery.app-9af4130ef9d8c98c078b99d2cddad130.js") started  	[MsgId: MMSG-26355]
Action.c(868): Registering web_url("jquery.app-9af4130ef9d8c98c078b99d2cddad130.js") was successful  	[MsgId: MMSG-26390]
Action.c(879): web_url("fullcalendar.print-b8f18e9775afba153b4abfbc5f9baaf6.css") started  	[MsgId: MMSG-26355]
Action.c(879): Registering web_url("fullcalendar.print-b8f18e9775afba153b4abfbc5f9baaf6.css") was successful  	[MsgId: MMSG-26390]
Action.c(893): web_url("en.json") started  	[MsgId: MMSG-26355]
Action.c(893): Registering web_url("en.json") was successful  	[MsgId: MMSG-26390]
Action.c(906): web_url("dashboard_widget.hbs") started  	[MsgId: MMSG-26355]
Action.c(906): Registering web_url("dashboard_widget.hbs") was successful  	[MsgId: MMSG-26390]
Action.c(934): web_url("caseByStatus") started  	[MsgId: MMSG-26355]
Action.c(934): Registering web_url("caseByStatus") was successful  	[MsgId: MMSG-26390]
Action.c(943): web_url("sideBar") started  	[MsgId: MMSG-26355]
Action.c(943): Registering web_url("sideBar") was successful  	[MsgId: MMSG-26390]
Action.c(952): web_url("ahaByStatus") started  	[MsgId: MMSG-26355]
Action.c(952): Registering web_url("ahaByStatus") was successful  	[MsgId: MMSG-26390]
Action.c(961): web_url("aggAlertByStatus") started  	[MsgId: MMSG-26355]
Action.c(961): Registering web_url("aggAlertByStatus") was successful  	[MsgId: MMSG-26390]
Action.c(970): web_url("alertByDueDate") started  	[MsgId: MMSG-26355]
Action.c(970): Registering web_url("alertByDueDate") was successful  	[MsgId: MMSG-26390]
Action.c(979): web_url("getProductByStatus") started  	[MsgId: MMSG-26355]
Action.c(979): Registering web_url("getProductByStatus") was successful  	[MsgId: MMSG-26390]
Action.c(988): web_url("getProductByStatus_2") started  	[MsgId: MMSG-26355]
Action.c(988): Registering web_url("getProductByStatus_2") was successful  	[MsgId: MMSG-26390]
Action.c(1000): web_url("info") started  	[MsgId: MMSG-26355]
Action.c(1000): Registering web_url("info") was successful  	[MsgId: MMSG-26390]
Action.c(1015): web_add_header("X-CSRF-TOKEN") started  	[MsgId: MMSG-26355]
Action.c(1015): web_add_header("X-CSRF-TOKEN") was successful  	[MsgId: MMSG-26392]
Action.c(1021): web_submit_data("events") started  	[MsgId: MMSG-26355]
Action.c(1021): Registering web_submit_data("events") was successful  	[MsgId: MMSG-26390]
Action.c(1049): web_url("alertList") started  	[MsgId: MMSG-26355]
Action.c(1049): Registering web_url("alertList") was successful  	[MsgId: MMSG-26390]
Action.c(1060): web_url("glyphicons-halflings-regular-448c34a56d699c29117adc64c43affeb.woff2") started  	[MsgId: MMSG-26355]
Action.c(1060): Registering web_url("glyphicons-halflings-regular-448c34a56d699c29117adc64c43affeb.woff2") was successful  	[MsgId: MMSG-26390]
Action.c(1106): web_url("signalList") started  	[MsgId: MMSG-26355]
Action.c(1106): Registering web_url("signalList") was successful  	[MsgId: MMSG-26390]
Action.c(1118): web_url("Material-Design-Iconic-Font-a2a1ba89e7f9d29f7d5aee76e8b9f7ab.woff") started  	[MsgId: MMSG-26355]
Action.c(1118): Registering web_url("Material-Design-Iconic-Font-a2a1ba89e7f9d29f7d5aee76e8b9f7ab.woff") was successful  	[MsgId: MMSG-26390]
Action.c(1129): web_url("actionList") started  	[MsgId: MMSG-26355]
Action.c(1129): Registering web_url("actionList") was successful  	[MsgId: MMSG-26390]
Action.c(1159): web_url("fontawesome-webfont-af7ae505a9eed503f8b8e6982036873e.woff2") started  	[MsgId: MMSG-26355]
Action.c(1159): Registering web_url("fontawesome-webfont-af7ae505a9eed503f8b8e6982036873e.woff2") was successful  	[MsgId: MMSG-26390]
Action.c(1170): web_url("materialdesignicons-webfont-d1bdfb3838e2f78edf1ede85f56eabc9.woff2") started  	[MsgId: MMSG-26355]
Action.c(1170): Registering web_url("materialdesignicons-webfont-d1bdfb3838e2f78edf1ede85f56eabc9.woff2") was successful  	[MsgId: MMSG-26390]
Action.c(1178): web_concurrent_end started  	[MsgId: MMSG-26355]
Action.c(1178): web_concurrent_end was successful, 1044441 body bytes, 28856 header bytes, 134 chunking overhead bytes  	[MsgId: MMSG-26385]
Action.c(1185): Notify: Transaction "S04_02_Login" ended with a "Pass" status (Duration: 15.9408 Wasted Time: 0.2772).
Action.c(1189): Notify: Transaction "S04_03_NavigateTriggeredAlertsQualitativeReview" started.
Action.c(1191): web_add_header("X-CSRF-TOKEN") started  	[MsgId: MMSG-26355]
Action.c(1191): web_add_header("X-CSRF-TOKEN") was successful  	[MsgId: MMSG-26392]
Action.c(1194): web_submit_data("saveDashboardConfig") started  	[MsgId: MMSG-26355]
Action.c(1194): web_submit_data("saveDashboardConfig") was successful, 4 body bytes, 249 header bytes, 10 chunking overhead bytes  	[MsgId: MMSG-26385]
Action.c(1210): web_remove_auto_header("X-Requested-With") started  	[MsgId: MMSG-26355]
Action.c(1210): Warning -26590: web_remove/revert_auto_header for "X-Requested-With" had no effect  	[MsgId: MWAR-26590]
Action.c(1210): web_remove/revert_auto_header("X-Requested-With") highest severity level was "warning"  	[MsgId: MMSG-26391]
Action.c(1212): web_add_auto_header("Accept") started  	[MsgId: MMSG-26355]
Action.c(1212): web_add_auto_header("Accept") was successful  	[MsgId: MMSG-26392]
Action.c(1215): web_add_header("Upgrade-Insecure-Requests") started  	[MsgId: MMSG-26355]
Action.c(1215): web_add_header("Upgrade-Insecure-Requests") was successful  	[MsgId: MMSG-26392]
Action.c(1228): web_reg_find started  	[MsgId: MMSG-26355]
Action.c(1228): Registering web_reg_find was successful  	[MsgId: MMSG-26390]
Action.c(1232): web_url("review") started  	[MsgId: MMSG-26355]
Action.c(1232): Registered web_reg_find successful for "Text=Alert Priority" (count=1)  	[MsgId: MMSG-26364]
Action.c(1232): web_url("review") was successful, 44077 body bytes, 274 header bytes, 52 chunking overhead bytes  	[MsgId: MMSG-26385]
Action.c(1241): web_concurrent_start started  	[MsgId: MMSG-26355]
Action.c(1241): web_concurrent_start was successful  	[MsgId: MMSG-26392]
Action.c(1243): web_url("deliveryOption-7f47fbed88efc00747809850e2dc4aa4.js") started  	[MsgId: MMSG-26355]
Action.c(1243): Registering web_url("deliveryOption-7f47fbed88efc00747809850e2dc4aa4.js") was successful  	[MsgId: MMSG-26390]
Action.c(1251): web_url("date_sorting-da239e7bd7a3fa5234640fc73de45906.js") started  	[MsgId: MMSG-26355]
Action.c(1251): Registering web_url("date_sorting-da239e7bd7a3fa5234640fc73de45906.js") was successful  	[MsgId: MMSG-26390]
Action.c(1259): web_url("simple_case_alert_review-00e9c3583729a51ba495c99fa9d8b592.js") started  	[MsgId: MMSG-26355]
Action.c(1259): Registering web_url("simple_case_alert_review-00e9c3583729a51ba495c99fa9d8b592.js") was successful  	[MsgId: MMSG-26390]
Action.c(1267): web_url("dataTablesActionButtons-50a104b30cb3aa5d21eb1f1f33f1d835.js") started  	[MsgId: MMSG-26355]
Action.c(1267): Registering web_url("dataTablesActionButtons-50a104b30cb3aa5d21eb1f1f33f1d835.js") was successful  	[MsgId: MMSG-26390]
Action.c(1275): web_url("jquery.dataTables.yadcf-926e48d7fd2745f397358930a160f1e9.css") started  	[MsgId: MMSG-26355]
Action.c(1275): Registering web_url("jquery.dataTables.yadcf-926e48d7fd2745f397358930a160f1e9.css") was successful  	[MsgId: MMSG-26390]
Action.c(1283): web_concurrent_end started  	[MsgId: MMSG-26355]
Action.c(1283): web_concurrent_end was successful, 11270 body bytes, 1699 header bytes  	[MsgId: MMSG-26386]
Action.c(1285): web_add_auto_header("Accept") started  	[MsgId: MMSG-26355]
Action.c(1285): web_add_auto_header("Accept") was successful  	[MsgId: MMSG-26392]
Action.c(1288): web_add_auto_header("X-Requested-With") started  	[MsgId: MMSG-26355]
Action.c(1288): web_add_auto_header("X-Requested-With") was successful  	[MsgId: MMSG-26392]
Action.c(1291): web_url("priorities") started  	[MsgId: MMSG-26355]
Action.c(1291): web_url("priorities") was successful, 965 body bytes, 256 header bytes, 12 chunking overhead bytes  	[MsgId: MMSG-26385]
Action.c(1300): web_url("workflowState") started  	[MsgId: MMSG-26355]
Action.c(1300): web_url("workflowState") was successful, 2 body bytes, 256 header bytes, 10 chunking overhead bytes  	[MsgId: MMSG-26385]
Action.c(1309): web_add_header("X-Goog-Encode-Response-If-Executable") started  	[MsgId: MMSG-26355]
Action.c(1309): web_add_header("X-Goog-Encode-Response-If-Executable") was successful  	[MsgId: MMSG-26392]
Action.c(1312): web_add_header("X-Goog-Api-Key") started  	[MsgId: MMSG-26355]
Action.c(1312): web_add_header("X-Goog-Api-Key") was successful  	[MsgId: MMSG-26392]
Action.c(1315): web_add_header("Sec-Fetch-Site") started  	[MsgId: MMSG-26355]
Action.c(1315): web_add_header("Sec-Fetch-Site") was successful  	[MsgId: MMSG-26392]
Action.c(1318): web_add_header("Sec-Fetch-Mode") started  	[MsgId: MMSG-26355]
Action.c(1318): web_add_header("Sec-Fetch-Mode") was successful  	[MsgId: MMSG-26392]
Action.c(1321): web_add_header("Sec-Fetch-Dest") started  	[MsgId: MMSG-26355]
Action.c(1321): web_add_header("Sec-Fetch-Dest") was successful  	[MsgId: MMSG-26392]
Action.c(1325): web_remove_auto_header("X-Requested-With") started  	[MsgId: MMSG-26355]
Action.c(1325): Previous automatically added web header for "X-Requested-With" removed  	[MsgId: MMSG-26587]
Action.c(1325): web_remove/revert_auto_header("X-Requested-With") was successful  	[MsgId: MMSG-26392]
Action.c(1327): web_url("info_2") started  	[MsgId: MMSG-26355]
Action.c(1327): web_url("info_2") was successful, 78 body bytes, 319 header bytes, 11 chunking overhead bytes  	[MsgId: MMSG-26385]
Action.c(1336): web_add_auto_header("X-Requested-With") started  	[MsgId: MMSG-26355]
Action.c(1336): web_add_auto_header("X-Requested-With") was successful  	[MsgId: MMSG-26392]
Action.c(1341): web_remove_auto_header("Accept") started  	[MsgId: MMSG-26355]
Action.c(1341): Previous automatically added web header for "Accept" removed  	[MsgId: MMSG-26587]
Action.c(1341): web_remove/revert_auto_header("Accept") was successful  	[MsgId: MMSG-26392]
Action.c(1343): web_add_header("Accept") started  	[MsgId: MMSG-26355]
Action.c(1343): web_add_header("Accept") was successful  	[MsgId: MMSG-26392]
Action.c(1346): web_url("listConfig") started  	[MsgId: MMSG-26355]
Action.c(1346): web_url("listConfig") was successful, 7245 body bytes, 256 header bytes, 13 chunking overhead bytes  	[MsgId: MMSG-26385]
Action.c(1360): web_remove_auto_header("X-Requested-With") started  	[MsgId: MMSG-26355]
Action.c(1360): Previous automatically added web header for "X-Requested-With" removed  	[MsgId: MMSG-26587]
Action.c(1360): web_remove/revert_auto_header("X-Requested-With") was successful  	[MsgId: MMSG-26392]
Action.c(1362): web_add_header("Cache-Control") started  	[MsgId: MMSG-26355]
Action.c(1362): web_add_header("Cache-Control") was successful  	[MsgId: MMSG-26392]
Action.c(1365): web_add_header("Pragma") started  	[MsgId: MMSG-26355]
Action.c(1365): web_add_header("Pragma") was successful  	[MsgId: MMSG-26392]
Action.c(1368): web_add_header("Upgrade") started  	[MsgId: MMSG-26355]
Action.c(1368): web_add_header("Upgrade") was successful  	[MsgId: MMSG-26392]
Action.c(1372): web_add_header("Accept") started  	[MsgId: MMSG-26355]
Action.c(1372): web_add_header("Accept") was successful  	[MsgId: MMSG-26392]
Action.c(1375): web_add_header("X-Requested-With") started  	[MsgId: MMSG-26355]
Action.c(1375): web_add_header("X-Requested-With") was successful  	[MsgId: MMSG-26392]
Action.c(1380): Notify: Transaction "S04_03_NavigateTriggeredAlertsQualitativeReview" ended with a "Pass" status (Duration: 6.0349 Wasted Time: 0.0944).
Action.c(1384): Notify: Transaction "S04_04_ClickOnAlertName" started.
Action.c(1386): web_add_header("Accept") started  	[MsgId: MMSG-26355]
Action.c(1386): Warning -26592: A header of the same name has been added already. This header is added anyway.  	[MsgId: MWAR-26592]
Action.c(1386): web_add_header("Accept") highest severity level was "warning"  	[MsgId: MMSG-26391]
Action.c(1389): web_add_header("Upgrade-Insecure-Requests") started  	[MsgId: MMSG-26355]
Action.c(1389): web_add_header("Upgrade-Insecure-Requests") was successful  	[MsgId: MMSG-26392]
Action.c(1392): web_reg_find started  	[MsgId: MMSG-26355]
Action.c(1392): Registering web_reg_find was successful  	[MsgId: MMSG-26390]
Action.c(1396): web_url("details") started  	[MsgId: MMSG-26355]
Action.c(1396): Registered web_reg_find successful for "Text=Case Series" (count=4)  	[MsgId: MMSG-26364]
Action.c(1396): web_url("details") was successful, 176444 body bytes, 274 header bytes, 181 chunking overhead bytes  	[MsgId: MMSG-26385]
Action.c(1405): web_add_header("Accept") started  	[MsgId: MMSG-26355]
Action.c(1405): web_add_header("Accept") was successful  	[MsgId: MMSG-26392]
Action.c(1408): web_concurrent_start started  	[MsgId: MMSG-26355]
Action.c(1408): web_concurrent_start was successful  	[MsgId: MMSG-26392]
Action.c(1410): web_url("highcharts-3d-65774008a3b78b30a394568a24c6af09.js") started  	[MsgId: MMSG-26355]
Action.c(1410): Registering web_url("highcharts-3d-65774008a3b78b30a394568a24c6af09.js") was successful  	[MsgId: MMSG-26390]
Action.c(1421): web_url("grid-rx-b439bf122addf135d43063a53d34f9d7.js") started  	[MsgId: MMSG-26355]
Action.c(1421): Registering web_url("grid-rx-b439bf122addf135d43063a53d34f9d7.js") was successful  	[MsgId: MMSG-26390]
Action.c(1432): web_url("highcharts-more-f214354c75a376fd86847242d26a1023.js") started  	[MsgId: MMSG-26355]
Action.c(1432): Registering web_url("highcharts-more-f214354c75a376fd86847242d26a1023.js") was successful  	[MsgId: MMSG-26390]
Action.c(1443): web_url("highcharts-de65192df8733b7a60482497a875df4c.js") started  	[MsgId: MMSG-26355]
Action.c(1443): Registering web_url("highcharts-de65192df8733b7a60482497a875df4c.js") was successful  	[MsgId: MMSG-26390]
Action.c(1454): web_url("bootbox.min-05d23d3920015845ca00414081fd0ec6.js") started  	[MsgId: MMSG-26355]
Action.c(1454): Registering web_url("bootbox.min-05d23d3920015845ca00414081fd0ec6.js") was successful  	[MsgId: MMSG-26390]
Action.c(1465): web_url("query-b27835585fd1b7c5ffd2e2c29a5ff2d7.css") started  	[MsgId: MMSG-26355]
Action.c(1465): Registering web_url("query-b27835585fd1b7c5ffd2e2c29a5ff2d7.css") was successful  	[MsgId: MMSG-26390]
Action.c(1476): web_url("businessConfiguration-731e96c2d56f6817b3602b4a92b3886f.css") started  	[MsgId: MMSG-26355]
Action.c(1476): Registering web_url("businessConfiguration-731e96c2d56f6817b3602b4a92b3886f.css") was successful  	[MsgId: MMSG-26390]
Action.c(1487): web_url("pvs_list-642eea288b57d537ccfdff6c8e0e7c6b.css") started  	[MsgId: MMSG-26355]
Action.c(1487): Registering web_url("pvs_list-642eea288b57d537ccfdff6c8e0e7c6b.css") was successful  	[MsgId: MMSG-26390]
Action.c(1498): web_url("updatedFixedColumn-4180034da606560f8555366463a750ac.css") started  	[MsgId: MMSG-26355]
Action.c(1498): Registering web_url("updatedFixedColumn-4180034da606560f8555366463a750ac.css") was successful  	[MsgId: MMSG-26390]
Action.c(1509): web_url("colReorder.dataTables.min-6c9c3520f346057281532b7b491bad4b.css") started  	[MsgId: MMSG-26355]
Action.c(1509): Registering web_url("colReorder.dataTables.min-6c9c3520f346057281532b7b491bad4b.css") was successful  	[MsgId: MMSG-26390]
Action.c(1520): web_url("datatable.colsReorder.min-f60fbf698f1fa675a29d5b361968020a.js") started  	[MsgId: MMSG-26355]
Action.c(1520): Registering web_url("datatable.colsReorder.min-f60fbf698f1fa675a29d5b361968020a.js") was successful  	[MsgId: MMSG-26390]
Action.c(1531): web_url("jquery.dataTables.yadcf-a13c93c305588bd0340c6a9901cd3492.js") started  	[MsgId: MMSG-26355]
Action.c(1531): Registering web_url("jquery.dataTables.yadcf-a13c93c305588bd0340c6a9901cd3492.js") was successful  	[MsgId: MMSG-26390]
Action.c(1542): web_url("caseHistoryTable-1e0741698f7b28dcc84eeaa5e97bc3db.js") started  	[MsgId: MMSG-26355]
Action.c(1542): Registering web_url("caseHistoryTable-1e0741698f7b28dcc84eeaa5e97bc3db.js") was successful  	[MsgId: MMSG-26390]
Action.c(1553): web_url("similarCases-313f82b9b82d3ae5fbaf40bbf9e37f17.js") started  	[MsgId: MMSG-26355]
Action.c(1553): Registering web_url("similarCases-313f82b9b82d3ae5fbaf40bbf9e37f17.js") was successful  	[MsgId: MMSG-26390]
Action.c(1564): web_url("fieldConfigurationManagement-e1a802ff9b5cad88989e761d50770b53.js") started  	[MsgId: MMSG-26355]
Action.c(1564): Registering web_url("fieldConfigurationManagement-e1a802ff9b5cad88989e761d50770b53.js") was successful  	[MsgId: MMSG-26390]
Action.c(1575): web_url("bootstrap-modal-popover-13efefa1c00b94cc73690eb7d64a74c4.js") started  	[MsgId: MMSG-26355]
Action.c(1575): Registering web_url("bootstrap-modal-popover-13efefa1c00b94cc73690eb7d64a74c4.js") was successful  	[MsgId: MMSG-26390]
Action.c(1586): web_url("single_case_alert_details-50076305d9a840e6a3de6bf721a5516a.js") started  	[MsgId: MMSG-26355]
Action.c(1586): Registering web_url("single_case_alert_details-50076305d9a840e6a3de6bf721a5516a.js") was successful  	[MsgId: MMSG-26390]
Action.c(1601): web_url("disposition-change-90ca5b153d45318b5626d8de75310b64.js") started  	[MsgId: MMSG-26355]
Action.c(1601): Registering web_url("disposition-change-90ca5b153d45318b5626d8de75310b64.js") was successful  	[MsgId: MMSG-26390]
Action.c(1612): web_url("priority-change-aab9e07e8f32d3a525b119f57b621288.js") started  	[MsgId: MMSG-26355]
Action.c(1612): Registering web_url("priority-change-aab9e07e8f32d3a525b119f57b621288.js") was successful  	[MsgId: MMSG-26390]
Action.c(1623): web_url("common_key_prevent-ef5634527119e90cc2576f0ef956085c.js") started  	[MsgId: MMSG-26355]
Action.c(1623): Registering web_url("common_key_prevent-ef5634527119e90cc2576f0ef956085c.js") was successful  	[MsgId: MMSG-26390]
Action.c(1634): web_url("caseHistoryJustification-e00adcb2bfe499584728ed2595e37611.js") started  	[MsgId: MMSG-26355]
Action.c(1634): Registering web_url("caseHistoryJustification-e00adcb2bfe499584728ed2595e37611.js") was successful  	[MsgId: MMSG-26390]
Action.c(1645): web_url("backbone-fb26971962c1315514c8ede192bc0252.js") started  	[MsgId: MMSG-26355]
Action.c(1645): Registering web_url("backbone-fb26971962c1315514c8ede192bc0252.js") was successful  	[MsgId: MMSG-26390]
Action.c(1656): web_url("underscore-98afbb17ea5a38bed2d9dd4c03c3c624.js") started  	[MsgId: MMSG-26355]
Action.c(1656): Registering web_url("underscore-98afbb17ea5a38bed2d9dd4c03c3c624.js") was successful  	[MsgId: MMSG-26390]
Action.c(1667): web_url("advancedFilterQueryBuilder-6a50d7065df84d243f869aadaf8c60eb.js") started  	[MsgId: MMSG-26355]
Action.c(1667): Registering web_url("advancedFilterQueryBuilder-6a50d7065df84d243f869aadaf8c60eb.js") was successful  	[MsgId: MMSG-26390]
Action.c(1678): web_url("to_add_container-b1b2fd25e47dbd84f82bc3c80acf5f8b.js") started  	[MsgId: MMSG-26355]
Action.c(1678): Registering web_url("to_add_container-b1b2fd25e47dbd84f82bc3c80acf5f8b.js") was successful  	[MsgId: MMSG-26390]
Action.c(1694): web_url("commonTagDetails") started  	[MsgId: MMSG-26355]
Action.c(1694): Registering web_url("commonTagDetails") was successful  	[MsgId: MMSG-26390]
Action.c(1703): web_url("viewColumnInfo") started  	[MsgId: MMSG-26355]
Action.c(1703): Registering web_url("viewColumnInfo") was successful  	[MsgId: MMSG-26390]
Action.c(1730): web_url("info_3") started  	[MsgId: MMSG-26355]
Action.c(1730): Registering web_url("info_3") was successful  	[MsgId: MMSG-26390]
Action.c(1774): web_concurrent_end started  	[MsgId: MMSG-26355]
Action.c(1774): web_concurrent_end was successful, 218582 body bytes, 9272 header bytes, 34 chunking overhead bytes  	[MsgId: MMSG-26385]
Action.c(1776): web_add_header("X-CSRF-TOKEN") started  	[MsgId: MMSG-26355]
Action.c(1776): web_add_header("X-CSRF-TOKEN") was successful  	[MsgId: MMSG-26392]
Action.c(1779): web_submit_data("17") started  	[MsgId: MMSG-26355]
Action.c(1779): web_submit_data("17") was successful, 257817 body bytes, 256 header bytes, 260 chunking overhead bytes  	[MsgId: MMSG-26385]
Action.c(2019): web_add_header("Accept") started  	[MsgId: MMSG-26355]
Action.c(2019): web_add_header("Accept") was successful  	[MsgId: MMSG-26392]
Action.c(2022): web_concurrent_start started  	[MsgId: MMSG-26355]
Action.c(2022): web_concurrent_start was successful  	[MsgId: MMSG-26392]
Action.c(2024): web_url("priority.hbs") started  	[MsgId: MMSG-26355]
Action.c(2024): Registering web_url("priority.hbs") was successful  	[MsgId: MMSG-26390]
Action.c(2031): web_add_header("Accept") started  	[MsgId: MMSG-26355]
Action.c(2031): web_add_header("Accept") was successful  	[MsgId: MMSG-26392]
Action.c(2034): web_url("action_drop_down.hbs") started  	[MsgId: MMSG-26355]
Action.c(2034): Registering web_url("action_drop_down.hbs") was successful  	[MsgId: MMSG-26390]
Action.c(2041): web_add_header("Accept") started  	[MsgId: MMSG-26355]
Action.c(2041): web_add_header("Accept") was successful  	[MsgId: MMSG-26392]
Action.c(2044): web_url("disposition.hbs") started  	[MsgId: MMSG-26355]
Action.c(2044): Registering web_url("disposition.hbs") was successful  	[MsgId: MMSG-26390]
Action.c(2051): web_concurrent_end started  	[MsgId: MMSG-26355]
Action.c(2051): web_concurrent_end was successful, 1067 body bytes, 869 header bytes  	[MsgId: MMSG-26386]
Action.c(2053): web_remove_auto_header("Origin") started  	[MsgId: MMSG-26355]
Action.c(2053): Warning -26590: web_remove/revert_auto_header for "Origin" had no effect  	[MsgId: MWAR-26590]
Action.c(2053): web_remove/revert_auto_header("Origin") highest severity level was "warning"  	[MsgId: MMSG-26391]
Action.c(2055): web_add_auto_header("Accept") started  	[MsgId: MMSG-26355]
Action.c(2055): web_add_auto_header("Accept") was successful  	[MsgId: MMSG-26392]
Action.c(2060): Notify: Transaction "S04_04_ClickOnAlertName" ended with a "Pass" status (Duration: 15.8770 Wasted Time: 0.1750).
Action.c(2065): Notify: Transaction "S04_05_SelectNCasesandClickonDisposition" started.
Action.c(2067): web_add_header("X-HTTP-Method-Override") started  	[MsgId: MMSG-26355]
Action.c(2067): web_add_header("X-HTTP-Method-Override") was successful  	[MsgId: MMSG-26392]
Action.c(2070): web_add_header("Sec-Fetch-Site") started  	[MsgId: MMSG-26355]
Action.c(2070): web_add_header("Sec-Fetch-Site") was successful  	[MsgId: MMSG-26392]
Action.c(2073): web_add_header("Sec-Fetch-Mode") started  	[MsgId: MMSG-26355]
Action.c(2073): web_add_header("Sec-Fetch-Mode") was successful  	[MsgId: MMSG-26392]
Action.c(2076): web_add_header("Sec-Fetch-Dest") started  	[MsgId: MMSG-26355]
Action.c(2076): web_add_header("Sec-Fetch-Dest") was successful  	[MsgId: MMSG-26392]
Action.c(2079): web_concurrent_start started  	[MsgId: MMSG-26355]
Action.c(2079): web_concurrent_start was successful  	[MsgId: MMSG-26392]
Action.c(2082): web_url("bulk_operation_options.hbs") started  	[MsgId: MMSG-26355]
Action.c(2082): Registering web_url("bulk_operation_options.hbs") was successful  	[MsgId: MMSG-26390]
Action.c(2089): web_concurrent_end started  	[MsgId: MMSG-26355]
Action.c(2089): web_concurrent_end was successful, 197 body bytes, 300 header bytes  	[MsgId: MMSG-26386]
Action.c(2091): web_add_auto_header("Accept") started  	[MsgId: MMSG-26355]
Action.c(2091): web_add_auto_header("Accept") was successful  	[MsgId: MMSG-26392]
Action.c(2094): web_add_auto_header("X-CSRF-TOKEN") started  	[MsgId: MMSG-26355]
Action.c(2094): web_add_auto_header("X-CSRF-TOKEN") was successful  	[MsgId: MMSG-26392]
Action.c(2097): web_submit_data("changeDisposition") started  	[MsgId: MMSG-26355]
Action.c(2097): web_submit_data("changeDisposition") was successful, 53 body bytes, 256 header bytes, 11 chunking overhead bytes  	[MsgId: MMSG-26385]
Action.c(2112): web_submit_data("17_2") started  	[MsgId: MMSG-26355]
Action.c(2112): web_submit_data("17_2") was successful, 249009 body bytes, 256 header bytes, 252 chunking overhead bytes  	[MsgId: MMSG-26385]
Action.c(2352): web_remove_auto_header("Origin") started  	[MsgId: MMSG-26355]
Action.c(2352): Warning -26590: web_remove/revert_auto_header for "Origin" had no effect  	[MsgId: MWAR-26590]
Action.c(2352): web_remove/revert_auto_header("Origin") highest severity level was "warning"  	[MsgId: MMSG-26391]
Action.c(2354): web_remove_auto_header("X-CSRF-TOKEN") started  	[MsgId: MMSG-26355]
Action.c(2354): Previous automatically added web header for "X-CSRF-TOKEN" removed  	[MsgId: MMSG-26587]
Action.c(2354): web_remove/revert_auto_header("X-CSRF-TOKEN") was successful  	[MsgId: MMSG-26392]
Action.c(2356): web_add_auto_header("Accept") started  	[MsgId: MMSG-26355]
Action.c(2356): web_add_auto_header("Accept") was successful  	[MsgId: MMSG-26392]
Action.c(2360): Notify: Transaction "S04_05_SelectNCasesandClickonDisposition" ended with a "Pass" status (Duration: 5.1993 Wasted Time: 0.0925).
Action.c(2365): Notify: Transaction "S04_07_Logout" started.
Action.c(2367): web_url("discardTempChanges") started  	[MsgId: MMSG-26355]
Action.c(2367): web_url("discardTempChanges") was successful, 0 body bytes, 210 header bytes, 5 chunking overhead bytes  	[MsgId: MMSG-26385]
Action.c(2375): web_remove_auto_header("X-Requested-With") started  	[MsgId: MMSG-26355]
Action.c(2375): Warning -26590: web_remove/revert_auto_header for "X-Requested-With" had no effect  	[MsgId: MWAR-26590]
Action.c(2375): web_remove/revert_auto_header("X-Requested-With") highest severity level was "warning"  	[MsgId: MMSG-26391]
Action.c(2377): web_add_auto_header("Accept") started  	[MsgId: MMSG-26355]
Action.c(2377): web_add_auto_header("Accept") was successful  	[MsgId: MMSG-26392]
Action.c(2380): web_add_header("Upgrade-Insecure-Requests") started  	[MsgId: MMSG-26355]
Action.c(2380): web_add_header("Upgrade-Insecure-Requests") was successful  	[MsgId: MMSG-26392]
Action.c(2383): web_reg_find started  	[MsgId: MMSG-26355]
Action.c(2383): Registering web_reg_find was successful  	[MsgId: MMSG-26390]
Action.c(2387): web_url("index") started  	[MsgId: MMSG-26355]
Action.c(2387): Redirecting "http://10.100.22.24:8181/signal/logout/index" (redirection depth is 0)  	[MsgId: MMSG-26694]
Action.c(2387): To location "http://10.100.22.24:8181/signal/logoff"  	[MsgId: MMSG-26693]
Action.c(2387): Redirecting "http://10.100.22.24:8181/signal/logoff" (redirection depth is 1)  	[MsgId: MMSG-26694]
Action.c(2387): To location "http://10.100.22.24:8181/signal/login/auth"  	[MsgId: MMSG-26693]
Action.c(2387): Registered web_reg_find successful for "Text=Login" (count=1)  	[MsgId: MMSG-26364]
Action.c(2387): web_url("index") was successful, 2397 body bytes, 914 header bytes, 17 chunking overhead bytes  	[MsgId: MMSG-26385]
Action.c(2396): Notify: Transaction "S04_07_Logout" ended with a "Pass" status (Duration: 2.2947 Wasted Time: 0.0210).
Ending action Action.
Ending iteration 1.
Ending Vuser...
Starting action vuser_end.
Ending action vuser_end.
Vuser Terminated.
