Virtual User Script started at: 27-05-2020 18:51:12
Starting action vuser_init.
Web Turbo Replay of LoadRunner 2020.0.0 for Windows 10; build 793 (Nov 27 2019 19:51:20)  	[MsgId: MMSG-26983]
Run mode: HTML  	[MsgId: MMSG-26993]
Replay user agent: Mozilla/5.0 (Windows NT 10.0; Win64; x64) AppleWebKit/537.36 (KHTML, like Gecko) Chrome/81.0.4044.138 Safari/537.36  	[MsgId: MMSG-26988]
Runtime Settings file: "C:\Project\PVS\Scripts\S07_ViewDashboard\\default.cfg"  	[MsgId: MMSG-27141]
Ending action vuser_init.
Running Vuser...
Starting iteration 1.
Starting action Action.
Action.c(4): web_set_sockets_option started  	[MsgId: MMSG-26355]
Action.c(4): web_set_sockets_option was successful  	[MsgId: MMSG-26392]
Action.c(6): web_set_max_html_param_len started  	[MsgId: MMSG-26355]
Action.c(6): web_set_max_html_param_len was successful  	[MsgId: MMSG-26392]
Action.c(8): Notify: Transaction "S07_T01_OpenApplication" started.
Action.c(10): web_add_header("Accept-Encoding") started  	[MsgId: MMSG-26355]
Action.c(10): web_add_header("Accept-Encoding") was successful  	[MsgId: MMSG-26392]
Action.c(13): web_add_header("Accept") started  	[MsgId: MMSG-26355]
Action.c(13): web_add_header("Accept") was successful  	[MsgId: MMSG-26392]
Action.c(16): web_add_auto_header("Accept-Language") started  	[MsgId: MMSG-26355]
Action.c(16): web_add_auto_header("Accept-Language") was successful  	[MsgId: MMSG-26392]
Action.c(19): web_add_header("Upgrade-Insecure-Requests") started  	[MsgId: MMSG-26355]
Action.c(19): web_add_header("Upgrade-Insecure-Requests") was successful  	[MsgId: MMSG-26392]
Action.c(22): web_add_auto_header("User-Agent") started  	[MsgId: MMSG-26355]
Action.c(22): web_add_auto_header("User-Agent") was successful  	[MsgId: MMSG-26392]
Action.c(38): web_reg_save_param_ex started  	[MsgId: MMSG-26355]
Action.c(38): Registering web_reg_save_param_ex was successful  	[MsgId: MMSG-26390]
Action.c(47): web_reg_find started  	[MsgId: MMSG-26355]
Action.c(47): Registering web_reg_find was successful  	[MsgId: MMSG-26390]
Action.c(51): web_url("signal") started  	[MsgId: MMSG-26355]
Action.c(51): Redirecting "http://10.100.22.24:8181/signal" (redirection depth is 0)  	[MsgId: MMSG-26694]
Action.c(51): To location "http://10.100.22.24:8181/signal/"  	[MsgId: MMSG-26693]
Action.c(51): Redirecting "http://10.100.22.24:8181/signal/" (redirection depth is 1)  	[MsgId: MMSG-26694]
Action.c(51): To location "http://10.100.22.24:8181/signal/login/auth"  	[MsgId: MMSG-26693]
Action.c(51): Registered web_reg_find successful for "Text=Login" (count=1)  	[MsgId: MMSG-26364]
Action.c(51): web_url("signal") was successful, 2397 body bytes, 586 header bytes, 17 chunking overhead bytes  	[MsgId: MMSG-26385]
Action.c(60): web_add_auto_header("Accept-Encoding") started  	[MsgId: MMSG-26355]
Action.c(60): web_add_auto_header("Accept-Encoding") was successful  	[MsgId: MMSG-26392]
Action.c(67): web_remove_auto_header("Sec-Fetch-Dest") started  	[MsgId: MMSG-26355]
Action.c(67): Warning -26590: web_remove/revert_auto_header for "Sec-Fetch-Dest" had no effect  	[MsgId: MWAR-26590]
Action.c(67): web_remove/revert_auto_header("Sec-Fetch-Dest") highest severity level was "warning"  	[MsgId: MMSG-26391]
Action.c(69): web_remove_auto_header("Sec-Fetch-Mode") started  	[MsgId: MMSG-26355]
Action.c(69): Warning -26590: web_remove/revert_auto_header for "Sec-Fetch-Mode" had no effect  	[MsgId: MWAR-26590]
Action.c(69): web_remove/revert_auto_header("Sec-Fetch-Mode") highest severity level was "warning"  	[MsgId: MMSG-26391]
Action.c(71): web_remove_auto_header("Sec-Fetch-Site") started  	[MsgId: MMSG-26355]
Action.c(71): Warning -26590: web_remove/revert_auto_header for "Sec-Fetch-Site" had no effect  	[MsgId: MWAR-26590]
Action.c(71): web_remove/revert_auto_header("Sec-Fetch-Site") highest severity level was "warning"  	[MsgId: MMSG-26391]
Action.c(73): web_add_header("Accept") started  	[MsgId: MMSG-26355]
Action.c(73): web_add_header("Accept") was successful  	[MsgId: MMSG-26392]
Action.c(76): web_add_auto_header("Accept-Encoding") started  	[MsgId: MMSG-26355]
Action.c(76): web_add_auto_header("Accept-Encoding") was successful  	[MsgId: MMSG-26392]
Action.c(79): web_url("login-23162286b278bf1e48cb0201c9e9a644.css") started  	[MsgId: MMSG-26355]
Action.c(79): web_url("login-23162286b278bf1e48cb0201c9e9a644.css") was successful, 924 body bytes, 299 header bytes  	[MsgId: MMSG-26386]
Action.c(87): web_add_header("Sec-Fetch-Site") started  	[MsgId: MMSG-26355]
Action.c(87): web_add_header("Sec-Fetch-Site") was successful  	[MsgId: MMSG-26392]
Action.c(90): web_add_header("Sec-Fetch-Mode") started  	[MsgId: MMSG-26355]
Action.c(90): web_add_header("Sec-Fetch-Mode") was successful  	[MsgId: MMSG-26392]
Action.c(93): web_add_header("Sec-Fetch-Dest") started  	[MsgId: MMSG-26355]
Action.c(93): web_add_header("Sec-Fetch-Dest") was successful  	[MsgId: MMSG-26392]
Action.c(97): web_add_header("Accept") started  	[MsgId: MMSG-26355]
Action.c(97): web_add_header("Accept") was successful  	[MsgId: MMSG-26392]
Action.c(100): web_url("application-b6b2fa3a918957eb49ac1c12c36b30ec.js") started  	[MsgId: MMSG-26355]
Action.c(100): web_url("application-b6b2fa3a918957eb49ac1c12c36b30ec.js") was successful, 8786 body bytes, 319 header bytes  	[MsgId: MMSG-26386]
Action.c(108): web_remove_auto_header("Accept-Language") started  	[MsgId: MMSG-26355]
Action.c(108): Previous automatically added web header for "Accept-Language" removed  	[MsgId: MMSG-26587]
Action.c(108): web_remove/revert_auto_header("Accept-Language") was successful  	[MsgId: MMSG-26392]
Action.c(110): web_add_auto_header("Accept-Encoding") started  	[MsgId: MMSG-26355]
Action.c(110): web_add_auto_header("Accept-Encoding") was successful  	[MsgId: MMSG-26392]
Action.c(113): web_add_header("A-IM") started  	[MsgId: MMSG-26355]
Action.c(113): web_add_header("A-IM") was successful  	[MsgId: MMSG-26392]
Action.c(116): web_add_header("If-None-Match") started  	[MsgId: MMSG-26355]
Action.c(116): Warning -26594: The header being added may cause unpredictable results if applied to ALL the URLs generated on behalf of the next script function. It will apply to the primary URL only.  	[MsgId: MWAR-26594]
Action.c(116): web_add_header("If-None-Match") highest severity level was "warning"  	[MsgId: MMSG-26391]
Action.c(119): web_add_header("Sec-Fetch-Dest") started  	[MsgId: MMSG-26355]
Action.c(119): web_add_header("Sec-Fetch-Dest") was successful  	[MsgId: MMSG-26392]
Action.c(122): web_add_header("Sec-Fetch-Mode") started  	[MsgId: MMSG-26355]
Action.c(122): web_add_header("Sec-Fetch-Mode") was successful  	[MsgId: MMSG-26392]
Action.c(125): web_add_header("Sec-Fetch-Site") started  	[MsgId: MMSG-26355]
Action.c(125): web_add_header("Sec-Fetch-Site") was successful  	[MsgId: MMSG-26392]
Action.c(130): web_add_auto_header("Accept-Encoding") started  	[MsgId: MMSG-26355]
Action.c(130): web_add_auto_header("Accept-Encoding") was successful  	[MsgId: MMSG-26392]
Action.c(133): web_add_header("Accept") started  	[MsgId: MMSG-26355]
Action.c(133): web_add_header("Accept") was successful  	[MsgId: MMSG-26392]
Action.c(136): web_add_auto_header("Accept-Language") started  	[MsgId: MMSG-26355]
Action.c(136): web_add_auto_header("Accept-Language") was successful  	[MsgId: MMSG-26392]
Action.c(139): web_url("application-20282e3e3fad9c329f1728b037973a74.css") started  	[MsgId: MMSG-26355]
Action.c(139): web_url("application-20282e3e3fad9c329f1728b037973a74.css") was successful, 133571 body bytes, 308 header bytes  	[MsgId: MMSG-26386]
Action.c(147): web_add_auto_header("User-Agent") started  	[MsgId: MMSG-26355]
Action.c(147): web_add_auto_header("User-Agent") was successful  	[MsgId: MMSG-26392]
Action.c(150): web_add_auto_header("Accept-Encoding") started  	[MsgId: MMSG-26355]
Action.c(150): web_add_auto_header("Accept-Encoding") was successful  	[MsgId: MMSG-26392]
Action.c(153): web_add_header("Cache-Control") started  	[MsgId: MMSG-26355]
Action.c(153): web_add_header("Cache-Control") was successful  	[MsgId: MMSG-26392]
Action.c(156): web_add_header("Content-Encoding") started  	[MsgId: MMSG-26355]
Action.c(156): Warning -26594: The header being added may cause unpredictable results if applied to ALL the URLs generated on behalf of the next script function. It will apply to the primary URL only.  	[MsgId: MWAR-26594]
Action.c(156): web_add_header("Content-Encoding") highest severity level was "warning"  	[MsgId: MMSG-26391]
Action.c(159): web_add_header("Pragma") started  	[MsgId: MMSG-26355]
Action.c(159): web_add_header("Pragma") was successful  	[MsgId: MMSG-26392]
Action.c(162): web_add_auto_header("Sec-Fetch-Dest") started  	[MsgId: MMSG-26355]
Action.c(162): web_add_auto_header("Sec-Fetch-Dest") was successful  	[MsgId: MMSG-26392]
Action.c(165): web_add_auto_header("Sec-Fetch-Mode") started  	[MsgId: MMSG-26355]
Action.c(165): web_add_auto_header("Sec-Fetch-Mode") was successful  	[MsgId: MMSG-26392]
Action.c(168): web_add_auto_header("Sec-Fetch-Site") started  	[MsgId: MMSG-26355]
Action.c(168): web_add_auto_header("Sec-Fetch-Site") was successful  	[MsgId: MMSG-26392]
Action.c(172): web_add_auto_header("User-Agent") started  	[MsgId: MMSG-26355]
Action.c(172): web_add_auto_header("User-Agent") was successful  	[MsgId: MMSG-26392]
Action.c(176): web_add_header("Origin") started  	[MsgId: MMSG-26355]
Action.c(176): web_add_header("Origin") was successful  	[MsgId: MMSG-26392]
Action.c(179): web_add_header("Accept") started  	[MsgId: MMSG-26355]
Action.c(179): web_add_header("Accept") was successful  	[MsgId: MMSG-26392]
Action.c(182): web_concurrent_start started  	[MsgId: MMSG-26355]
Action.c(182): web_concurrent_start was successful  	[MsgId: MMSG-26392]
Action.c(184): web_url("OpenSans-Regular-55835483c304eaa8477fea2c36abba17.woff2") started  	[MsgId: MMSG-26355]
Action.c(184): Registering web_url("OpenSans-Regular-55835483c304eaa8477fea2c36abba17.woff2") was successful  	[MsgId: MMSG-26390]
Action.c(192): web_add_header("X-Goog-Encode-Response-If-Executable") started  	[MsgId: MMSG-26355]
Action.c(192): web_add_header("X-Goog-Encode-Response-If-Executable") was successful  	[MsgId: MMSG-26392]
Action.c(195): web_add_header("X-Goog-Api-Key") started  	[MsgId: MMSG-26355]
Action.c(195): web_add_header("X-Goog-Api-Key") was successful  	[MsgId: MMSG-26392]
Action.c(199): web_concurrent_end started  	[MsgId: MMSG-26355]
Action.c(199): web_concurrent_end was successful, 47049 body bytes, 316 header bytes  	[MsgId: MMSG-26386]
Action.c(202): web_add_header("X-Goog-Update-Updater") started  	[MsgId: MMSG-26355]
Action.c(202): web_add_header("X-Goog-Update-Updater") was successful  	[MsgId: MMSG-26392]
Action.c(205): web_add_auto_header("X-Goog-Update-Interactivity") started  	[MsgId: MMSG-26355]
Action.c(205): web_add_auto_header("X-Goog-Update-Interactivity") was successful  	[MsgId: MMSG-26392]
Action.c(208): Notify: Transaction "S07_T01_OpenApplication" ended with a "Pass" status (Duration: 7.3824 Wasted Time: 0.3324).
Action.c(223): Notify: Transaction "S07_T02_Login" started.
Action.c(225): web_remove_auto_header("Sec-Fetch-Dest") started  	[MsgId: MMSG-26355]
Action.c(225): Previous automatically added web header for "Sec-Fetch-Dest" removed  	[MsgId: MMSG-26587]
Action.c(225): web_remove/revert_auto_header("Sec-Fetch-Dest") was successful  	[MsgId: MMSG-26392]
Action.c(227): web_remove_auto_header("Sec-Fetch-Mode") started  	[MsgId: MMSG-26355]
Action.c(227): Previous automatically added web header for "Sec-Fetch-Mode" removed  	[MsgId: MMSG-26587]
Action.c(227): web_remove/revert_auto_header("Sec-Fetch-Mode") was successful  	[MsgId: MMSG-26392]
Action.c(229): web_remove_auto_header("Sec-Fetch-Site") started  	[MsgId: MMSG-26355]
Action.c(229): Previous automatically added web header for "Sec-Fetch-Site" removed  	[MsgId: MMSG-26587]
Action.c(229): web_remove/revert_auto_header("Sec-Fetch-Site") was successful  	[MsgId: MMSG-26392]
Action.c(231): web_remove_auto_header("X-Goog-Update-Interactivity") started  	[MsgId: MMSG-26355]
Action.c(231): Previous automatically added web header for "X-Goog-Update-Interactivity" removed  	[MsgId: MMSG-26587]
Action.c(231): web_remove/revert_auto_header("X-Goog-Update-Interactivity") was successful  	[MsgId: MMSG-26392]
Action.c(233): web_add_header("Accept") started  	[MsgId: MMSG-26355]
Action.c(233): web_add_header("Accept") was successful  	[MsgId: MMSG-26392]
Action.c(236): web_add_auto_header("Accept-Language") started  	[MsgId: MMSG-26355]
Action.c(236): web_add_auto_header("Accept-Language") was successful  	[MsgId: MMSG-26392]
Action.c(239): web_add_auto_header("Accept-Encoding") started  	[MsgId: MMSG-26355]
Action.c(239): web_add_auto_header("Accept-Encoding") was successful  	[MsgId: MMSG-26392]
Action.c(242): web_add_header("Cache-Control") started  	[MsgId: MMSG-26355]
Action.c(242): web_add_header("Cache-Control") was successful  	[MsgId: MMSG-26392]
Action.c(245): web_add_header("Origin") started  	[MsgId: MMSG-26355]
Action.c(245): web_add_header("Origin") was successful  	[MsgId: MMSG-26392]
Action.c(248): web_add_header("Upgrade-Insecure-Requests") started  	[MsgId: MMSG-26355]
Action.c(248): web_add_header("Upgrade-Insecure-Requests") was successful  	[MsgId: MMSG-26392]
Action.c(251): web_reg_find started  	[MsgId: MMSG-26355]
Action.c(251): Registering web_reg_find was successful  	[MsgId: MMSG-26390]
Action.c(256): web_reg_save_param_ex started  	[MsgId: MMSG-26355]
Action.c(256): Registering web_reg_save_param_ex was successful  	[MsgId: MMSG-26390]
Action.c(265): web_submit_data("authenticate") started  	[MsgId: MMSG-26355]
Action.c(265): Redirecting "http://10.100.22.24:8181/signal/login/authenticate" (redirection depth is 0)  	[MsgId: MMSG-26694]
Action.c(265): To location "http://10.100.22.24:8181/signal/"  	[MsgId: MMSG-26693]
Action.c(265): Registered web_reg_find successful for "Text=Dashboard" (count=8)  	[MsgId: MMSG-26364]
Action.c(265): web_submit_data("authenticate") was successful, 78348 body bytes, 474 header bytes, 85 chunking overhead bytes  	[MsgId: MMSG-26385]
Action.c(278): web_add_header("Accept") started  	[MsgId: MMSG-26355]
Action.c(278): web_add_header("Accept") was successful  	[MsgId: MMSG-26392]
Action.c(281): web_concurrent_start started  	[MsgId: MMSG-26355]
Action.c(281): web_concurrent_start was successful  	[MsgId: MMSG-26392]
Action.c(283): web_url("theme_gradient_blue-82b8663def72c9ceff32d61e0b4a5253.css") started  	[MsgId: MMSG-26355]
Action.c(283): Registering web_url("theme_gradient_blue-82b8663def72c9ceff32d61e0b4a5253.css") was successful  	[MsgId: MMSG-26390]
Action.c(294): web_url("pvs_app_css-794a4a77a2a4bcc45fa913cd043a5ab3.css") started  	[MsgId: MMSG-26355]
Action.c(294): Registering web_url("pvs_app_css-794a4a77a2a4bcc45fa913cd043a5ab3.css") was successful  	[MsgId: MMSG-26390]
Action.c(305): web_url("pvs_508c-fd4a301235dfeff417d96bed64e8429d.css") started  	[MsgId: MMSG-26355]
Action.c(305): Registering web_url("pvs_508c-fd4a301235dfeff417d96bed64e8429d.css") was successful  	[MsgId: MMSG-26390]
Action.c(316): web_url("modernizr.min-23fa28ce275880746945a2305077eebc.js") started  	[MsgId: MMSG-26355]
Action.c(316): Registering web_url("modernizr.min-23fa28ce275880746945a2305077eebc.js") was successful  	[MsgId: MMSG-26390]
Action.c(327): web_url("gridstack.min-82a5fabd01f65ac4b5e87078091be104.css") started  	[MsgId: MMSG-26355]
Action.c(327): Registering web_url("gridstack.min-82a5fabd01f65ac4b5e87078091be104.css") was successful  	[MsgId: MMSG-26390]
Action.c(338): web_url("materialdesignicons-2f254cfdb2b23bcf596ab766574b3675.css") started  	[MsgId: MMSG-26355]
Action.c(338): Registering web_url("materialdesignicons-2f254cfdb2b23bcf596ab766574b3675.css") was successful  	[MsgId: MMSG-26390]
Action.c(349): web_url("dashboard-7d6d721454def651262f344c8062d5e4.css") started  	[MsgId: MMSG-26355]
Action.c(349): Registering web_url("dashboard-7d6d721454def651262f344c8062d5e4.css") was successful  	[MsgId: MMSG-26390]
Action.c(360): web_url("workflowModal-8863a855e0d38b1c16a0b929c87a1eb2.css") started  	[MsgId: MMSG-26355]
Action.c(360): Registering web_url("workflowModal-8863a855e0d38b1c16a0b929c87a1eb2.css") was successful  	[MsgId: MMSG-26390]
Action.c(371): web_url("bootstrap-datetimepicker-c0f52e788c9b52855aeb720838b56db9.css") started  	[MsgId: MMSG-26355]
Action.c(371): Registering web_url("bootstrap-datetimepicker-c0f52e788c9b52855aeb720838b56db9.css") was successful  	[MsgId: MMSG-26390]
Action.c(382): web_url("fullcalendar.min-537e31219634a1a50bfc6c265c08a05f.css") started  	[MsgId: MMSG-26355]
Action.c(382): Registering web_url("fullcalendar.min-537e31219634a1a50bfc6c265c08a05f.css") was successful  	[MsgId: MMSG-26390]
Action.c(393): web_url("jquery-2.2.4-986b7af813adeaf9e589ef20bcc97bb0.js") started  	[MsgId: MMSG-26355]
Action.c(393): Registering web_url("jquery-2.2.4-986b7af813adeaf9e589ef20bcc97bb0.js") was successful  	[MsgId: MMSG-26390]
Action.c(404): web_url("jquery.i18n-61406922e05804e4abe8c8360ec862fa.js") started  	[MsgId: MMSG-26355]
Action.c(404): Registering web_url("jquery.i18n-61406922e05804e4abe8c8360ec862fa.js") was successful  	[MsgId: MMSG-26390]
Action.c(415): web_url("underscore.min-e6d41cd714673035a7f8a65c30f3dcb1.js") started  	[MsgId: MMSG-26355]
Action.c(415): Registering web_url("underscore.min-e6d41cd714673035a7f8a65c30f3dcb1.js") was successful  	[MsgId: MMSG-26390]
Action.c(426): web_url("bootstrap.min-3f6aa77f4768de267c35a96028599ce3.js") started  	[MsgId: MMSG-26355]
Action.c(426): Registering web_url("bootstrap.min-3f6aa77f4768de267c35a96028599ce3.js") was successful  	[MsgId: MMSG-26390]
Action.c(437): web_url("moment-434aaa1704890766125108c94efbb50c.js") started  	[MsgId: MMSG-26355]
Action.c(437): Registering web_url("moment-434aaa1704890766125108c94efbb50c.js") was successful  	[MsgId: MMSG-26390]
Action.c(448): web_url("popover.min-a48d28e289c6932042ffa0ab05e7bf68.js") started  	[MsgId: MMSG-26355]
Action.c(448): Registering web_url("popover.min-a48d28e289c6932042ffa0ab05e7bf68.js") was successful  	[MsgId: MMSG-26390]
Action.c(459): web_url("momentTimezones-with-data-c15ec3e27a3263556fdbb96b61f9206f.js") started  	[MsgId: MMSG-26355]
Action.c(459): Registering web_url("momentTimezones-with-data-c15ec3e27a3263556fdbb96b61f9206f.js") was successful  	[MsgId: MMSG-26390]
Action.c(470): web_url("select2-911832dffdffb9e7bafb38412a68f445.js") started  	[MsgId: MMSG-26355]
Action.c(470): Registering web_url("select2-911832dffdffb9e7bafb38412a68f445.js") was successful  	[MsgId: MMSG-26390]
Action.c(481): web_url("jquery-ui.min-b0582f2d27fdc676c34681e0c96aac0c.js") started  	[MsgId: MMSG-26355]
Action.c(481): Registering web_url("jquery-ui.min-b0582f2d27fdc676c34681e0c96aac0c.js") was successful  	[MsgId: MMSG-26390]
Action.c(492): web_url("momentlocales-bd0407faadf015b0c0b0d49b831aeb7b.js") started  	[MsgId: MMSG-26355]
Action.c(492): Registering web_url("momentlocales-bd0407faadf015b0c0b0d49b831aeb7b.js") was successful  	[MsgId: MMSG-26390]
Action.c(503): web_url("fuelux.min-d30fb133a2493fadc38faabf3f226bc4.js") started  	[MsgId: MMSG-26355]
Action.c(503): Registering web_url("fuelux.min-d30fb133a2493fadc38faabf3f226bc4.js") was successful  	[MsgId: MMSG-26390]
Action.c(514): web_url("dataTables.bootstrap-93e0b2f3576484b422f6e4a29b3e6037.js") started  	[MsgId: MMSG-26355]
Action.c(514): Registering web_url("dataTables.bootstrap-93e0b2f3576484b422f6e4a29b3e6037.js") was successful  	[MsgId: MMSG-26390]
Action.c(525): web_url("dataTables.bootstrapPagination-d133da3f3570036f8532207affa78bd9.js") started  	[MsgId: MMSG-26355]
Action.c(525): Registering web_url("dataTables.bootstrapPagination-d133da3f3570036f8532207affa78bd9.js") was successful  	[MsgId: MMSG-26390]
Action.c(536): web_url("datetime-moment-3fa3fc8eaf60abe3fae2bae2fb4328b0.js") started  	[MsgId: MMSG-26355]
Action.c(536): Registering web_url("datetime-moment-3fa3fc8eaf60abe3fae2bae2fb4328b0.js") was successful  	[MsgId: MMSG-26390]
Action.c(547): web_url("dataTables.fixedColumns.min-acc90a700b69150380759567188a8cd0.js") started  	[MsgId: MMSG-26355]
Action.c(547): Registering web_url("dataTables.fixedColumns.min-acc90a700b69150380759567188a8cd0.js") was successful  	[MsgId: MMSG-26390]
Action.c(558): web_url("jquery.dataTables_custom-8dad82f79087bc7c28eeb9b403e756b8.js") started  	[MsgId: MMSG-26355]
Action.c(558): Registering web_url("jquery.dataTables_custom-8dad82f79087bc7c28eeb9b403e756b8.js") was successful  	[MsgId: MMSG-26390]
Action.c(569): web_url("spinner.min-6f6eab72fd2531bea7514cc0d9830665.js") started  	[MsgId: MMSG-26355]
Action.c(569): Registering web_url("spinner.min-6f6eab72fd2531bea7514cc0d9830665.js") was successful  	[MsgId: MMSG-26390]
Action.c(580): web_url("jquery.multi-select2.0-c2649a518d094dac8d3e66aaba1e4501.js") started  	[MsgId: MMSG-26355]
Action.c(580): Registering web_url("jquery.multi-select2.0-c2649a518d094dac8d3e66aaba1e4501.js") was successful  	[MsgId: MMSG-26390]
Action.c(591): web_url("wow.min-237e66d720861f3cc99ee444887b7c32.js") started  	[MsgId: MMSG-26355]
Action.c(591): Registering web_url("wow.min-237e66d720861f3cc99ee444887b7c32.js") was successful  	[MsgId: MMSG-26390]
Action.c(602): web_url("fastclick-c74606809464116f3413064b0e200023.js") started  	[MsgId: MMSG-26355]
Action.c(602): Registering web_url("fastclick-c74606809464116f3413064b0e200023.js") was successful  	[MsgId: MMSG-26390]
Action.c(613): web_url("jquery.nicescroll-09e3ca9889499cfb15271ad8dc51f842.js") started  	[MsgId: MMSG-26355]
Action.c(613): Registering web_url("jquery.nicescroll-09e3ca9889499cfb15271ad8dc51f842.js") was successful  	[MsgId: MMSG-26390]
Action.c(624): web_url("detect-fd56173b9f1574612026ca4bd0f9ce20.js") started  	[MsgId: MMSG-26355]
Action.c(624): Registering web_url("detect-fd56173b9f1574612026ca4bd0f9ce20.js") was successful  	[MsgId: MMSG-26390]
Action.c(635): web_url("jquery.slimscroll-6a314b5f0344bf7ef8e1e0c948bb75f9.js") started  	[MsgId: MMSG-26355]
Action.c(635): Registering web_url("jquery.slimscroll-6a314b5f0344bf7ef8e1e0c948bb75f9.js") was successful  	[MsgId: MMSG-26390]
Action.c(646): web_url("jquery.scrollTo.min-240b8d54661c5e0500b96b9594d60b62.js") started  	[MsgId: MMSG-26355]
Action.c(646): Registering web_url("jquery.scrollTo.min-240b8d54661c5e0500b96b9594d60b62.js") was successful  	[MsgId: MMSG-26390]
Action.c(657): web_url("jquery.blockUI-7aa9ac8e34d97a945dbf467d99fda834.js") started  	[MsgId: MMSG-26355]
Action.c(657): Registering web_url("jquery.blockUI-7aa9ac8e34d97a945dbf467d99fda834.js") was successful  	[MsgId: MMSG-26390]
Action.c(668): web_url("notify.min-1dba61fec15a5d71814b2c2cb69f65bf.js") started  	[MsgId: MMSG-26355]
Action.c(668): Registering web_url("notify.min-1dba61fec15a5d71814b2c2cb69f65bf.js") was successful  	[MsgId: MMSG-26390]
Action.c(679): web_url("sweet-alert.min-792598f1e6bac9b4f7cc6f060ae6b454.js") started  	[MsgId: MMSG-26355]
Action.c(679): Registering web_url("sweet-alert.min-792598f1e6bac9b4f7cc6f060ae6b454.js") was successful  	[MsgId: MMSG-26390]
Action.c(690): web_url("notify-metro-9a1cf25a956b601aedd486c779986df7.js") started  	[MsgId: MMSG-26355]
Action.c(690): Registering web_url("notify-metro-9a1cf25a956b601aedd486c779986df7.js") was successful  	[MsgId: MMSG-26390]
Action.c(701): web_url("rx-notify-db0528274130516c271389cccac65e17.js") started  	[MsgId: MMSG-26355]
Action.c(701): Registering web_url("rx-notify-db0528274130516c271389cccac65e17.js") was successful  	[MsgId: MMSG-26390]
Action.c(712): web_url("bootstrap-uploader-265e387a3ec58973abdfae04a79862b2.js") started  	[MsgId: MMSG-26355]
Action.c(712): Registering web_url("bootstrap-uploader-265e387a3ec58973abdfae04a79862b2.js") was successful  	[MsgId: MMSG-26390]
Action.c(723): web_url("jquery.counterup.min-86f52f47d4c325261bf7d36b09dcf216.js") started  	[MsgId: MMSG-26355]
Action.c(723): Registering web_url("jquery.counterup.min-86f52f47d4c325261bf7d36b09dcf216.js") was successful  	[MsgId: MMSG-26390]
Action.c(734): web_url("jquery.waypoints.min-4471999ef1b83a94d41d3cebb887c349.js") started  	[MsgId: MMSG-26355]
Action.c(734): Registering web_url("jquery.waypoints.min-4471999ef1b83a94d41d3cebb887c349.js") was successful  	[MsgId: MMSG-26390]
Action.c(745): web_url("bootstrap-switch-732d14990dba7f4fff6b5b441177c905.js") started  	[MsgId: MMSG-26355]
Action.c(745): Registering web_url("bootstrap-switch-732d14990dba7f4fff6b5b441177c905.js") was successful  	[MsgId: MMSG-26390]
Action.c(756): web_url("handlebars-v4.0.5-8ad4263f81c714ada4985affb687f12b.js") started  	[MsgId: MMSG-26355]
Action.c(756): Registering web_url("handlebars-v4.0.5-8ad4263f81c714ada4985affb687f12b.js") was successful  	[MsgId: MMSG-26390]
Action.c(767): web_url("jquery.ba-throttle-debounce-876f6988f0a240fd9c49f09c5d71b994.js") started  	[MsgId: MMSG-26355]
Action.c(767): Registering web_url("jquery.ba-throttle-debounce-876f6988f0a240fd9c49f09c5d71b994.js") was successful  	[MsgId: MMSG-26390]
Action.c(778): web_url("jquery.core-2f63ea2ce21973031b9685e36eba0731.js") started  	[MsgId: MMSG-26355]
Action.c(778): Registering web_url("jquery.core-2f63ea2ce21973031b9685e36eba0731.js") was successful  	[MsgId: MMSG-26390]
Action.c(789): web_url("webcomponents-lite-c806470ac3182eedbb9de677fde922de.js") started  	[MsgId: MMSG-26355]
Action.c(789): Registering web_url("webcomponents-lite-c806470ac3182eedbb9de677fde922de.js") was successful  	[MsgId: MMSG-26390]
Action.c(800): web_url("bootstrap-multiselect-7b500966794478e2792eea0659e0aa96.js") started  	[MsgId: MMSG-26355]
Action.c(800): Registering web_url("bootstrap-multiselect-7b500966794478e2792eea0659e0aa96.js") was successful  	[MsgId: MMSG-26390]
Action.c(811): web_url("dataTables.buttons.min-99ef2a29fc5b51a6f8f392977c2e34b1.js") started  	[MsgId: MMSG-26355]
Action.c(811): Registering web_url("dataTables.buttons.min-99ef2a29fc5b51a6f8f392977c2e34b1.js") was successful  	[MsgId: MMSG-26390]
Action.c(822): web_url("buttons.bootstrap-acac51d5cf162bd14f44ad66a6f275f5.js") started  	[MsgId: MMSG-26355]
Action.c(822): Registering web_url("buttons.bootstrap-acac51d5cf162bd14f44ad66a6f275f5.js") was successful  	[MsgId: MMSG-26390]
Action.c(833): web_url("waves-2d20efe8b7228bbc963944ac22c9667c.js") started  	[MsgId: MMSG-26355]
Action.c(833): Registering web_url("waves-2d20efe8b7228bbc963944ac22c9667c.js") was successful  	[MsgId: MMSG-26390]
Action.c(844): web_url("pvs_app_widget-ec77f7e909db8bab59e572285b1c3389.js") started  	[MsgId: MMSG-26355]
Action.c(844): Registering web_url("pvs_app_widget-ec77f7e909db8bab59e572285b1c3389.js") was successful  	[MsgId: MMSG-26390]
Action.c(855): web_url("rxTitleOptions-1279146f661735d9e94cde274342b25c.js") started  	[MsgId: MMSG-26355]
Action.c(855): Registering web_url("rxTitleOptions-1279146f661735d9e94cde274342b25c.js") was successful  	[MsgId: MMSG-26390]
Action.c(866): web_url("spring-websocket-867783f03d5a8005372950a4b8cac2a4.js") started  	[MsgId: MMSG-26355]
Action.c(866): Registering web_url("spring-websocket-867783f03d5a8005372950a4b8cac2a4.js") was successful  	[MsgId: MMSG-26390]
Action.c(877): web_url("userGroupSelect-7f7d244cad34902e9681267c696c1bed.js") started  	[MsgId: MMSG-26355]
Action.c(877): Registering web_url("userGroupSelect-7f7d244cad34902e9681267c696c1bed.js") was successful  	[MsgId: MMSG-26390]
Action.c(888): web_url("actions-c6db5fb63baee4c159b9e783821b2058.js") started  	[MsgId: MMSG-26355]
Action.c(888): Registering web_url("actions-c6db5fb63baee4c159b9e783821b2058.js") was successful  	[MsgId: MMSG-26390]
Action.c(899): web_url("menu-e9f9c79de11e89cfb0d2f7ae1cd80554.js") started  	[MsgId: MMSG-26355]
Action.c(899): Registering web_url("menu-e9f9c79de11e89cfb0d2f7ae1cd80554.js") was successful  	[MsgId: MMSG-26390]
Action.c(910): web_url("dashboardWidget-24248f37a4de46fe75c68afd1bc9dca6.js") started  	[MsgId: MMSG-26355]
Action.c(910): Registering web_url("dashboardWidget-24248f37a4de46fe75c68afd1bc9dca6.js") was successful  	[MsgId: MMSG-26390]
Action.c(921): web_url("gridstack.jQueryUI.min-4850183e36adcd62a4e2c741ae857fc4.js") started  	[MsgId: MMSG-26355]
Action.c(921): Registering web_url("gridstack.jQueryUI.min-4850183e36adcd62a4e2c741ae857fc4.js") was successful  	[MsgId: MMSG-26390]
Action.c(932): web_url("fullcalendar.min-eadac4139211e13292deb9473e638d45.js") started  	[MsgId: MMSG-26355]
Action.c(932): Registering web_url("fullcalendar.min-eadac4139211e13292deb9473e638d45.js") was successful  	[MsgId: MMSG-26390]
Action.c(943): web_url("no-data-to-display-fc44762af3aab44deb8317659be156a6.js") started  	[MsgId: MMSG-26355]
Action.c(943): Registering web_url("no-data-to-display-fc44762af3aab44deb8317659be156a6.js") was successful  	[MsgId: MMSG-26390]
Action.c(954): web_url("gridstack.min-8243969940fd3f8d9a2116948054084f.js") started  	[MsgId: MMSG-26355]
Action.c(954): Registering web_url("gridstack.min-8243969940fd3f8d9a2116948054084f.js") was successful  	[MsgId: MMSG-26390]
Action.c(965): web_url("dashboard-1b86cbebab89d1a42ae9eebe0fa883ad.js") started  	[MsgId: MMSG-26355]
Action.c(965): Registering web_url("dashboard-1b86cbebab89d1a42ae9eebe0fa883ad.js") was successful  	[MsgId: MMSG-26390]
Action.c(976): web_url("pushNotification-308cfd70b62333c52f5193fb7eaaafe6.js") started  	[MsgId: MMSG-26355]
Action.c(976): Registering web_url("pushNotification-308cfd70b62333c52f5193fb7eaaafe6.js") was successful  	[MsgId: MMSG-26390]
Action.c(987): web_url("bootstrap-datetimepicker-5aa81b54c1dd973165b56d66567b57d6.js") started  	[MsgId: MMSG-26355]
Action.c(987): Registering web_url("bootstrap-datetimepicker-5aa81b54c1dd973165b56d66567b57d6.js") was successful  	[MsgId: MMSG-26390]
Action.c(998): web_url("calendar-4d078ca93abd6a53a6f9c1bf8f79cd54.js") started  	[MsgId: MMSG-26355]
Action.c(998): Registering web_url("calendar-4d078ca93abd6a53a6f9c1bf8f79cd54.js") was successful  	[MsgId: MMSG-26390]
Action.c(1009): web_url("jquery.core-9088768891f7d43af5ab8c8d642e5301.js") started  	[MsgId: MMSG-26355]
Action.c(1009): Registering web_url("jquery.core-9088768891f7d43af5ab8c8d642e5301.js") was successful  	[MsgId: MMSG-26390]
Action.c(1025): web_url("date_picker_template.hbs") started  	[MsgId: MMSG-26355]
Action.c(1025): Registering web_url("date_picker_template.hbs") was successful  	[MsgId: MMSG-26390]
Action.c(1038): web_url("en.json") started  	[MsgId: MMSG-26355]
Action.c(1038): Registering web_url("en.json") was successful  	[MsgId: MMSG-26390]
Action.c(1050): web_url("fullcalendar.print-b8f18e9775afba153b4abfbc5f9baaf6.css") started  	[MsgId: MMSG-26355]
Action.c(1050): Registering web_url("fullcalendar.print-b8f18e9775afba153b4abfbc5f9baaf6.css") was successful  	[MsgId: MMSG-26390]
Action.c(1061): web_url("jquery.app-9af4130ef9d8c98c078b99d2cddad130.js") started  	[MsgId: MMSG-26355]
Action.c(1061): Registering web_url("jquery.app-9af4130ef9d8c98c078b99d2cddad130.js") was successful  	[MsgId: MMSG-26390]
Action.c(1069): web_url("rx_common-3bec52fd16a226d99e60fd80372c8c05.js") started  	[MsgId: MMSG-26355]
Action.c(1069): Registering web_url("rx_common-3bec52fd16a226d99e60fd80372c8c05.js") was successful  	[MsgId: MMSG-26390]
Action.c(1082): web_url("dashboard_widget.hbs") started  	[MsgId: MMSG-26355]
Action.c(1082): Registering web_url("dashboard_widget.hbs") was successful  	[MsgId: MMSG-26390]
Action.c(1092): web_url("glyphicons-halflings-regular-448c34a56d699c29117adc64c43affeb.woff2") started  	[MsgId: MMSG-26355]
Action.c(1092): Registering web_url("glyphicons-halflings-regular-448c34a56d699c29117adc64c43affeb.woff2") was successful  	[MsgId: MMSG-26390]
Action.c(1103): web_url("Material-Design-Iconic-Font-a2a1ba89e7f9d29f7d5aee76e8b9f7ab.woff") started  	[MsgId: MMSG-26355]
Action.c(1103): Registering web_url("Material-Design-Iconic-Font-a2a1ba89e7f9d29f7d5aee76e8b9f7ab.woff") was successful  	[MsgId: MMSG-26390]
Action.c(1133): web_url("aggAlertByStatus") started  	[MsgId: MMSG-26355]
Action.c(1133): Registering web_url("aggAlertByStatus") was successful  	[MsgId: MMSG-26390]
Action.c(1142): web_url("sideBar") started  	[MsgId: MMSG-26355]
Action.c(1142): Registering web_url("sideBar") was successful  	[MsgId: MMSG-26390]
Action.c(1151): web_url("caseByStatus") started  	[MsgId: MMSG-26355]
Action.c(1151): Registering web_url("caseByStatus") was successful  	[MsgId: MMSG-26390]
Action.c(1160): web_url("ahaByStatus") started  	[MsgId: MMSG-26355]
Action.c(1160): Registering web_url("ahaByStatus") was successful  	[MsgId: MMSG-26390]
Action.c(1169): web_url("alertByDueDate") started  	[MsgId: MMSG-26355]
Action.c(1169): Registering web_url("alertByDueDate") was successful  	[MsgId: MMSG-26390]
Action.c(1178): web_url("getProductByStatus") started  	[MsgId: MMSG-26355]
Action.c(1178): Registering web_url("getProductByStatus") was successful  	[MsgId: MMSG-26390]
Action.c(1202): web_url("getProductByStatus_2") started  	[MsgId: MMSG-26355]
Action.c(1202): Registering web_url("getProductByStatus_2") was successful  	[MsgId: MMSG-26390]
Action.c(1223): web_url("fontawesome-webfont-af7ae505a9eed503f8b8e6982036873e.woff2") started  	[MsgId: MMSG-26355]
Action.c(1223): Registering web_url("fontawesome-webfont-af7ae505a9eed503f8b8e6982036873e.woff2") was successful  	[MsgId: MMSG-26390]
Action.c(1239): web_add_header("X-CSRF-TOKEN") started  	[MsgId: MMSG-26355]
Action.c(1239): web_add_header("X-CSRF-TOKEN") was successful  	[MsgId: MMSG-26392]
Action.c(1242): web_submit_data("events") started  	[MsgId: MMSG-26355]
Action.c(1242): Registering web_submit_data("events") was successful  	[MsgId: MMSG-26390]
Action.c(1254): web_url("materialdesignicons-webfont-d1bdfb3838e2f78edf1ede85f56eabc9.woff2") started  	[MsgId: MMSG-26355]
Action.c(1254): Registering web_url("materialdesignicons-webfont-d1bdfb3838e2f78edf1ede85f56eabc9.woff2") was successful  	[MsgId: MMSG-26390]
Action.c(1284): web_url("alertList") started  	[MsgId: MMSG-26355]
Action.c(1284): Registering web_url("alertList") was successful  	[MsgId: MMSG-26390]
Action.c(1309): web_url("signalList") started  	[MsgId: MMSG-26355]
Action.c(1309): Registering web_url("signalList") was successful  	[MsgId: MMSG-26390]
Action.c(1345): web_url("actionList") started  	[MsgId: MMSG-26355]
Action.c(1345): Registering web_url("actionList") was successful  	[MsgId: MMSG-26390]
Action.c(1381): web_concurrent_end started  	[MsgId: MMSG-26355]
Action.c(1381): web_concurrent_end was successful, 1044363 body bytes, 28537 header bytes, 123 chunking overhead bytes  	[MsgId: MMSG-26385]
Action.c(1383): Notify: Transaction "S07_T02_Login" ended with a "Pass" status (Duration: 17.7881 Wasted Time: 0.2575).
Action.c(1396): Notify: Transaction "S07_T03_ClickDashboard" started.
Action.c(1398): web_add_header("X-CSRF-TOKEN") started  	[MsgId: MMSG-26355]
Action.c(1398): web_add_header("X-CSRF-TOKEN") was successful  	[MsgId: MMSG-26392]
Action.c(1401): web_submit_data("saveDashboardConfig") started  	[MsgId: MMSG-26355]
Action.c(1401): web_submit_data("saveDashboardConfig") was successful, 4 body bytes, 249 header bytes, 10 chunking overhead bytes  	[MsgId: MMSG-26385]
Action.c(1425): web_reg_find started  	[MsgId: MMSG-26355]
Action.c(1425): Registering web_reg_find was successful  	[MsgId: MMSG-26390]
Action.c(1429): web_url("signal_2") started  	[MsgId: MMSG-26355]
Action.c(1429): Registered web_reg_find successful for "Text=Assigned Signals" (count=1)  	[MsgId: MMSG-26364]
Action.c(1429): web_url("signal_2") was successful, 78348 body bytes, 274 header bytes, 85 chunking overhead bytes  	[MsgId: MMSG-26385]
Action.c(1444): web_concurrent_start started  	[MsgId: MMSG-26355]
Action.c(1444): web_concurrent_start was successful  	[MsgId: MMSG-26392]
Action.c(1446): web_url("sideBar_2") started  	[MsgId: MMSG-26355]
Action.c(1446): Registering web_url("sideBar_2") was successful  	[MsgId: MMSG-26390]
Action.c(1455): web_url("aggAlertByStatus_2") started  	[MsgId: MMSG-26355]
Action.c(1455): Registering web_url("aggAlertByStatus_2") was successful  	[MsgId: MMSG-26390]
Action.c(1464): web_url("caseByStatus_2") started  	[MsgId: MMSG-26355]
Action.c(1464): Registering web_url("caseByStatus_2") was successful  	[MsgId: MMSG-26390]
Action.c(1473): web_url("ahaByStatus_2") started  	[MsgId: MMSG-26355]
Action.c(1473): Registering web_url("ahaByStatus_2") was successful  	[MsgId: MMSG-26390]
Action.c(1482): web_url("alertByDueDate_2") started  	[MsgId: MMSG-26355]
Action.c(1482): Registering web_url("alertByDueDate_2") was successful  	[MsgId: MMSG-26390]
Action.c(1491): web_url("getProductByStatus_3") started  	[MsgId: MMSG-26355]
Action.c(1491): Registering web_url("getProductByStatus_3") was successful  	[MsgId: MMSG-26390]
Action.c(1500): web_url("getProductByStatus_4") started  	[MsgId: MMSG-26355]
Action.c(1500): Registering web_url("getProductByStatus_4") was successful  	[MsgId: MMSG-26390]
Action.c(1523): web_add_header("X-CSRF-TOKEN") started  	[MsgId: MMSG-26355]
Action.c(1523): web_add_header("X-CSRF-TOKEN") was successful  	[MsgId: MMSG-26392]
Action.c(1529): web_submit_data("events_2") started  	[MsgId: MMSG-26355]
Action.c(1529): Registering web_submit_data("events_2") was successful  	[MsgId: MMSG-26390]
Action.c(1556): web_url("alertList_2") started  	[MsgId: MMSG-26355]
Action.c(1556): Registering web_url("alertList_2") was successful  	[MsgId: MMSG-26390]
Action.c(1565): web_url("signalList_2") started  	[MsgId: MMSG-26355]
Action.c(1565): Registering web_url("signalList_2") was successful  	[MsgId: MMSG-26390]
Action.c(1601): web_url("actionList_2") started  	[MsgId: MMSG-26355]
Action.c(1601): Registering web_url("actionList_2") was successful  	[MsgId: MMSG-26390]
Action.c(1622): web_concurrent_end started  	[MsgId: MMSG-26355]
Action.c(1622): web_concurrent_end was successful, 9605 body bytes, 2816 header bytes, 123 chunking overhead bytes  	[MsgId: MMSG-26385]
Action.c(1624): Notify: Transaction "S07_T03_ClickDashboard" ended with a "Pass" status (Duration: 4.7229 Wasted Time: 0.0711).
Action.c(1637): Notify: Transaction "S07_T04_LogOut" started.
Action.c(1639): web_add_header("X-CSRF-TOKEN") started  	[MsgId: MMSG-26355]
Action.c(1639): web_add_header("X-CSRF-TOKEN") was successful  	[MsgId: MMSG-26392]
Action.c(1642): web_submit_data("saveDashboardConfig_2") started  	[MsgId: MMSG-26355]
Action.c(1642): web_submit_data("saveDashboardConfig_2") was successful, 4 body bytes, 249 header bytes, 10 chunking overhead bytes  	[MsgId: MMSG-26385]
Action.c(1658): web_remove_auto_header("X-Requested-With") started  	[MsgId: MMSG-26355]
Action.c(1658): Warning -26590: web_remove/revert_auto_header for "X-Requested-With" had no effect  	[MsgId: MWAR-26590]
Action.c(1658): web_remove/revert_auto_header("X-Requested-With") highest severity level was "warning"  	[MsgId: MMSG-26391]
Action.c(1660): web_add_auto_header("Accept") started  	[MsgId: MMSG-26355]
Action.c(1660): web_add_auto_header("Accept") was successful  	[MsgId: MMSG-26392]
Action.c(1663): web_add_header("Upgrade-Insecure-Requests") started  	[MsgId: MMSG-26355]
Action.c(1663): web_add_header("Upgrade-Insecure-Requests") was successful  	[MsgId: MMSG-26392]
Action.c(1666): web_url("index") started  	[MsgId: MMSG-26355]
Action.c(1666): Redirecting "http://10.100.22.24:8181/signal/logout/index" (redirection depth is 0)  	[MsgId: MMSG-26694]
Action.c(1666): To location "http://10.100.22.24:8181/signal/logoff"  	[MsgId: MMSG-26693]
Action.c(1666): Redirecting "http://10.100.22.24:8181/signal/logoff" (redirection depth is 1)  	[MsgId: MMSG-26694]
Action.c(1666): To location "http://10.100.22.24:8181/signal/login/auth"  	[MsgId: MMSG-26693]
Action.c(1666): web_url("index") was successful, 2397 body bytes, 914 header bytes, 17 chunking overhead bytes  	[MsgId: MMSG-26385]
Action.c(1675): Notify: Transaction "S07_T04_LogOut" ended with a "Pass" status (Duration: 2.2056 Wasted Time: 0.0114).
Ending action Action.
Ending iteration 1.
Starting iteration 2.
Starting action Action.
Action.c(4): web_set_sockets_option started  	[MsgId: MMSG-26355]
Action.c(4): web_set_sockets_option was successful  	[MsgId: MMSG-26392]
Action.c(6): web_set_max_html_param_len started  	[MsgId: MMSG-26355]
Action.c(6): web_set_max_html_param_len was successful  	[MsgId: MMSG-26392]
Action.c(8): Notify: Transaction "S07_T01_OpenApplication" started.
Action.c(10): web_add_header("Accept-Encoding") started  	[MsgId: MMSG-26355]
Action.c(10): web_add_header("Accept-Encoding") was successful  	[MsgId: MMSG-26392]
Action.c(13): web_add_header("Accept") started  	[MsgId: MMSG-26355]
Action.c(13): web_add_header("Accept") was successful  	[MsgId: MMSG-26392]
Action.c(16): web_add_auto_header("Accept-Language") started  	[MsgId: MMSG-26355]
Action.c(16): web_add_auto_header("Accept-Language") was successful  	[MsgId: MMSG-26392]
Action.c(19): web_add_header("Upgrade-Insecure-Requests") started  	[MsgId: MMSG-26355]
Action.c(19): web_add_header("Upgrade-Insecure-Requests") was successful  	[MsgId: MMSG-26392]
Action.c(22): web_add_auto_header("User-Agent") started  	[MsgId: MMSG-26355]
Action.c(22): web_add_auto_header("User-Agent") was successful  	[MsgId: MMSG-26392]
Action.c(38): web_reg_save_param_ex started  	[MsgId: MMSG-26355]
Action.c(38): Registering web_reg_save_param_ex was successful  	[MsgId: MMSG-26390]
Action.c(47): web_reg_find started  	[MsgId: MMSG-26355]
Action.c(47): Registering web_reg_find was successful  	[MsgId: MMSG-26390]
Action.c(51): web_url("signal") started  	[MsgId: MMSG-26355]
Action.c(51): Redirecting "http://10.100.22.24:8181/signal" (redirection depth is 0)  	[MsgId: MMSG-26694]
Action.c(51): To location "http://10.100.22.24:8181/signal/"  	[MsgId: MMSG-26693]
Action.c(51): Redirecting "http://10.100.22.24:8181/signal/" (redirection depth is 1)  	[MsgId: MMSG-26694]
Action.c(51): To location "http://10.100.22.24:8181/signal/login/auth"  	[MsgId: MMSG-26693]
Action.c(51): Registered web_reg_find successful for "Text=Login" (count=1)  	[MsgId: MMSG-26364]
Action.c(51): web_url("signal") was successful, 2397 body bytes, 503 header bytes, 17 chunking overhead bytes  	[MsgId: MMSG-26385]
Action.c(60): web_add_auto_header("Accept-Encoding") started  	[MsgId: MMSG-26355]
Action.c(60): web_add_auto_header("Accept-Encoding") was successful  	[MsgId: MMSG-26392]
Action.c(67): web_remove_auto_header("Sec-Fetch-Dest") started  	[MsgId: MMSG-26355]
Action.c(67): Warning -26590: web_remove/revert_auto_header for "Sec-Fetch-Dest" had no effect  	[MsgId: MWAR-26590]
Action.c(67): web_remove/revert_auto_header("Sec-Fetch-Dest") highest severity level was "warning"  	[MsgId: MMSG-26391]
Action.c(69): web_remove_auto_header("Sec-Fetch-Mode") started  	[MsgId: MMSG-26355]
Action.c(69): Warning -26590: web_remove/revert_auto_header for "Sec-Fetch-Mode" had no effect  	[MsgId: MWAR-26590]
Action.c(69): web_remove/revert_auto_header("Sec-Fetch-Mode") highest severity level was "warning"  	[MsgId: MMSG-26391]
Action.c(71): web_remove_auto_header("Sec-Fetch-Site") started  	[MsgId: MMSG-26355]
Action.c(71): Warning -26590: web_remove/revert_auto_header for "Sec-Fetch-Site" had no effect  	[MsgId: MWAR-26590]
Action.c(71): web_remove/revert_auto_header("Sec-Fetch-Site") highest severity level was "warning"  	[MsgId: MMSG-26391]
Action.c(73): web_add_header("Accept") started  	[MsgId: MMSG-26355]
Action.c(73): web_add_header("Accept") was successful  	[MsgId: MMSG-26392]
Action.c(76): web_add_auto_header("Accept-Encoding") started  	[MsgId: MMSG-26355]
Action.c(76): web_add_auto_header("Accept-Encoding") was successful  	[MsgId: MMSG-26392]
Action.c(79): web_url("login-23162286b278bf1e48cb0201c9e9a644.css") started  	[MsgId: MMSG-26355]
Action.c(79): Resource "http://10.100.22.24:8181/signal/assets/login-23162286b278bf1e48cb0201c9e9a644.css" is in the cache already and will not be downloaded again  	[MsgId: MMSG-26655]
Action.c(87): web_add_header("Sec-Fetch-Site") started  	[MsgId: MMSG-26355]
Action.c(87): web_add_header("Sec-Fetch-Site") was successful  	[MsgId: MMSG-26392]
Action.c(90): web_add_header("Sec-Fetch-Mode") started  	[MsgId: MMSG-26355]
Action.c(90): web_add_header("Sec-Fetch-Mode") was successful  	[MsgId: MMSG-26392]
Action.c(93): web_add_header("Sec-Fetch-Dest") started  	[MsgId: MMSG-26355]
Action.c(93): web_add_header("Sec-Fetch-Dest") was successful  	[MsgId: MMSG-26392]
Action.c(97): web_add_header("Accept") started  	[MsgId: MMSG-26355]
Action.c(97): web_add_header("Accept") was successful  	[MsgId: MMSG-26392]
Action.c(100): web_url("application-b6b2fa3a918957eb49ac1c12c36b30ec.js") started  	[MsgId: MMSG-26355]
Action.c(100): Resource "http://10.100.22.24:8181/signal/assets/application-b6b2fa3a918957eb49ac1c12c36b30ec.js" is in the cache already and will not be downloaded again  	[MsgId: MMSG-26655]
Action.c(108): web_remove_auto_header("Accept-Language") started  	[MsgId: MMSG-26355]
Action.c(108): Previous automatically added web header for "Accept-Language" removed  	[MsgId: MMSG-26587]
Action.c(108): web_remove/revert_auto_header("Accept-Language") was successful  	[MsgId: MMSG-26392]
Action.c(110): web_add_auto_header("Accept-Encoding") started  	[MsgId: MMSG-26355]
Action.c(110): web_add_auto_header("Accept-Encoding") was successful  	[MsgId: MMSG-26392]
Action.c(113): web_add_header("A-IM") started  	[MsgId: MMSG-26355]
Action.c(113): web_add_header("A-IM") was successful  	[MsgId: MMSG-26392]
Action.c(116): web_add_header("If-None-Match") started  	[MsgId: MMSG-26355]
Action.c(116): Warning -26594: The header being added may cause unpredictable results if applied to ALL the URLs generated on behalf of the next script function. It will apply to the primary URL only.  	[MsgId: MWAR-26594]
Action.c(116): web_add_header("If-None-Match") highest severity level was "warning"  	[MsgId: MMSG-26391]
Action.c(119): web_add_header("Sec-Fetch-Dest") started  	[MsgId: MMSG-26355]
Action.c(119): web_add_header("Sec-Fetch-Dest") was successful  	[MsgId: MMSG-26392]
Action.c(122): web_add_header("Sec-Fetch-Mode") started  	[MsgId: MMSG-26355]
Action.c(122): web_add_header("Sec-Fetch-Mode") was successful  	[MsgId: MMSG-26392]
Action.c(125): web_add_header("Sec-Fetch-Site") started  	[MsgId: MMSG-26355]
Action.c(125): web_add_header("Sec-Fetch-Site") was successful  	[MsgId: MMSG-26392]
Action.c(130): web_add_auto_header("Accept-Encoding") started  	[MsgId: MMSG-26355]
Action.c(130): web_add_auto_header("Accept-Encoding") was successful  	[MsgId: MMSG-26392]
Action.c(133): web_add_header("Accept") started  	[MsgId: MMSG-26355]
Action.c(133): web_add_header("Accept") was successful  	[MsgId: MMSG-26392]
Action.c(136): web_add_auto_header("Accept-Language") started  	[MsgId: MMSG-26355]
Action.c(136): web_add_auto_header("Accept-Language") was successful  	[MsgId: MMSG-26392]
Action.c(139): web_url("application-20282e3e3fad9c329f1728b037973a74.css") started  	[MsgId: MMSG-26355]
Action.c(139): Resource "http://10.100.22.24:8181/signal/assets/application-20282e3e3fad9c329f1728b037973a74.css" is in the cache already and will not be downloaded again  	[MsgId: MMSG-26655]
Action.c(147): web_add_auto_header("User-Agent") started  	[MsgId: MMSG-26355]
Action.c(147): web_add_auto_header("User-Agent") was successful  	[MsgId: MMSG-26392]
Action.c(150): web_add_auto_header("Accept-Encoding") started  	[MsgId: MMSG-26355]
Action.c(150): web_add_auto_header("Accept-Encoding") was successful  	[MsgId: MMSG-26392]
Action.c(153): web_add_header("Cache-Control") started  	[MsgId: MMSG-26355]
Action.c(153): web_add_header("Cache-Control") was successful  	[MsgId: MMSG-26392]
Action.c(156): web_add_header("Content-Encoding") started  	[MsgId: MMSG-26355]
Action.c(156): Warning -26594: The header being added may cause unpredictable results if applied to ALL the URLs generated on behalf of the next script function. It will apply to the primary URL only.  	[MsgId: MWAR-26594]
Action.c(156): web_add_header("Content-Encoding") highest severity level was "warning"  	[MsgId: MMSG-26391]
Action.c(159): web_add_header("Pragma") started  	[MsgId: MMSG-26355]
Action.c(159): web_add_header("Pragma") was successful  	[MsgId: MMSG-26392]
Action.c(162): web_add_auto_header("Sec-Fetch-Dest") started  	[MsgId: MMSG-26355]
Action.c(162): web_add_auto_header("Sec-Fetch-Dest") was successful  	[MsgId: MMSG-26392]
Action.c(165): web_add_auto_header("Sec-Fetch-Mode") started  	[MsgId: MMSG-26355]
Action.c(165): web_add_auto_header("Sec-Fetch-Mode") was successful  	[MsgId: MMSG-26392]
Action.c(168): web_add_auto_header("Sec-Fetch-Site") started  	[MsgId: MMSG-26355]
Action.c(168): web_add_auto_header("Sec-Fetch-Site") was successful  	[MsgId: MMSG-26392]
Action.c(172): web_add_auto_header("User-Agent") started  	[MsgId: MMSG-26355]
Action.c(172): web_add_auto_header("User-Agent") was successful  	[MsgId: MMSG-26392]
Action.c(176): web_add_header("Origin") started  	[MsgId: MMSG-26355]
Action.c(176): web_add_header("Origin") was successful  	[MsgId: MMSG-26392]
Action.c(179): web_add_header("Accept") started  	[MsgId: MMSG-26355]
Action.c(179): web_add_header("Accept") was successful  	[MsgId: MMSG-26392]
Action.c(182): web_concurrent_start started  	[MsgId: MMSG-26355]
Action.c(182): web_concurrent_start was successful  	[MsgId: MMSG-26392]
Action.c(184): web_url("OpenSans-Regular-55835483c304eaa8477fea2c36abba17.woff2") started  	[MsgId: MMSG-26355]
Action.c(184): Resource "http://10.100.22.24:8181/signal/assets/OpenSans-Regular-55835483c304eaa8477fea2c36abba17.woff2?v=1.1.0" is in the cache already and will not be downloaded again  	[MsgId: MMSG-26655]
Action.c(192): web_add_header("X-Goog-Encode-Response-If-Executable") started  	[MsgId: MMSG-26355]
Action.c(192): web_add_header("X-Goog-Encode-Response-If-Executable") was successful  	[MsgId: MMSG-26392]
Action.c(195): web_add_header("X-Goog-Api-Key") started  	[MsgId: MMSG-26355]
Action.c(195): web_add_header("X-Goog-Api-Key") was successful  	[MsgId: MMSG-26392]
Action.c(199): web_concurrent_end started  	[MsgId: MMSG-26355]
Action.c(199): web_concurrent_end was successful  	[MsgId: MMSG-26392]
Action.c(202): web_add_header("X-Goog-Update-Updater") started  	[MsgId: MMSG-26355]
Action.c(202): web_add_header("X-Goog-Update-Updater") was successful  	[MsgId: MMSG-26392]
Action.c(205): web_add_auto_header("X-Goog-Update-Interactivity") started  	[MsgId: MMSG-26355]
Action.c(205): web_add_auto_header("X-Goog-Update-Interactivity") was successful  	[MsgId: MMSG-26392]
Action.c(208): Notify: Transaction "S07_T01_OpenApplication" ended with a "Pass" status (Duration: 1.5977 Wasted Time: 0.0108).
Action.c(223): Notify: Transaction "S07_T02_Login" started.
Action.c(225): web_remove_auto_header("Sec-Fetch-Dest") started  	[MsgId: MMSG-26355]
Action.c(225): Previous automatically added web header for "Sec-Fetch-Dest" removed  	[MsgId: MMSG-26587]
Action.c(225): web_remove/revert_auto_header("Sec-Fetch-Dest") was successful  	[MsgId: MMSG-26392]
Action.c(227): web_remove_auto_header("Sec-Fetch-Mode") started  	[MsgId: MMSG-26355]
Action.c(227): Previous automatically added web header for "Sec-Fetch-Mode" removed  	[MsgId: MMSG-26587]
Action.c(227): web_remove/revert_auto_header("Sec-Fetch-Mode") was successful  	[MsgId: MMSG-26392]
Action.c(229): web_remove_auto_header("Sec-Fetch-Site") started  	[MsgId: MMSG-26355]
Action.c(229): Previous automatically added web header for "Sec-Fetch-Site" removed  	[MsgId: MMSG-26587]
Action.c(229): web_remove/revert_auto_header("Sec-Fetch-Site") was successful  	[MsgId: MMSG-26392]
Action.c(231): web_remove_auto_header("X-Goog-Update-Interactivity") started  	[MsgId: MMSG-26355]
Action.c(231): Previous automatically added web header for "X-Goog-Update-Interactivity" removed  	[MsgId: MMSG-26587]
Action.c(231): web_remove/revert_auto_header("X-Goog-Update-Interactivity") was successful  	[MsgId: MMSG-26392]
Action.c(233): web_add_header("Accept") started  	[MsgId: MMSG-26355]
Action.c(233): web_add_header("Accept") was successful  	[MsgId: MMSG-26392]
Action.c(236): web_add_auto_header("Accept-Language") started  	[MsgId: MMSG-26355]
Action.c(236): web_add_auto_header("Accept-Language") was successful  	[MsgId: MMSG-26392]
Action.c(239): web_add_auto_header("Accept-Encoding") started  	[MsgId: MMSG-26355]
Action.c(239): web_add_auto_header("Accept-Encoding") was successful  	[MsgId: MMSG-26392]
Action.c(242): web_add_header("Cache-Control") started  	[MsgId: MMSG-26355]
Action.c(242): web_add_header("Cache-Control") was successful  	[MsgId: MMSG-26392]
Action.c(245): web_add_header("Origin") started  	[MsgId: MMSG-26355]
Action.c(245): web_add_header("Origin") was successful  	[MsgId: MMSG-26392]
Action.c(248): web_add_header("Upgrade-Insecure-Requests") started  	[MsgId: MMSG-26355]
Action.c(248): web_add_header("Upgrade-Insecure-Requests") was successful  	[MsgId: MMSG-26392]
Action.c(251): web_reg_find started  	[MsgId: MMSG-26355]
Action.c(251): Registering web_reg_find was successful  	[MsgId: MMSG-26390]
Action.c(256): web_reg_save_param_ex started  	[MsgId: MMSG-26355]
Action.c(256): Registering web_reg_save_param_ex was successful  	[MsgId: MMSG-26390]
Action.c(265): web_submit_data("authenticate") started  	[MsgId: MMSG-26355]
Action.c(265): Redirecting "http://10.100.22.24:8181/signal/login/authenticate" (redirection depth is 0)  	[MsgId: MMSG-26694]
Action.c(265): To location "http://10.100.22.24:8181/signal/"  	[MsgId: MMSG-26693]
Action.c(265): Registered web_reg_find successful for "Text=Dashboard" (count=8)  	[MsgId: MMSG-26364]
Action.c(265): web_submit_data("authenticate") was successful, 78348 body bytes, 474 header bytes, 85 chunking overhead bytes  	[MsgId: MMSG-26385]
Action.c(278): web_add_header("Accept") started  	[MsgId: MMSG-26355]
Action.c(278): web_add_header("Accept") was successful  	[MsgId: MMSG-26392]
Action.c(281): web_concurrent_start started  	[MsgId: MMSG-26355]
Action.c(281): web_concurrent_start was successful  	[MsgId: MMSG-26392]
Action.c(283): web_url("theme_gradient_blue-82b8663def72c9ceff32d61e0b4a5253.css") started  	[MsgId: MMSG-26355]
Action.c(283): Resource "http://10.100.22.24:8181/signal/assets/theme_gradient_blue-82b8663def72c9ceff32d61e0b4a5253.css" is in the cache already and will not be downloaded again  	[MsgId: MMSG-26655]
Action.c(294): web_url("pvs_app_css-794a4a77a2a4bcc45fa913cd043a5ab3.css") started  	[MsgId: MMSG-26355]
Action.c(294): Resource "http://10.100.22.24:8181/signal/assets/app/pvs/pvs_app_css-794a4a77a2a4bcc45fa913cd043a5ab3.css" is in the cache already and will not be downloaded again  	[MsgId: MMSG-26655]
Action.c(305): web_url("pvs_508c-fd4a301235dfeff417d96bed64e8429d.css") started  	[MsgId: MMSG-26355]
Action.c(305): Resource "http://10.100.22.24:8181/signal/assets/app/pvs/pvs_508c-fd4a301235dfeff417d96bed64e8429d.css" is in the cache already and will not be downloaded again  	[MsgId: MMSG-26655]
Action.c(316): web_url("modernizr.min-23fa28ce275880746945a2305077eebc.js") started  	[MsgId: MMSG-26355]
Action.c(316): Resource "http://10.100.22.24:8181/signal/assets/vendorUi/modernizr.min-23fa28ce275880746945a2305077eebc.js" is in the cache already and will not be downloaded again  	[MsgId: MMSG-26655]
Action.c(327): web_url("gridstack.min-82a5fabd01f65ac4b5e87078091be104.css") started  	[MsgId: MMSG-26355]
Action.c(327): Resource "http://10.100.22.24:8181/signal/assets/vendorUi/gridstack.min-82a5fabd01f65ac4b5e87078091be104.css" is in the cache already and will not be downloaded again  	[MsgId: MMSG-26655]
Action.c(338): web_url("materialdesignicons-2f254cfdb2b23bcf596ab766574b3675.css") started  	[MsgId: MMSG-26355]
Action.c(338): Resource "http://10.100.22.24:8181/signal/assets/mdi-fonts/css/materialdesignicons-2f254cfdb2b23bcf596ab766574b3675.css" is in the cache already and will not be downloaded again  	[MsgId: MMSG-26655]
Action.c(349): web_url("dashboard-7d6d721454def651262f344c8062d5e4.css") started  	[MsgId: MMSG-26355]
Action.c(349): Resource "http://10.100.22.24:8181/signal/assets/dashboard-7d6d721454def651262f344c8062d5e4.css" is in the cache already and will not be downloaded again  	[MsgId: MMSG-26655]
Action.c(360): web_url("workflowModal-8863a855e0d38b1c16a0b929c87a1eb2.css") started  	[MsgId: MMSG-26355]
Action.c(360): Resource "http://10.100.22.24:8181/signal/assets/workflowModal-8863a855e0d38b1c16a0b929c87a1eb2.css" is in the cache already and will not be downloaded again  	[MsgId: MMSG-26655]
Action.c(371): web_url("bootstrap-datetimepicker-c0f52e788c9b52855aeb720838b56db9.css") started  	[MsgId: MMSG-26355]
Action.c(371): Resource "http://10.100.22.24:8181/signal/assets/app/pvs/bootstrap-datetimepicker-c0f52e788c9b52855aeb720838b56db9.css" is in the cache already and will not be downloaded again  	[MsgId: MMSG-26655]
Action.c(382): web_url("fullcalendar.min-537e31219634a1a50bfc6c265c08a05f.css") started  	[MsgId: MMSG-26355]
Action.c(382): Resource "http://10.100.22.24:8181/signal/assets/vendorUi/fullcalendar.min-537e31219634a1a50bfc6c265c08a05f.css" is in the cache already and will not be downloaded again  	[MsgId: MMSG-26655]
Action.c(393): web_url("jquery-2.2.4-986b7af813adeaf9e589ef20bcc97bb0.js") started  	[MsgId: MMSG-26355]
Action.c(393): Resource "http://10.100.22.24:8181/signal/assets/vendorUi/jquery/jquery-2.2.4-986b7af813adeaf9e589ef20bcc97bb0.js" is in the cache already and will not be downloaded again  	[MsgId: MMSG-26655]
Action.c(404): web_url("jquery.i18n-61406922e05804e4abe8c8360ec862fa.js") started  	[MsgId: MMSG-26355]
Action.c(404): Resource "http://10.100.22.24:8181/signal/assets/vendorUi/jquery.i18n-61406922e05804e4abe8c8360ec862fa.js" is in the cache already and will not be downloaded again  	[MsgId: MMSG-26655]
Action.c(415): web_url("underscore.min-e6d41cd714673035a7f8a65c30f3dcb1.js") started  	[MsgId: MMSG-26355]
Action.c(415): Resource "http://10.100.22.24:8181/signal/assets/vendorUi/underscore/underscore.min-e6d41cd714673035a7f8a65c30f3dcb1.js" is in the cache already and will not be downloaded again  	[MsgId: MMSG-26655]
Action.c(426): web_url("bootstrap.min-3f6aa77f4768de267c35a96028599ce3.js") started  	[MsgId: MMSG-26355]
Action.c(426): Resource "http://10.100.22.24:8181/signal/assets/vendorUi/bootstrap/bootstrap.min-3f6aa77f4768de267c35a96028599ce3.js" is in the cache already and will not be downloaded again  	[MsgId: MMSG-26655]
Action.c(437): web_url("moment-434aaa1704890766125108c94efbb50c.js") started  	[MsgId: MMSG-26355]
Action.c(437): Resource "http://10.100.22.24:8181/signal/assets/vendorUi/moment/moment-434aaa1704890766125108c94efbb50c.js" is in the cache already and will not be downloaded again  	[MsgId: MMSG-26655]
Action.c(448): web_url("popover.min-a48d28e289c6932042ffa0ab05e7bf68.js") started  	[MsgId: MMSG-26355]
Action.c(448): Resource "http://10.100.22.24:8181/signal/assets/vendorUi/popover/popover.min-a48d28e289c6932042ffa0ab05e7bf68.js" is in the cache already and will not be downloaded again  	[MsgId: MMSG-26655]
Action.c(459): web_url("momentTimezones-with-data-c15ec3e27a3263556fdbb96b61f9206f.js") started  	[MsgId: MMSG-26355]
Action.c(459): Resource "http://10.100.22.24:8181/signal/assets/vendorUi/moment/momentTimezones-with-data-c15ec3e27a3263556fdbb96b61f9206f.js" is in the cache already and will not be downloaded again  	[MsgId: MMSG-26655]
Action.c(470): web_url("select2-911832dffdffb9e7bafb38412a68f445.js") started  	[MsgId: MMSG-26355]
Action.c(470): Resource "http://10.100.22.24:8181/signal/assets/vendorUi/select2/select2-911832dffdffb9e7bafb38412a68f445.js" is in the cache already and will not be downloaded again  	[MsgId: MMSG-26655]
Action.c(481): web_url("jquery-ui.min-b0582f2d27fdc676c34681e0c96aac0c.js") started  	[MsgId: MMSG-26355]
Action.c(481): Resource "http://10.100.22.24:8181/signal/assets/vendorUi/jquery-ui/jquery-ui.min-b0582f2d27fdc676c34681e0c96aac0c.js" is in the cache already and will not be downloaded again  	[MsgId: MMSG-26655]
Action.c(492): web_url("momentlocales-bd0407faadf015b0c0b0d49b831aeb7b.js") started  	[MsgId: MMSG-26355]
Action.c(492): Resource "http://10.100.22.24:8181/signal/assets/vendorUi/moment/momentlocales-bd0407faadf015b0c0b0d49b831aeb7b.js" is in the cache already and will not be downloaded again  	[MsgId: MMSG-26655]
Action.c(503): web_url("fuelux.min-d30fb133a2493fadc38faabf3f226bc4.js") started  	[MsgId: MMSG-26355]
Action.c(503): Resource "http://10.100.22.24:8181/signal/assets/vendorUi/fuelux/fuelux.min-d30fb133a2493fadc38faabf3f226bc4.js" is in the cache already and will not be downloaded again  	[MsgId: MMSG-26655]
Action.c(514): web_url("dataTables.bootstrap-93e0b2f3576484b422f6e4a29b3e6037.js") started  	[MsgId: MMSG-26355]
Action.c(514): Resource "http://10.100.22.24:8181/signal/assets/vendorUi/datatables/dataTables.bootstrap-93e0b2f3576484b422f6e4a29b3e6037.js" is in the cache already and will not be downloaded again  	[MsgId: MMSG-26655]
Action.c(525): web_url("dataTables.bootstrapPagination-d133da3f3570036f8532207affa78bd9.js") started  	[MsgId: MMSG-26355]
Action.c(525): Resource "http://10.100.22.24:8181/signal/assets/vendorUi/datatables/dataTables.bootstrapPagination-d133da3f3570036f8532207affa78bd9.js" is in the cache already and will not be downloaded again  	[MsgId: MMSG-26655]
Action.c(536): web_url("datetime-moment-3fa3fc8eaf60abe3fae2bae2fb4328b0.js") started  	[MsgId: MMSG-26355]
Action.c(536): Resource "http://10.100.22.24:8181/signal/assets/vendorUi/datatables/datetime-moment-3fa3fc8eaf60abe3fae2bae2fb4328b0.js" is in the cache already and will not be downloaded again  	[MsgId: MMSG-26655]
Action.c(547): web_url("dataTables.fixedColumns.min-acc90a700b69150380759567188a8cd0.js") started  	[MsgId: MMSG-26355]
Action.c(547): Resource "http://10.100.22.24:8181/signal/assets/vendorUi/datatables/dataTables.fixedColumns.min-acc90a700b69150380759567188a8cd0.js" is in the cache already and will not be downloaded again  	[MsgId: MMSG-26655]
Action.c(558): web_url("jquery.dataTables_custom-8dad82f79087bc7c28eeb9b403e756b8.js") started  	[MsgId: MMSG-26355]
Action.c(558): Resource "http://10.100.22.24:8181/signal/assets/datatables/jquery.dataTables_custom-8dad82f79087bc7c28eeb9b403e756b8.js" is in the cache already and will not be downloaded again  	[MsgId: MMSG-26655]
Action.c(569): web_url("spinner.min-6f6eab72fd2531bea7514cc0d9830665.js") started  	[MsgId: MMSG-26355]
Action.c(569): Resource "http://10.100.22.24:8181/signal/assets/vendorUi/spinner/spinner.min-6f6eab72fd2531bea7514cc0d9830665.js" is in the cache already and will not be downloaded again  	[MsgId: MMSG-26655]
Action.c(580): web_url("jquery.multi-select2.0-c2649a518d094dac8d3e66aaba1e4501.js") started  	[MsgId: MMSG-26355]
Action.c(580): Resource "http://10.100.22.24:8181/signal/assets/vendorUi/multiselect/jquery.multi-select2.0-c2649a518d094dac8d3e66aaba1e4501.js" is in the cache already and will not be downloaded again  	[MsgId: MMSG-26655]
Action.c(591): web_url("wow.min-237e66d720861f3cc99ee444887b7c32.js") started  	[MsgId: MMSG-26355]
Action.c(591): Resource "http://10.100.22.24:8181/signal/assets/vendorUi/wow/wow.min-237e66d720861f3cc99ee444887b7c32.js" is in the cache already and will not be downloaded again  	[MsgId: MMSG-26655]
Action.c(602): web_url("fastclick-c74606809464116f3413064b0e200023.js") started  	[MsgId: MMSG-26355]
Action.c(602): Resource "http://10.100.22.24:8181/signal/assets/vendorUi/mobile/fastclick-c74606809464116f3413064b0e200023.js" is in the cache already and will not be downloaded again  	[MsgId: MMSG-26655]
Action.c(613): web_url("jquery.nicescroll-09e3ca9889499cfb15271ad8dc51f842.js") started  	[MsgId: MMSG-26355]
Action.c(613): Resource "http://10.100.22.24:8181/signal/assets/vendorUi/jquery/jquery.nicescroll-09e3ca9889499cfb15271ad8dc51f842.js" is in the cache already and will not be downloaded again  	[MsgId: MMSG-26655]
Action.c(624): web_url("detect-fd56173b9f1574612026ca4bd0f9ce20.js") started  	[MsgId: MMSG-26355]
Action.c(624): Resource "http://10.100.22.24:8181/signal/assets/vendorUi/mobile/detect-fd56173b9f1574612026ca4bd0f9ce20.js" is in the cache already and will not be downloaded again  	[MsgId: MMSG-26655]
Action.c(635): web_url("jquery.slimscroll-6a314b5f0344bf7ef8e1e0c948bb75f9.js") started  	[MsgId: MMSG-26355]
Action.c(635): Resource "http://10.100.22.24:8181/signal/assets/vendorUi/jquery/jquery.slimscroll-6a314b5f0344bf7ef8e1e0c948bb75f9.js" is in the cache already and will not be downloaded again  	[MsgId: MMSG-26655]
Action.c(646): web_url("jquery.scrollTo.min-240b8d54661c5e0500b96b9594d60b62.js") started  	[MsgId: MMSG-26355]
Action.c(646): Resource "http://10.100.22.24:8181/signal/assets/vendorUi/jquery/jquery.scrollTo.min-240b8d54661c5e0500b96b9594d60b62.js" is in the cache already and will not be downloaded again  	[MsgId: MMSG-26655]
Action.c(657): web_url("jquery.blockUI-7aa9ac8e34d97a945dbf467d99fda834.js") started  	[MsgId: MMSG-26355]
Action.c(657): Resource "http://10.100.22.24:8181/signal/assets/vendorUi/jquery/jquery.blockUI-7aa9ac8e34d97a945dbf467d99fda834.js" is in the cache already and will not be downloaded again  	[MsgId: MMSG-26655]
Action.c(668): web_url("notify.min-1dba61fec15a5d71814b2c2cb69f65bf.js") started  	[MsgId: MMSG-26355]
Action.c(668): Resource "http://10.100.22.24:8181/signal/assets/vendorUi/notifyjs/dist/notify.min-1dba61fec15a5d71814b2c2cb69f65bf.js" is in the cache already and will not be downloaded again  	[MsgId: MMSG-26655]
Action.c(679): web_url("sweet-alert.min-792598f1e6bac9b4f7cc6f060ae6b454.js") started  	[MsgId: MMSG-26355]
Action.c(679): Resource "http://10.100.22.24:8181/signal/assets/vendorUi/sweet-alert/sweet-alert.min-792598f1e6bac9b4f7cc6f060ae6b454.js" is in the cache already and will not be downloaded again  	[MsgId: MMSG-26655]
Action.c(690): web_url("notify-metro-9a1cf25a956b601aedd486c779986df7.js") started  	[MsgId: MMSG-26355]
Action.c(690): Resource "http://10.100.22.24:8181/signal/assets/vendorUi/notifications/notify-metro-9a1cf25a956b601aedd486c779986df7.js" is in the cache already and will not be downloaded again  	[MsgId: MMSG-26655]
Action.c(701): web_url("rx-notify-db0528274130516c271389cccac65e17.js") started  	[MsgId: MMSG-26355]
Action.c(701): Resource "http://10.100.22.24:8181/signal/assets/vendorUi/sweet-alert/rx-notify-db0528274130516c271389cccac65e17.js" is in the cache already and will not be downloaded again  	[MsgId: MMSG-26655]
Action.c(712): web_url("bootstrap-uploader-265e387a3ec58973abdfae04a79862b2.js") started  	[MsgId: MMSG-26355]
Action.c(712): Resource "http://10.100.22.24:8181/signal/assets/vendorUi/bootstrapUploader/bootstrap-uploader-265e387a3ec58973abdfae04a79862b2.js" is in the cache already and will not be downloaded again  	[MsgId: MMSG-26655]
Action.c(723): web_url("jquery.counterup.min-86f52f47d4c325261bf7d36b09dcf216.js") started  	[MsgId: MMSG-26355]
Action.c(723): Resource "http://10.100.22.24:8181/signal/assets/vendorUi/counterup/jquery.counterup.min-86f52f47d4c325261bf7d36b09dcf216.js" is in the cache already and will not be downloaded again  	[MsgId: MMSG-26655]
Action.c(734): web_url("jquery.waypoints.min-4471999ef1b83a94d41d3cebb887c349.js") started  	[MsgId: MMSG-26355]
Action.c(734): Resource "http://10.100.22.24:8181/signal/assets/vendorUi/waypoints/lib/jquery.waypoints.min-4471999ef1b83a94d41d3cebb887c349.js" is in the cache already and will not be downloaded again  	[MsgId: MMSG-26655]
Action.c(745): web_url("bootstrap-switch-732d14990dba7f4fff6b5b441177c905.js") started  	[MsgId: MMSG-26355]
Action.c(745): Resource "http://10.100.22.24:8181/signal/assets/vendorUi/bootstrap-switch/bootstrap-switch-732d14990dba7f4fff6b5b441177c905.js" is in the cache already and will not be downloaded again  	[MsgId: MMSG-26655]
Action.c(756): web_url("handlebars-v4.0.5-8ad4263f81c714ada4985affb687f12b.js") started  	[MsgId: MMSG-26355]
Action.c(756): Resource "http://10.100.22.24:8181/signal/assets/vendorUi/handlebar/handlebars-v4.0.5-8ad4263f81c714ada4985affb687f12b.js" is in the cache already and will not be downloaded again  	[MsgId: MMSG-26655]
Action.c(767): web_url("jquery.ba-throttle-debounce-876f6988f0a240fd9c49f09c5d71b994.js") started  	[MsgId: MMSG-26355]
Action.c(767): Resource "http://10.100.22.24:8181/signal/assets/vendorUi/jquery.ba-throttle-debounce-876f6988f0a240fd9c49f09c5d71b994.js" is in the cache already and will not be downloaded again  	[MsgId: MMSG-26655]
Action.c(778): web_url("jquery.core-2f63ea2ce21973031b9685e36eba0731.js") started  	[MsgId: MMSG-26355]
Action.c(778): Resource "http://10.100.22.24:8181/signal/assets/common/jquery.core-2f63ea2ce21973031b9685e36eba0731.js" is in the cache already and will not be downloaded again  	[MsgId: MMSG-26655]
Action.c(789): web_url("webcomponents-lite-c806470ac3182eedbb9de677fde922de.js") started  	[MsgId: MMSG-26355]
Action.c(789): Resource "http://10.100.22.24:8181/signal/assets/vendorUi/bower_components/webcomponentsjs/webcomponents-lite-c806470ac3182eedbb9de677fde922de.js" is in the cache already and will not be downloaded again  	[MsgId: MMSG-26655]
Action.c(800): web_url("bootstrap-multiselect-7b500966794478e2792eea0659e0aa96.js") started  	[MsgId: MMSG-26355]
Action.c(800): Resource "http://10.100.22.24:8181/signal/assets/bootstrap-multiselect/bootstrap-multiselect-7b500966794478e2792eea0659e0aa96.js" is in the cache already and will not be downloaded again  	[MsgId: MMSG-26655]
Action.c(811): web_url("dataTables.buttons.min-99ef2a29fc5b51a6f8f392977c2e34b1.js") started  	[MsgId: MMSG-26355]
Action.c(811): Resource "http://10.100.22.24:8181/signal/assets/vendorUi/datatable/dataTables.buttons.min-99ef2a29fc5b51a6f8f392977c2e34b1.js" is in the cache already and will not be downloaded again  	[MsgId: MMSG-26655]
Action.c(822): web_url("buttons.bootstrap-acac51d5cf162bd14f44ad66a6f275f5.js") started  	[MsgId: MMSG-26355]
Action.c(822): Resource "http://10.100.22.24:8181/signal/assets/datatables/buttons.bootstrap-acac51d5cf162bd14f44ad66a6f275f5.js" is in the cache already and will not be downloaded again  	[MsgId: MMSG-26655]
Action.c(833): web_url("waves-2d20efe8b7228bbc963944ac22c9667c.js") started  	[MsgId: MMSG-26355]
Action.c(833): Resource "http://10.100.22.24:8181/signal/assets/vendorUi/waves/waves-2d20efe8b7228bbc963944ac22c9667c.js" is in the cache already and will not be downloaded again  	[MsgId: MMSG-26655]
Action.c(844): web_url("pvs_app_widget-ec77f7e909db8bab59e572285b1c3389.js") started  	[MsgId: MMSG-26355]
Action.c(844): Resource "http://10.100.22.24:8181/signal/assets/app/pvs/pvs_app_widget-ec77f7e909db8bab59e572285b1c3389.js" is in the cache already and will not be downloaded again  	[MsgId: MMSG-26655]
Action.c(855): web_url("rxTitleOptions-1279146f661735d9e94cde274342b25c.js") started  	[MsgId: MMSG-26355]
Action.c(855): Resource "http://10.100.22.24:8181/signal/assets/app/pvs/rxTitleOptions-1279146f661735d9e94cde274342b25c.js" is in the cache already and will not be downloaded again  	[MsgId: MMSG-26655]
Action.c(866): web_url("spring-websocket-867783f03d5a8005372950a4b8cac2a4.js") started  	[MsgId: MMSG-26355]
Action.c(866): Resource "http://10.100.22.24:8181/signal/assets/spring-websocket-867783f03d5a8005372950a4b8cac2a4.js" is in the cache already and will not be downloaded again  	[MsgId: MMSG-26655]
Action.c(877): web_url("userGroupSelect-7f7d244cad34902e9681267c696c1bed.js") started  	[MsgId: MMSG-26355]
Action.c(877): Resource "http://10.100.22.24:8181/signal/assets/app/pvs/userGroupSelect-7f7d244cad34902e9681267c696c1bed.js" is in the cache already and will not be downloaded again  	[MsgId: MMSG-26655]
Action.c(888): web_url("actions-c6db5fb63baee4c159b9e783821b2058.js") started  	[MsgId: MMSG-26355]
Action.c(888): Resource "http://10.100.22.24:8181/signal/assets/app/pvs/actions/actions-c6db5fb63baee4c159b9e783821b2058.js" is in the cache already and will not be downloaded again  	[MsgId: MMSG-26655]
Action.c(899): web_url("menu-e9f9c79de11e89cfb0d2f7ae1cd80554.js") started  	[MsgId: MMSG-26355]
Action.c(899): Resource "http://10.100.22.24:8181/signal/assets/app/pvs/menu-e9f9c79de11e89cfb0d2f7ae1cd80554.js" is in the cache already and will not be downloaded again  	[MsgId: MMSG-26655]
Action.c(910): web_url("dashboardWidget-24248f37a4de46fe75c68afd1bc9dca6.js") started  	[MsgId: MMSG-26355]
Action.c(910): Resource "http://10.100.22.24:8181/signal/assets/app/pvs/dashboard/dashboardWidget-24248f37a4de46fe75c68afd1bc9dca6.js" is in the cache already and will not be downloaded again  	[MsgId: MMSG-26655]
Action.c(921): web_url("gridstack.jQueryUI.min-4850183e36adcd62a4e2c741ae857fc4.js") started  	[MsgId: MMSG-26355]
Action.c(921): Resource "http://10.100.22.24:8181/signal/assets/vendorUi/gridstack/gridstack.jQueryUI.min-4850183e36adcd62a4e2c741ae857fc4.js" is in the cache already and will not be downloaded again  	[MsgId: MMSG-26655]
Action.c(932): web_url("fullcalendar.min-eadac4139211e13292deb9473e638d45.js") started  	[MsgId: MMSG-26355]
Action.c(932): Resource "http://10.100.22.24:8181/signal/assets/vendorUi/fullcalendar.min-eadac4139211e13292deb9473e638d45.js" is in the cache already and will not be downloaded again  	[MsgId: MMSG-26655]
Action.c(943): web_url("no-data-to-display-fc44762af3aab44deb8317659be156a6.js") started  	[MsgId: MMSG-26355]
Action.c(943): Resource "http://10.100.22.24:8181/signal/assets/vendorUi/highcharts/modules/no-data-to-display-fc44762af3aab44deb8317659be156a6.js" is in the cache already and will not be downloaded again  	[MsgId: MMSG-26655]
Action.c(954): web_url("gridstack.min-8243969940fd3f8d9a2116948054084f.js") started  	[MsgId: MMSG-26355]
Action.c(954): Resource "http://10.100.22.24:8181/signal/assets/vendorUi/gridstack/gridstack.min-8243969940fd3f8d9a2116948054084f.js" is in the cache already and will not be downloaded again  	[MsgId: MMSG-26655]
Action.c(965): web_url("dashboard-1b86cbebab89d1a42ae9eebe0fa883ad.js") started  	[MsgId: MMSG-26355]
Action.c(965): Resource "http://10.100.22.24:8181/signal/assets/app/pvs/dashboard/dashboard-1b86cbebab89d1a42ae9eebe0fa883ad.js" is in the cache already and will not be downloaded again  	[MsgId: MMSG-26655]
Action.c(976): web_url("pushNotification-308cfd70b62333c52f5193fb7eaaafe6.js") started  	[MsgId: MMSG-26355]
Action.c(976): Resource "http://10.100.22.24:8181/signal/assets/app/pvs/pushNotification-308cfd70b62333c52f5193fb7eaaafe6.js" is in the cache already and will not be downloaded again  	[MsgId: MMSG-26655]
Action.c(987): web_url("bootstrap-datetimepicker-5aa81b54c1dd973165b56d66567b57d6.js") started  	[MsgId: MMSG-26355]
Action.c(987): Resource "http://10.100.22.24:8181/signal/assets/app/pvs/date-time/bootstrap-datetimepicker-5aa81b54c1dd973165b56d66567b57d6.js" is in the cache already and will not be downloaded again  	[MsgId: MMSG-26655]
Action.c(998): web_url("calendar-4d078ca93abd6a53a6f9c1bf8f79cd54.js") started  	[MsgId: MMSG-26355]
Action.c(998): Resource "http://10.100.22.24:8181/signal/assets/app/pvs/calendar-4d078ca93abd6a53a6f9c1bf8f79cd54.js" is in the cache already and will not be downloaded again  	[MsgId: MMSG-26655]
Action.c(1009): web_url("jquery.core-9088768891f7d43af5ab8c8d642e5301.js") started  	[MsgId: MMSG-26355]
Action.c(1009): Resource "http://10.100.22.24:8181/signal/assets/app/jquery.core-9088768891f7d43af5ab8c8d642e5301.js" is in the cache already and will not be downloaded again  	[MsgId: MMSG-26655]
Action.c(1025): web_url("date_picker_template.hbs") started  	[MsgId: MMSG-26355]
Action.c(1025): Resource "http://10.100.22.24:8181/signal/assets/app/pvs/hbs-templates/date_picker_template.hbs" is in the cache already and will not be downloaded again  	[MsgId: MMSG-26655]
Action.c(1038): web_url("en.json") started  	[MsgId: MMSG-26355]
Action.c(1038): Resource "http://10.100.22.24:8181/signal/assets/i18n/en.json" is in the cache already and will not be downloaded again  	[MsgId: MMSG-26655]
Action.c(1050): web_url("fullcalendar.print-b8f18e9775afba153b4abfbc5f9baaf6.css") started  	[MsgId: MMSG-26355]
Action.c(1050): Resource "http://10.100.22.24:8181/signal/assets/vendorUi/fullcalendar.print-b8f18e9775afba153b4abfbc5f9baaf6.css" is in the cache already and will not be downloaded again  	[MsgId: MMSG-26655]
Action.c(1061): web_url("jquery.app-9af4130ef9d8c98c078b99d2cddad130.js") started  	[MsgId: MMSG-26355]
Action.c(1061): Resource "http://10.100.22.24:8181/signal/assets/app/jquery.app-9af4130ef9d8c98c078b99d2cddad130.js" is in the cache already and will not be downloaded again  	[MsgId: MMSG-26655]
Action.c(1069): web_url("rx_common-3bec52fd16a226d99e60fd80372c8c05.js") started  	[MsgId: MMSG-26355]
Action.c(1069): Resource "http://10.100.22.24:8181/signal/assets/app/pvs/common/rx_common-3bec52fd16a226d99e60fd80372c8c05.js" is in the cache already and will not be downloaded again  	[MsgId: MMSG-26655]
Action.c(1082): web_url("dashboard_widget.hbs") started  	[MsgId: MMSG-26355]
Action.c(1082): Resource "http://10.100.22.24:8181/signal/assets/app/pvs/hbs-templates/dashboard_widget.hbs" is in the cache already and will not be downloaded again  	[MsgId: MMSG-26655]
Action.c(1092): web_url("glyphicons-halflings-regular-448c34a56d699c29117adc64c43affeb.woff2") started  	[MsgId: MMSG-26355]
Action.c(1092): Resource "http://10.100.22.24:8181/signal/assets/glyphicons-halflings-regular-448c34a56d699c29117adc64c43affeb.woff2" is in the cache already and will not be downloaded again  	[MsgId: MMSG-26655]
Action.c(1103): web_url("Material-Design-Iconic-Font-a2a1ba89e7f9d29f7d5aee76e8b9f7ab.woff") started  	[MsgId: MMSG-26355]
Action.c(1103): Resource "http://10.100.22.24:8181/signal/assets/Material-Design-Iconic-Font-a2a1ba89e7f9d29f7d5aee76e8b9f7ab.woff?v=1.0.1" is in the cache already and will not be downloaded again  	[MsgId: MMSG-26655]
Action.c(1133): web_url("aggAlertByStatus") started  	[MsgId: MMSG-26355]
Action.c(1133): Registering web_url("aggAlertByStatus") was successful  	[MsgId: MMSG-26390]
Action.c(1142): web_url("sideBar") started  	[MsgId: MMSG-26355]
Action.c(1142): Registering web_url("sideBar") was successful  	[MsgId: MMSG-26390]
Action.c(1151): web_url("caseByStatus") started  	[MsgId: MMSG-26355]
Action.c(1151): Registering web_url("caseByStatus") was successful  	[MsgId: MMSG-26390]
Action.c(1160): web_url("ahaByStatus") started  	[MsgId: MMSG-26355]
Action.c(1160): Registering web_url("ahaByStatus") was successful  	[MsgId: MMSG-26390]
Action.c(1169): web_url("alertByDueDate") started  	[MsgId: MMSG-26355]
Action.c(1169): Registering web_url("alertByDueDate") was successful  	[MsgId: MMSG-26390]
Action.c(1178): web_url("getProductByStatus") started  	[MsgId: MMSG-26355]
Action.c(1178): Registering web_url("getProductByStatus") was successful  	[MsgId: MMSG-26390]
Action.c(1202): web_url("getProductByStatus_2") started  	[MsgId: MMSG-26355]
Action.c(1202): Registering web_url("getProductByStatus_2") was successful  	[MsgId: MMSG-26390]
Action.c(1223): web_url("fontawesome-webfont-af7ae505a9eed503f8b8e6982036873e.woff2") started  	[MsgId: MMSG-26355]
Action.c(1223): Resource "http://10.100.22.24:8181/signal/assets/fontawesome-webfont-af7ae505a9eed503f8b8e6982036873e.woff2?v=4.7.0" is in the cache already and will not be downloaded again  	[MsgId: MMSG-26655]
Action.c(1239): web_add_header("X-CSRF-TOKEN") started  	[MsgId: MMSG-26355]
Action.c(1239): web_add_header("X-CSRF-TOKEN") was successful  	[MsgId: MMSG-26392]
Action.c(1242): web_submit_data("events") started  	[MsgId: MMSG-26355]
Action.c(1242): Registering web_submit_data("events") was successful  	[MsgId: MMSG-26390]
Action.c(1254): web_url("materialdesignicons-webfont-d1bdfb3838e2f78edf1ede85f56eabc9.woff2") started  	[MsgId: MMSG-26355]
Action.c(1254): Resource "http://10.100.22.24:8181/signal/assets/mdi-fonts/fonts/materialdesignicons-webfont-d1bdfb3838e2f78edf1ede85f56eabc9.woff2?v=3.2.89" is in the cache already and will not be downloaded again  	[MsgId: MMSG-26655]
Action.c(1284): web_url("alertList") started  	[MsgId: MMSG-26355]
Action.c(1284): Registering web_url("alertList") was successful  	[MsgId: MMSG-26390]
Action.c(1309): web_url("signalList") started  	[MsgId: MMSG-26355]
Action.c(1309): Registering web_url("signalList") was successful  	[MsgId: MMSG-26390]
Action.c(1345): web_url("actionList") started  	[MsgId: MMSG-26355]
Action.c(1345): Registering web_url("actionList") was successful  	[MsgId: MMSG-26390]
Action.c(1381): web_concurrent_end started  	[MsgId: MMSG-26355]
Action.c(1381): web_concurrent_end was successful, 9605 body bytes, 2816 header bytes, 123 chunking overhead bytes  	[MsgId: MMSG-26385]
Action.c(1383): Notify: Transaction "S07_T02_Login" ended with a "Pass" status (Duration: 5.0599 Wasted Time: 0.0708).
Action.c(1396): Notify: Transaction "S07_T03_ClickDashboard" started.
Action.c(1398): web_add_header("X-CSRF-TOKEN") started  	[MsgId: MMSG-26355]
Action.c(1398): web_add_header("X-CSRF-TOKEN") was successful  	[MsgId: MMSG-26392]
Action.c(1401): web_submit_data("saveDashboardConfig") started  	[MsgId: MMSG-26355]
Action.c(1401): web_submit_data("saveDashboardConfig") was successful, 4 body bytes, 249 header bytes, 10 chunking overhead bytes  	[MsgId: MMSG-26385]
Action.c(1425): web_reg_find started  	[MsgId: MMSG-26355]
Action.c(1425): Registering web_reg_find was successful  	[MsgId: MMSG-26390]
Action.c(1429): web_url("signal_2") started  	[MsgId: MMSG-26355]
Action.c(1429): Registered web_reg_find successful for "Text=Assigned Signals" (count=1)  	[MsgId: MMSG-26364]
Action.c(1429): web_url("signal_2") was successful, 78348 body bytes, 274 header bytes, 85 chunking overhead bytes  	[MsgId: MMSG-26385]
Action.c(1444): web_concurrent_start started  	[MsgId: MMSG-26355]
Action.c(1444): web_concurrent_start was successful  	[MsgId: MMSG-26392]
Action.c(1446): web_url("sideBar_2") started  	[MsgId: MMSG-26355]
Action.c(1446): Registering web_url("sideBar_2") was successful  	[MsgId: MMSG-26390]
Action.c(1455): web_url("aggAlertByStatus_2") started  	[MsgId: MMSG-26355]
Action.c(1455): Registering web_url("aggAlertByStatus_2") was successful  	[MsgId: MMSG-26390]
Action.c(1464): web_url("caseByStatus_2") started  	[MsgId: MMSG-26355]
Action.c(1464): Registering web_url("caseByStatus_2") was successful  	[MsgId: MMSG-26390]
Action.c(1473): web_url("ahaByStatus_2") started  	[MsgId: MMSG-26355]
Action.c(1473): Registering web_url("ahaByStatus_2") was successful  	[MsgId: MMSG-26390]
Action.c(1482): web_url("alertByDueDate_2") started  	[MsgId: MMSG-26355]
Action.c(1482): Registering web_url("alertByDueDate_2") was successful  	[MsgId: MMSG-26390]
Action.c(1491): web_url("getProductByStatus_3") started  	[MsgId: MMSG-26355]
Action.c(1491): Registering web_url("getProductByStatus_3") was successful  	[MsgId: MMSG-26390]
Action.c(1500): web_url("getProductByStatus_4") started  	[MsgId: MMSG-26355]
Action.c(1500): Registering web_url("getProductByStatus_4") was successful  	[MsgId: MMSG-26390]
Action.c(1523): web_add_header("X-CSRF-TOKEN") started  	[MsgId: MMSG-26355]
Action.c(1523): web_add_header("X-CSRF-TOKEN") was successful  	[MsgId: MMSG-26392]
Action.c(1529): web_submit_data("events_2") started  	[MsgId: MMSG-26355]
Action.c(1529): Registering web_submit_data("events_2") was successful  	[MsgId: MMSG-26390]
Action.c(1556): web_url("alertList_2") started  	[MsgId: MMSG-26355]
Action.c(1556): Registering web_url("alertList_2") was successful  	[MsgId: MMSG-26390]
Action.c(1565): web_url("signalList_2") started  	[MsgId: MMSG-26355]
Action.c(1565): Registering web_url("signalList_2") was successful  	[MsgId: MMSG-26390]
Action.c(1601): web_url("actionList_2") started  	[MsgId: MMSG-26355]
Action.c(1601): Registering web_url("actionList_2") was successful  	[MsgId: MMSG-26390]
Action.c(1622): web_concurrent_end started  	[MsgId: MMSG-26355]
Action.c(1622): web_concurrent_end was successful, 9605 body bytes, 2816 header bytes, 123 chunking overhead bytes  	[MsgId: MMSG-26385]
Action.c(1624): Notify: Transaction "S07_T03_ClickDashboard" ended with a "Pass" status (Duration: 5.9626 Wasted Time: 0.0828).
Action.c(1637): Notify: Transaction "S07_T04_LogOut" started.
Action.c(1639): web_add_header("X-CSRF-TOKEN") started  	[MsgId: MMSG-26355]
Action.c(1639): web_add_header("X-CSRF-TOKEN") was successful  	[MsgId: MMSG-26392]
Action.c(1642): web_submit_data("saveDashboardConfig_2") started  	[MsgId: MMSG-26355]
Action.c(1642): web_submit_data("saveDashboardConfig_2") was successful, 4 body bytes, 249 header bytes, 10 chunking overhead bytes  	[MsgId: MMSG-26385]
Action.c(1658): web_remove_auto_header("X-Requested-With") started  	[MsgId: MMSG-26355]
Action.c(1658): Warning -26590: web_remove/revert_auto_header for "X-Requested-With" had no effect  	[MsgId: MWAR-26590]
Action.c(1658): web_remove/revert_auto_header("X-Requested-With") highest severity level was "warning"  	[MsgId: MMSG-26391]
Action.c(1660): web_add_auto_header("Accept") started  	[MsgId: MMSG-26355]
Action.c(1660): web_add_auto_header("Accept") was successful  	[MsgId: MMSG-26392]
Action.c(1663): web_add_header("Upgrade-Insecure-Requests") started  	[MsgId: MMSG-26355]
Action.c(1663): web_add_header("Upgrade-Insecure-Requests") was successful  	[MsgId: MMSG-26392]
Action.c(1666): web_url("index") started  	[MsgId: MMSG-26355]
Action.c(1666): Redirecting "http://10.100.22.24:8181/signal/logout/index" (redirection depth is 0)  	[MsgId: MMSG-26694]
Action.c(1666): To location "http://10.100.22.24:8181/signal/logoff"  	[MsgId: MMSG-26693]
Action.c(1666): Redirecting "http://10.100.22.24:8181/signal/logoff" (redirection depth is 1)  	[MsgId: MMSG-26694]
Action.c(1666): To location "http://10.100.22.24:8181/signal/login/auth"  	[MsgId: MMSG-26693]
Action.c(1666): web_url("index") was successful, 2397 body bytes, 914 header bytes, 17 chunking overhead bytes  	[MsgId: MMSG-26385]
Action.c(1675): Notify: Transaction "S07_T04_LogOut" ended with a "Pass" status (Duration: 2.3641 Wasted Time: 0.0198).
Ending action Action.
Ending iteration 2.
Ending Vuser...
Starting action vuser_end.
Ending action vuser_end.
Vuser Terminated.
