Start auto log messages stack - Iteration 1.
Action.c(3561): lr_think_time: 3.00 seconds.
Action.c(3572): Notify: Transaction "S10_11_Export50Cases_PDF" started.
Action.c(3574): web_url("discardTempChanges_3") started  	[MsgId: MMSG-26355]
Action.c(3574): web_url("discardTempChanges_3") was successful, 0 body bytes, 210 header bytes, 5 chunking overhead bytes  	[MsgId: MMSG-26385]
Action.c(3582): web_add_header("Upgrade-Insecure-Requests") started  	[MsgId: MMSG-26355]
Action.c(3582): web_add_header("Upgrade-Insecure-Requests") was successful  	[MsgId: MMSG-26392]
Action.c(3585): web_reg_find started  	[MsgId: MMSG-26355]
Action.c(3585): Registering web_reg_find was successful  	[MsgId: MMSG-26390]
Action.c(3589): web_url("61_4") started  	[MsgId: MMSG-26355]
Action.c(3589): Error: Parameter 'ExecConfig_Id': No more unique values for this parameter in table 'Config_Id.dat' [unique range is 1-56]. The Vuser is aborted according to "When Out Of Values" policy.
End auto log messages stack.


Start auto log messages stack - Iteration 1.
Action.c(3561): lr_think_time: 3.00 seconds.
Action.c(3572): Notify: Transaction "S10_11_Export50Cases_PDF" started.
Action.c(3574): web_url("discardTempChanges_3") started  	[MsgId: MMSG-26355]
Action.c(3574): web_url("discardTempChanges_3") was successful, 0 body bytes, 210 header bytes, 5 chunking overhead bytes  	[MsgId: MMSG-26385]
Action.c(3582): web_add_header("Upgrade-Insecure-Requests") started  	[MsgId: MMSG-26355]
Action.c(3582): web_add_header("Upgrade-Insecure-Requests") was successful  	[MsgId: MMSG-26392]
Action.c(3585): web_reg_find started  	[MsgId: MMSG-26355]
Action.c(3585): Registering web_reg_find was successful  	[MsgId: MMSG-26390]
Action.c(3589): web_url("61_4") started  	[MsgId: MMSG-26355]
Action.c(3589): Error: Parameter 'ExecConfig_Id': No more unique values for this parameter in table 'Config_Id.dat' [unique range is 57-112]. The Vuser is aborted according to "When Out Of Values" policy.
End auto log messages stack.


Start auto log messages stack - Iteration 1.
Action.c(3561): lr_think_time: 3.00 seconds.
Action.c(3572): Notify: Transaction "S10_11_Export50Cases_PDF" started.
Action.c(3574): web_url("discardTempChanges_3") started  	[MsgId: MMSG-26355]
Action.c(3574): web_url("discardTempChanges_3") was successful, 0 body bytes, 210 header bytes, 5 chunking overhead bytes  	[MsgId: MMSG-26385]
Action.c(3582): web_add_header("Upgrade-Insecure-Requests") started  	[MsgId: MMSG-26355]
Action.c(3582): web_add_header("Upgrade-Insecure-Requests") was successful  	[MsgId: MMSG-26392]
Action.c(3585): web_reg_find started  	[MsgId: MMSG-26355]
Action.c(3585): Registering web_reg_find was successful  	[MsgId: MMSG-26390]
Action.c(3589): web_url("61_4") started  	[MsgId: MMSG-26355]
Action.c(3589): Error: Parameter 'ExecConfig_Id': No more unique values for this parameter in table 'Config_Id.dat' [unique range is 113-168]. The Vuser is aborted according to "When Out Of Values" policy.
End auto log messages stack.


Start auto log messages stack - Iteration 1.
Action.c(3561): lr_think_time: 3.00 seconds.
Action.c(3572): Notify: Transaction "S10_11_Export50Cases_PDF" started.
Action.c(3574): web_url("discardTempChanges_3") started  	[MsgId: MMSG-26355]
Action.c(3574): web_url("discardTempChanges_3") was successful, 0 body bytes, 210 header bytes, 5 chunking overhead bytes  	[MsgId: MMSG-26385]
Action.c(3582): web_add_header("Upgrade-Insecure-Requests") started  	[MsgId: MMSG-26355]
Action.c(3582): web_add_header("Upgrade-Insecure-Requests") was successful  	[MsgId: MMSG-26392]
Action.c(3585): web_reg_find started  	[MsgId: MMSG-26355]
Action.c(3585): Registering web_reg_find was successful  	[MsgId: MMSG-26390]
Action.c(3589): web_url("61_4") started  	[MsgId: MMSG-26355]
Action.c(3589): Error: Parameter 'ExecConfig_Id': No more unique values for this parameter in table 'Config_Id.dat' [unique range is 169-224]. The Vuser is aborted according to "When Out Of Values" policy.
End auto log messages stack.


Start auto log messages stack - Iteration 1.
Action.c(3561): lr_think_time: 3.00 seconds.
Action.c(3572): Notify: Transaction "S10_11_Export50Cases_PDF" started.
Action.c(3574): web_url("discardTempChanges_3") started  	[MsgId: MMSG-26355]
Action.c(3574): web_url("discardTempChanges_3") was successful, 0 body bytes, 210 header bytes, 5 chunking overhead bytes  	[MsgId: MMSG-26385]
Action.c(3582): web_add_header("Upgrade-Insecure-Requests") started  	[MsgId: MMSG-26355]
Action.c(3582): web_add_header("Upgrade-Insecure-Requests") was successful  	[MsgId: MMSG-26392]
Action.c(3585): web_reg_find started  	[MsgId: MMSG-26355]
Action.c(3585): Registering web_reg_find was successful  	[MsgId: MMSG-26390]
Action.c(3589): web_url("61_4") started  	[MsgId: MMSG-26355]
Action.c(3589): Error: Parameter 'ExecConfig_Id': No more unique values for this parameter in table 'Config_Id.dat' [unique range is 225-280]. The Vuser is aborted according to "When Out Of Values" policy.
End auto log messages stack.


