Start auto log messages stack - Iteration 1.
Action.c(1367): web_url("actionList") started  	[MsgId: MMSG-26355]
Action.c(1367): Registering web_url("actionList") was successful  	[MsgId: MMSG-26390]
Action.c(1398): web_url("fontawesome-webfont-af7ae505a9eed503f8b8e6982036873e.woff2") started  	[MsgId: MMSG-26355]
Action.c(1398): Registering web_url("fontawesome-webfont-af7ae505a9eed503f8b8e6982036873e.woff2") was successful  	[MsgId: MMSG-26390]
Action.c(1409): web_url("materialdesignicons-webfont-d1bdfb3838e2f78edf1ede85f56eabc9.woff2") started  	[MsgId: MMSG-26355]
Action.c(1409): Registering web_url("materialdesignicons-webfont-d1bdfb3838e2f78edf1ede85f56eabc9.woff2") was successful  	[MsgId: MMSG-26390]
Action.c(1417): web_concurrent_end started  	[MsgId: MMSG-26355]
Action.c(1197): Error -26612: HTTP Status-Code=500 (Internal Server Error) for "http://10.100.22.24:8181/signal/calendar/events"   [issued at Action.c(1417)]  	[MsgId: MERR-26612]
Action.c(1226): Error -26612: HTTP Status-Code=500 (Internal Server Error) for "http://10.100.22.24:8181/signal/inboxLog/forUser/7435?_=1590648660231"   [issued at Action.c(1417)]  	[MsgId: MERR-26612]
Start auto log messages stack - Iteration 1.
Action.c(237): web_add_header("Origin") was successful  	[MsgId: MMSG-26392]
Action.c(240): web_add_header("Upgrade-Insecure-Requests") started  	[MsgId: MMSG-26355]
Action.c(240): web_add_header("Upgrade-Insecure-Requests") was successful  	[MsgId: MMSG-26392]
Action.c(245): web_reg_save_param_ex started  	[MsgId: MMSG-26355]
Action.c(245): Registering web_reg_save_param_ex was successful  	[MsgId: MMSG-26390]
Action.c(253): web_submit_data("authenticate") started  	[MsgId: MMSG-26355]
Action.c(253): Redirecting "http://10.100.22.24:8181/signal/login/authenticate" (redirection depth is 0)  	[MsgId: MMSG-26694]
Action.c(253): To location "http://10.100.22.24:8181/signal/"  	[MsgId: MMSG-26693]
Action.c(253): Error -26612: HTTP Status-Code=500 (Internal Server Error) for "http://10.100.22.24:8181/signal/"  	[MsgId: MERR-26612]
End auto log messages stack.


Action.c(1240): Error -26612: HTTP Status-Code=500 (Internal Server Error) for "http://10.100.22.24:8181/signal/dashboard/alertList?_=1590648660232"   [issued at Action.c(1417)]  	[MsgId: MERR-26612]
Start auto log messages stack - Iteration 2.
Action.c(40): web_add_header("Accept") was successful  	[MsgId: MMSG-26392]
Action.c(43): web_add_header("Upgrade-Insecure-Requests") started  	[MsgId: MMSG-26355]
Action.c(43): web_add_header("Upgrade-Insecure-Requests") was successful  	[MsgId: MMSG-26392]
Action.c(58): web_reg_save_param_ex started  	[MsgId: MMSG-26355]
Action.c(58): Registering web_reg_save_param_ex was successful  	[MsgId: MMSG-26390]
Action.c(67): web_url("signal") started  	[MsgId: MMSG-26355]
Action.c(67): Redirecting "http://10.100.22.24:8181/signal" (redirection depth is 0)  	[MsgId: MMSG-26694]
Action.c(67): To location "http://10.100.22.24:8181/signal/"  	[MsgId: MMSG-26693]
Action.c(67): Error -26612: HTTP Status-Code=500 (Internal Server Error) for "http://10.100.22.24:8181/signal/"  	[MsgId: MERR-26612]
Action.c(67): Error -26377: No match found for the requested parameter "CsrfTokeId". Either the specified boundaries were not found in the response or the matched text is longer than current max html parameter size of 99999999 bytes. The total length of the response is 35900 bytes. You can use "web_set_max_html_param_len" to increase the max parameter size.  	[MsgId: MERR-26377]
End auto log messages stack.


Start auto log messages stack - Iteration 3.
Action.c(40): web_add_header("Accept") was successful  	[MsgId: MMSG-26392]
Action.c(43): web_add_header("Upgrade-Insecure-Requests") started  	[MsgId: MMSG-26355]
Action.c(43): web_add_header("Upgrade-Insecure-Requests") was successful  	[MsgId: MMSG-26392]
Action.c(58): web_reg_save_param_ex started  	[MsgId: MMSG-26355]
Action.c(58): Registering web_reg_save_param_ex was successful  	[MsgId: MMSG-26390]
Action.c(67): web_url("signal") started  	[MsgId: MMSG-26355]
Action.c(67): Redirecting "http://10.100.22.24:8181/signal" (redirection depth is 0)  	[MsgId: MMSG-26694]
Action.c(67): To location "http://10.100.22.24:8181/signal/"  	[MsgId: MMSG-26693]
Action.c(67): Error -26612: HTTP Status-Code=500 (Internal Server Error) for "http://10.100.22.24:8181/signal/"  	[MsgId: MERR-26612]
Action.c(67): Error -26377: No match found for the requested parameter "CsrfTokeId". Either the specified boundaries were not found in the response or the matched text is longer than current max html parameter size of 99999999 bytes. The total length of the response is 8192 bytes. You can use "web_set_max_html_param_len" to increase the max parameter size.  	[MsgId: MERR-26377]
End auto log messages stack.


Start auto log messages stack - Iteration 4.
Action.c(40): web_add_header("Accept") was successful  	[MsgId: MMSG-26392]
Action.c(43): web_add_header("Upgrade-Insecure-Requests") started  	[MsgId: MMSG-26355]
Action.c(43): web_add_header("Upgrade-Insecure-Requests") was successful  	[MsgId: MMSG-26392]
Action.c(58): web_reg_save_param_ex started  	[MsgId: MMSG-26355]
Action.c(58): Registering web_reg_save_param_ex was successful  	[MsgId: MMSG-26390]
Action.c(67): web_url("signal") started  	[MsgId: MMSG-26355]
Action.c(67): Redirecting "http://10.100.22.24:8181/signal" (redirection depth is 0)  	[MsgId: MMSG-26694]
Action.c(67): To location "http://10.100.22.24:8181/signal/"  	[MsgId: MMSG-26693]
Action.c(67): Error -26377: No match found for the requested parameter "CsrfTokeId". Either the specified boundaries were not found in the response or the matched text is longer than current max html parameter size of 99999999 bytes. The total length of the response is 78348 bytes. You can use "web_set_max_html_param_len" to increase the max parameter size.  	[MsgId: MERR-26377]
End auto log messages stack.


Start auto log messages stack - Iteration 5.
Action.c(40): web_add_header("Accept") was successful  	[MsgId: MMSG-26392]
Action.c(43): web_add_header("Upgrade-Insecure-Requests") started  	[MsgId: MMSG-26355]
Action.c(43): web_add_header("Upgrade-Insecure-Requests") was successful  	[MsgId: MMSG-26392]
Action.c(58): web_reg_save_param_ex started  	[MsgId: MMSG-26355]
Action.c(58): Registering web_reg_save_param_ex was successful  	[MsgId: MMSG-26390]
Action.c(67): web_url("signal") started  	[MsgId: MMSG-26355]
Action.c(67): Redirecting "http://10.100.22.24:8181/signal" (redirection depth is 0)  	[MsgId: MMSG-26694]
Action.c(67): To location "http://10.100.22.24:8181/signal/"  	[MsgId: MMSG-26693]
Action.c(67): Error -26377: No match found for the requested parameter "CsrfTokeId". Either the specified boundaries were not found in the response or the matched text is longer than current max html parameter size of 99999999 bytes. The total length of the response is 78348 bytes. You can use "web_set_max_html_param_len" to increase the max parameter size.  	[MsgId: MERR-26377]
End auto log messages stack.


Start auto log messages stack - Iteration 6.
Action.c(40): web_add_header("Accept") was successful  	[MsgId: MMSG-26392]
Action.c(43): web_add_header("Upgrade-Insecure-Requests") started  	[MsgId: MMSG-26355]
Action.c(43): web_add_header("Upgrade-Insecure-Requests") was successful  	[MsgId: MMSG-26392]
Action.c(58): web_reg_save_param_ex started  	[MsgId: MMSG-26355]
Action.c(58): Registering web_reg_save_param_ex was successful  	[MsgId: MMSG-26390]
Action.c(67): web_url("signal") started  	[MsgId: MMSG-26355]
Action.c(67): Redirecting "http://10.100.22.24:8181/signal" (redirection depth is 0)  	[MsgId: MMSG-26694]
Action.c(67): To location "http://10.100.22.24:8181/signal/"  	[MsgId: MMSG-26693]
Action.c(67): Error -26377: No match found for the requested parameter "CsrfTokeId". Either the specified boundaries were not found in the response or the matched text is longer than current max html parameter size of 99999999 bytes. The total length of the response is 78348 bytes. You can use "web_set_max_html_param_len" to increase the max parameter size.  	[MsgId: MERR-26377]
End auto log messages stack.


Start auto log messages stack - Iteration 7.
Action.c(40): web_add_header("Accept") was successful  	[MsgId: MMSG-26392]
Action.c(43): web_add_header("Upgrade-Insecure-Requests") started  	[MsgId: MMSG-26355]
Action.c(43): web_add_header("Upgrade-Insecure-Requests") was successful  	[MsgId: MMSG-26392]
Action.c(58): web_reg_save_param_ex started  	[MsgId: MMSG-26355]
Action.c(58): Registering web_reg_save_param_ex was successful  	[MsgId: MMSG-26390]
Action.c(67): web_url("signal") started  	[MsgId: MMSG-26355]
Action.c(67): Redirecting "http://10.100.22.24:8181/signal" (redirection depth is 0)  	[MsgId: MMSG-26694]
Action.c(67): To location "http://10.100.22.24:8181/signal/"  	[MsgId: MMSG-26693]
Action.c(67): Error -26377: No match found for the requested parameter "CsrfTokeId". Either the specified boundaries were not found in the response or the matched text is longer than current max html parameter size of 99999999 bytes. The total length of the response is 78348 bytes. You can use "web_set_max_html_param_len" to increase the max parameter size.  	[MsgId: MERR-26377]
End auto log messages stack.


End auto log messages stack.


Start auto log messages stack - Iteration 1.
Action.c(1661): web_remove/revert_auto_header("X-Requested-With") was successful  	[MsgId: MMSG-26392]
Action.c(1663): web_add_auto_header("Accept") started  	[MsgId: MMSG-26355]
Action.c(1663): web_add_auto_header("Accept") was successful  	[MsgId: MMSG-26392]
Action.c(1666): web_add_header("Upgrade-Insecure-Requests") started  	[MsgId: MMSG-26355]
Action.c(1666): web_add_header("Upgrade-Insecure-Requests") was successful  	[MsgId: MMSG-26392]
Action.c(1669): web_reg_find started  	[MsgId: MMSG-26355]
Action.c(1669): Registering web_reg_find was successful  	[MsgId: MMSG-26390]
Action.c(1673): web_url("details") started  	[MsgId: MMSG-26355]
Action.c(1673): Error -26612: HTTP Status-Code=500 (Internal Server Error) for "http://10.100.22.24:8181/signal/aggregateCaseAlert/details?callingScreen=review&configId=61"  	[MsgId: MERR-26612]
Action.c(1673): Error -26366: "Text=Quantitative Alert :" not found for web_reg_find  	[MsgId: MERR-26366]
End auto log messages stack.


Start auto log messages stack - Iteration 1.
Action.c(3503): web_add_header("Upgrade-Insecure-Requests") was successful  	[MsgId: MMSG-26392]
Action.c(3506): web_reg_find started  	[MsgId: MMSG-26355]
Action.c(3506): Registering web_reg_find was successful  	[MsgId: MMSG-26390]
Action.c(3510): web_url("61_3") started  	[MsgId: MMSG-26355]
Action.c(3510): Warning -26612: HTTP Status-Code=500 (Internal Server Error) for "http://10.100.22.24:8181/signal/aggregateCaseAlert/exportReport/61?outputFormat=XLSX&alertName=aggregateCaseAlert&callingScreen=review&length=-1&start=0&adhocRun=false&isFilterRequest=false&filters=[]&selectedCases=29,28,62,60,272,80,253,61,59,58,579,577,580,578,575,576,573,574,572,570,571,568,569,566,567,564,565,562,563,561,559,560,557,558,555,556,553,554,551,552,549,550,548,546,547,544,545,542,543,540&viewId=6564"  	[MsgId: MWAR-26612]
Action.c(3510): Error -26366: "Text=PK" not found for web_reg_find  	[MsgId: MERR-26366]
End auto log messages stack.


Start auto log messages stack - Iteration 8.
Action.c(40): web_add_header("Accept") was successful  	[MsgId: MMSG-26392]
Action.c(43): web_add_header("Upgrade-Insecure-Requests") started  	[MsgId: MMSG-26355]
Action.c(43): web_add_header("Upgrade-Insecure-Requests") was successful  	[MsgId: MMSG-26392]
Action.c(58): web_reg_save_param_ex started  	[MsgId: MMSG-26355]
Action.c(58): Registering web_reg_save_param_ex was successful  	[MsgId: MMSG-26390]
Action.c(67): web_url("signal") started  	[MsgId: MMSG-26355]
Action.c(67): Redirecting "http://10.100.22.24:8181/signal" (redirection depth is 0)  	[MsgId: MMSG-26694]
Action.c(67): To location "http://10.100.22.24:8181/signal/"  	[MsgId: MMSG-26693]
Action.c(67): Error -26377: No match found for the requested parameter "CsrfTokeId". Either the specified boundaries were not found in the response or the matched text is longer than current max html parameter size of 99999999 bytes. The total length of the response is 78348 bytes. You can use "web_set_max_html_param_len" to increase the max parameter size.  	[MsgId: MERR-26377]
End auto log messages stack.


Start auto log messages stack - Iteration 2.
Action.c(40): web_add_header("Accept") was successful  	[MsgId: MMSG-26392]
Action.c(43): web_add_header("Upgrade-Insecure-Requests") started  	[MsgId: MMSG-26355]
Action.c(43): web_add_header("Upgrade-Insecure-Requests") was successful  	[MsgId: MMSG-26392]
Action.c(58): web_reg_save_param_ex started  	[MsgId: MMSG-26355]
Action.c(58): Registering web_reg_save_param_ex was successful  	[MsgId: MMSG-26390]
Action.c(67): web_url("signal") started  	[MsgId: MMSG-26355]
Action.c(67): Redirecting "http://10.100.22.24:8181/signal" (redirection depth is 0)  	[MsgId: MMSG-26694]
Action.c(67): To location "http://10.100.22.24:8181/signal/"  	[MsgId: MMSG-26693]
Action.c(67): Error -26377: No match found for the requested parameter "CsrfTokeId". Either the specified boundaries were not found in the response or the matched text is longer than current max html parameter size of 99999999 bytes. The total length of the response is 78348 bytes. You can use "web_set_max_html_param_len" to increase the max parameter size.  	[MsgId: MERR-26377]
End auto log messages stack.


Start auto log messages stack - Iteration 2.
Action.c(40): web_add_header("Accept") was successful  	[MsgId: MMSG-26392]
Action.c(43): web_add_header("Upgrade-Insecure-Requests") started  	[MsgId: MMSG-26355]
Action.c(43): web_add_header("Upgrade-Insecure-Requests") was successful  	[MsgId: MMSG-26392]
Action.c(58): web_reg_save_param_ex started  	[MsgId: MMSG-26355]
Action.c(58): Registering web_reg_save_param_ex was successful  	[MsgId: MMSG-26390]
Action.c(67): web_url("signal") started  	[MsgId: MMSG-26355]
Action.c(67): Redirecting "http://10.100.22.24:8181/signal" (redirection depth is 0)  	[MsgId: MMSG-26694]
Action.c(67): To location "http://10.100.22.24:8181/signal/"  	[MsgId: MMSG-26693]
Action.c(67): Error -26612: HTTP Status-Code=500 (Internal Server Error) for "http://10.100.22.24:8181/signal/"  	[MsgId: MERR-26612]
Action.c(67): Error -26377: No match found for the requested parameter "CsrfTokeId". Either the specified boundaries were not found in the response or the matched text is longer than current max html parameter size of 99999999 bytes. The total length of the response is 8192 bytes. You can use "web_set_max_html_param_len" to increase the max parameter size.  	[MsgId: MERR-26377]
End auto log messages stack.


Start auto log messages stack - Iteration 1.
Action.c(3475): web_remove_auto_header("Origin") started  	[MsgId: MMSG-26355]
Action.c(3475): Warning -26590: web_remove/revert_auto_header for "Origin" had no effect  	[MsgId: MWAR-26590]
Action.c(3475): web_remove/revert_auto_header("Origin") highest severity level was "warning"  	[MsgId: MMSG-26391]
Action.c(3477): web_add_auto_header("Accept") started  	[MsgId: MMSG-26355]
Action.c(3477): web_add_auto_header("Accept") was successful  	[MsgId: MMSG-26392]
Action.c(3489): Notify: Transaction "ClickBack" ended with a "Pass" status (Duration: 9.4866).
Action.c(3491): lr_think_time: 3.00 seconds.
Action.c(3493): Notify: Transaction "S10_11_Export50Cases_Excel" started.
Action.c(3495): web_url("discardTempChanges_2") started  	[MsgId: MMSG-26355]
Action.c(3495): Error -26612: HTTP Status-Code=500 (Internal Server Error) for "http://10.100.22.24:8181/signal/viewInstance/discardTempChanges?viewInstance.id=6564"  	[MsgId: MERR-26612]
End auto log messages stack.


Start auto log messages stack - Iteration 2.
Action.c(40): web_add_header("Accept") was successful  	[MsgId: MMSG-26392]
Action.c(43): web_add_header("Upgrade-Insecure-Requests") started  	[MsgId: MMSG-26355]
Action.c(43): web_add_header("Upgrade-Insecure-Requests") was successful  	[MsgId: MMSG-26392]
Action.c(58): web_reg_save_param_ex started  	[MsgId: MMSG-26355]
Action.c(58): Registering web_reg_save_param_ex was successful  	[MsgId: MMSG-26390]
Action.c(67): web_url("signal") started  	[MsgId: MMSG-26355]
Action.c(67): Redirecting "http://10.100.22.24:8181/signal" (redirection depth is 0)  	[MsgId: MMSG-26694]
Action.c(67): To location "http://10.100.22.24:8181/signal/"  	[MsgId: MMSG-26693]
Action.c(67): Error -26377: No match found for the requested parameter "CsrfTokeId". Either the specified boundaries were not found in the response or the matched text is longer than current max html parameter size of 99999999 bytes. The total length of the response is 78348 bytes. You can use "web_set_max_html_param_len" to increase the max parameter size.  	[MsgId: MERR-26377]
End auto log messages stack.


Start auto log messages stack - Iteration 9.
Action.c(40): web_add_header("Accept") was successful  	[MsgId: MMSG-26392]
Action.c(43): web_add_header("Upgrade-Insecure-Requests") started  	[MsgId: MMSG-26355]
Action.c(43): web_add_header("Upgrade-Insecure-Requests") was successful  	[MsgId: MMSG-26392]
Action.c(58): web_reg_save_param_ex started  	[MsgId: MMSG-26355]
Action.c(58): Registering web_reg_save_param_ex was successful  	[MsgId: MMSG-26390]
Action.c(67): web_url("signal") started  	[MsgId: MMSG-26355]
Action.c(67): Redirecting "http://10.100.22.24:8181/signal" (redirection depth is 0)  	[MsgId: MMSG-26694]
Action.c(67): To location "http://10.100.22.24:8181/signal/"  	[MsgId: MMSG-26693]
Action.c(67): Error -26612: HTTP Status-Code=500 (Internal Server Error) for "http://10.100.22.24:8181/signal/"  	[MsgId: MERR-26612]
Action.c(67): Error -26377: No match found for the requested parameter "CsrfTokeId". Either the specified boundaries were not found in the response or the matched text is longer than current max html parameter size of 99999999 bytes. The total length of the response is 8192 bytes. You can use "web_set_max_html_param_len" to increase the max parameter size.  	[MsgId: MERR-26377]
End auto log messages stack.


Start auto log messages stack - Iteration 3.
Action.c(40): web_add_header("Accept") was successful  	[MsgId: MMSG-26392]
Action.c(43): web_add_header("Upgrade-Insecure-Requests") started  	[MsgId: MMSG-26355]
Action.c(43): web_add_header("Upgrade-Insecure-Requests") was successful  	[MsgId: MMSG-26392]
Action.c(58): web_reg_save_param_ex started  	[MsgId: MMSG-26355]
Action.c(58): Registering web_reg_save_param_ex was successful  	[MsgId: MMSG-26390]
Action.c(67): web_url("signal") started  	[MsgId: MMSG-26355]
Action.c(67): Redirecting "http://10.100.22.24:8181/signal" (redirection depth is 0)  	[MsgId: MMSG-26694]
Action.c(67): To location "http://10.100.22.24:8181/signal/"  	[MsgId: MMSG-26693]
Action.c(67): Error -26377: No match found for the requested parameter "CsrfTokeId". Either the specified boundaries were not found in the response or the matched text is longer than current max html parameter size of 99999999 bytes. The total length of the response is 78348 bytes. You can use "web_set_max_html_param_len" to increase the max parameter size.  	[MsgId: MERR-26377]
End auto log messages stack.


Start auto log messages stack - Iteration 3.
Action.c(40): web_add_header("Accept") was successful  	[MsgId: MMSG-26392]
Action.c(43): web_add_header("Upgrade-Insecure-Requests") started  	[MsgId: MMSG-26355]
Action.c(43): web_add_header("Upgrade-Insecure-Requests") was successful  	[MsgId: MMSG-26392]
Action.c(58): web_reg_save_param_ex started  	[MsgId: MMSG-26355]
Action.c(58): Registering web_reg_save_param_ex was successful  	[MsgId: MMSG-26390]
Action.c(67): web_url("signal") started  	[MsgId: MMSG-26355]
Action.c(67): Redirecting "http://10.100.22.24:8181/signal" (redirection depth is 0)  	[MsgId: MMSG-26694]
Action.c(67): To location "http://10.100.22.24:8181/signal/"  	[MsgId: MMSG-26693]
Action.c(67): Error -26377: No match found for the requested parameter "CsrfTokeId". Either the specified boundaries were not found in the response or the matched text is longer than current max html parameter size of 99999999 bytes. The total length of the response is 78348 bytes. You can use "web_set_max_html_param_len" to increase the max parameter size.  	[MsgId: MERR-26377]
End auto log messages stack.


Start auto log messages stack - Iteration 3.
Action.c(40): web_add_header("Accept") was successful  	[MsgId: MMSG-26392]
Action.c(43): web_add_header("Upgrade-Insecure-Requests") started  	[MsgId: MMSG-26355]
Action.c(43): web_add_header("Upgrade-Insecure-Requests") was successful  	[MsgId: MMSG-26392]
Action.c(58): web_reg_save_param_ex started  	[MsgId: MMSG-26355]
Action.c(58): Registering web_reg_save_param_ex was successful  	[MsgId: MMSG-26390]
Action.c(67): web_url("signal") started  	[MsgId: MMSG-26355]
Action.c(67): Redirecting "http://10.100.22.24:8181/signal" (redirection depth is 0)  	[MsgId: MMSG-26694]
Action.c(67): To location "http://10.100.22.24:8181/signal/"  	[MsgId: MMSG-26693]
Action.c(67): Error -26377: No match found for the requested parameter "CsrfTokeId". Either the specified boundaries were not found in the response or the matched text is longer than current max html parameter size of 99999999 bytes. The total length of the response is 78348 bytes. You can use "web_set_max_html_param_len" to increase the max parameter size.  	[MsgId: MERR-26377]
End auto log messages stack.


Start auto log messages stack - Iteration 10.
Action.c(40): web_add_header("Accept") was successful  	[MsgId: MMSG-26392]
Action.c(43): web_add_header("Upgrade-Insecure-Requests") started  	[MsgId: MMSG-26355]
Action.c(43): web_add_header("Upgrade-Insecure-Requests") was successful  	[MsgId: MMSG-26392]
Action.c(58): web_reg_save_param_ex started  	[MsgId: MMSG-26355]
Action.c(58): Registering web_reg_save_param_ex was successful  	[MsgId: MMSG-26390]
Action.c(67): web_url("signal") started  	[MsgId: MMSG-26355]
Action.c(67): Redirecting "http://10.100.22.24:8181/signal" (redirection depth is 0)  	[MsgId: MMSG-26694]
Action.c(67): To location "http://10.100.22.24:8181/signal/"  	[MsgId: MMSG-26693]
Action.c(67): Error -26377: No match found for the requested parameter "CsrfTokeId". Either the specified boundaries were not found in the response or the matched text is longer than current max html parameter size of 99999999 bytes. The total length of the response is 78348 bytes. You can use "web_set_max_html_param_len" to increase the max parameter size.  	[MsgId: MERR-26377]
End auto log messages stack.


Start auto log messages stack - Iteration 4.
Action.c(40): web_add_header("Accept") was successful  	[MsgId: MMSG-26392]
Action.c(43): web_add_header("Upgrade-Insecure-Requests") started  	[MsgId: MMSG-26355]
Action.c(43): web_add_header("Upgrade-Insecure-Requests") was successful  	[MsgId: MMSG-26392]
Action.c(58): web_reg_save_param_ex started  	[MsgId: MMSG-26355]
Action.c(58): Registering web_reg_save_param_ex was successful  	[MsgId: MMSG-26390]
Action.c(67): web_url("signal") started  	[MsgId: MMSG-26355]
Action.c(67): Redirecting "http://10.100.22.24:8181/signal" (redirection depth is 0)  	[MsgId: MMSG-26694]
Action.c(67): To location "http://10.100.22.24:8181/signal/"  	[MsgId: MMSG-26693]
Action.c(67): Error -26377: No match found for the requested parameter "CsrfTokeId". Either the specified boundaries were not found in the response or the matched text is longer than current max html parameter size of 99999999 bytes. The total length of the response is 78348 bytes. You can use "web_set_max_html_param_len" to increase the max parameter size.  	[MsgId: MERR-26377]
End auto log messages stack.


Start auto log messages stack - Iteration 4.
Action.c(40): web_add_header("Accept") was successful  	[MsgId: MMSG-26392]
Action.c(43): web_add_header("Upgrade-Insecure-Requests") started  	[MsgId: MMSG-26355]
Action.c(43): web_add_header("Upgrade-Insecure-Requests") was successful  	[MsgId: MMSG-26392]
Action.c(58): web_reg_save_param_ex started  	[MsgId: MMSG-26355]
Action.c(58): Registering web_reg_save_param_ex was successful  	[MsgId: MMSG-26390]
Action.c(67): web_url("signal") started  	[MsgId: MMSG-26355]
Action.c(67): Redirecting "http://10.100.22.24:8181/signal" (redirection depth is 0)  	[MsgId: MMSG-26694]
Action.c(67): To location "http://10.100.22.24:8181/signal/"  	[MsgId: MMSG-26693]
Action.c(67): Error -26377: No match found for the requested parameter "CsrfTokeId". Either the specified boundaries were not found in the response or the matched text is longer than current max html parameter size of 99999999 bytes. The total length of the response is 78348 bytes. You can use "web_set_max_html_param_len" to increase the max parameter size.  	[MsgId: MERR-26377]
End auto log messages stack.


Start auto log messages stack - Iteration 2.
Action.c(40): web_add_header("Accept") was successful  	[MsgId: MMSG-26392]
Action.c(43): web_add_header("Upgrade-Insecure-Requests") started  	[MsgId: MMSG-26355]
Action.c(43): web_add_header("Upgrade-Insecure-Requests") was successful  	[MsgId: MMSG-26392]
Action.c(58): web_reg_save_param_ex started  	[MsgId: MMSG-26355]
Action.c(58): Registering web_reg_save_param_ex was successful  	[MsgId: MMSG-26390]
Action.c(67): web_url("signal") started  	[MsgId: MMSG-26355]
Action.c(67): Redirecting "http://10.100.22.24:8181/signal" (redirection depth is 0)  	[MsgId: MMSG-26694]
Action.c(67): To location "http://10.100.22.24:8181/signal/"  	[MsgId: MMSG-26693]
Action.c(67): Error -26377: No match found for the requested parameter "CsrfTokeId". Either the specified boundaries were not found in the response or the matched text is longer than current max html parameter size of 99999999 bytes. The total length of the response is 78348 bytes. You can use "web_set_max_html_param_len" to increase the max parameter size.  	[MsgId: MERR-26377]
End auto log messages stack.


Start auto log messages stack - Iteration 11.
Action.c(40): web_add_header("Accept") was successful  	[MsgId: MMSG-26392]
Action.c(43): web_add_header("Upgrade-Insecure-Requests") started  	[MsgId: MMSG-26355]
Action.c(43): web_add_header("Upgrade-Insecure-Requests") was successful  	[MsgId: MMSG-26392]
Action.c(58): web_reg_save_param_ex started  	[MsgId: MMSG-26355]
Action.c(58): Registering web_reg_save_param_ex was successful  	[MsgId: MMSG-26390]
Action.c(67): web_url("signal") started  	[MsgId: MMSG-26355]
Action.c(67): Redirecting "http://10.100.22.24:8181/signal" (redirection depth is 0)  	[MsgId: MMSG-26694]
Action.c(67): To location "http://10.100.22.24:8181/signal/"  	[MsgId: MMSG-26693]
Action.c(67): Error -26377: No match found for the requested parameter "CsrfTokeId". Either the specified boundaries were not found in the response or the matched text is longer than current max html parameter size of 99999999 bytes. The total length of the response is 78348 bytes. You can use "web_set_max_html_param_len" to increase the max parameter size.  	[MsgId: MERR-26377]
End auto log messages stack.


Start auto log messages stack - Iteration 4.
Action.c(40): web_add_header("Accept") was successful  	[MsgId: MMSG-26392]
Action.c(43): web_add_header("Upgrade-Insecure-Requests") started  	[MsgId: MMSG-26355]
Action.c(43): web_add_header("Upgrade-Insecure-Requests") was successful  	[MsgId: MMSG-26392]
Action.c(58): web_reg_save_param_ex started  	[MsgId: MMSG-26355]
Action.c(58): Registering web_reg_save_param_ex was successful  	[MsgId: MMSG-26390]
Action.c(67): web_url("signal") started  	[MsgId: MMSG-26355]
Action.c(67): Redirecting "http://10.100.22.24:8181/signal" (redirection depth is 0)  	[MsgId: MMSG-26694]
Action.c(67): To location "http://10.100.22.24:8181/signal/"  	[MsgId: MMSG-26693]
Action.c(67): Error -26377: No match found for the requested parameter "CsrfTokeId". Either the specified boundaries were not found in the response or the matched text is longer than current max html parameter size of 99999999 bytes. The total length of the response is 78348 bytes. You can use "web_set_max_html_param_len" to increase the max parameter size.  	[MsgId: MERR-26377]
End auto log messages stack.


Start auto log messages stack - Iteration 5.
Action.c(40): web_add_header("Accept") was successful  	[MsgId: MMSG-26392]
Action.c(43): web_add_header("Upgrade-Insecure-Requests") started  	[MsgId: MMSG-26355]
Action.c(43): web_add_header("Upgrade-Insecure-Requests") was successful  	[MsgId: MMSG-26392]
Action.c(58): web_reg_save_param_ex started  	[MsgId: MMSG-26355]
Action.c(58): Registering web_reg_save_param_ex was successful  	[MsgId: MMSG-26390]
Action.c(67): web_url("signal") started  	[MsgId: MMSG-26355]
Action.c(67): Redirecting "http://10.100.22.24:8181/signal" (redirection depth is 0)  	[MsgId: MMSG-26694]
Action.c(67): To location "http://10.100.22.24:8181/signal/"  	[MsgId: MMSG-26693]
Action.c(67): Error -26377: No match found for the requested parameter "CsrfTokeId". Either the specified boundaries were not found in the response or the matched text is longer than current max html parameter size of 99999999 bytes. The total length of the response is 78348 bytes. You can use "web_set_max_html_param_len" to increase the max parameter size.  	[MsgId: MERR-26377]
End auto log messages stack.


Start auto log messages stack - Iteration 5.
Action.c(40): web_add_header("Accept") was successful  	[MsgId: MMSG-26392]
Action.c(43): web_add_header("Upgrade-Insecure-Requests") started  	[MsgId: MMSG-26355]
Action.c(43): web_add_header("Upgrade-Insecure-Requests") was successful  	[MsgId: MMSG-26392]
Action.c(58): web_reg_save_param_ex started  	[MsgId: MMSG-26355]
Action.c(58): Registering web_reg_save_param_ex was successful  	[MsgId: MMSG-26390]
Action.c(67): web_url("signal") started  	[MsgId: MMSG-26355]
Action.c(67): Redirecting "http://10.100.22.24:8181/signal" (redirection depth is 0)  	[MsgId: MMSG-26694]
Action.c(67): To location "http://10.100.22.24:8181/signal/"  	[MsgId: MMSG-26693]
Action.c(67): Error -26377: No match found for the requested parameter "CsrfTokeId". Either the specified boundaries were not found in the response or the matched text is longer than current max html parameter size of 99999999 bytes. The total length of the response is 78348 bytes. You can use "web_set_max_html_param_len" to increase the max parameter size.  	[MsgId: MERR-26377]
End auto log messages stack.


Start auto log messages stack - Iteration 5.
Action.c(40): web_add_header("Accept") was successful  	[MsgId: MMSG-26392]
Action.c(43): web_add_header("Upgrade-Insecure-Requests") started  	[MsgId: MMSG-26355]
Action.c(43): web_add_header("Upgrade-Insecure-Requests") was successful  	[MsgId: MMSG-26392]
Action.c(58): web_reg_save_param_ex started  	[MsgId: MMSG-26355]
Action.c(58): Registering web_reg_save_param_ex was successful  	[MsgId: MMSG-26390]
Action.c(67): web_url("signal") started  	[MsgId: MMSG-26355]
Action.c(67): Redirecting "http://10.100.22.24:8181/signal" (redirection depth is 0)  	[MsgId: MMSG-26694]
Action.c(67): To location "http://10.100.22.24:8181/signal/"  	[MsgId: MMSG-26693]
Action.c(67): Error -26377: No match found for the requested parameter "CsrfTokeId". Either the specified boundaries were not found in the response or the matched text is longer than current max html parameter size of 99999999 bytes. The total length of the response is 78348 bytes. You can use "web_set_max_html_param_len" to increase the max parameter size.  	[MsgId: MERR-26377]
End auto log messages stack.


Start auto log messages stack - Iteration 12.
Action.c(40): web_add_header("Accept") was successful  	[MsgId: MMSG-26392]
Action.c(43): web_add_header("Upgrade-Insecure-Requests") started  	[MsgId: MMSG-26355]
Action.c(43): web_add_header("Upgrade-Insecure-Requests") was successful  	[MsgId: MMSG-26392]
Action.c(58): web_reg_save_param_ex started  	[MsgId: MMSG-26355]
Action.c(58): Registering web_reg_save_param_ex was successful  	[MsgId: MMSG-26390]
Action.c(67): web_url("signal") started  	[MsgId: MMSG-26355]
Action.c(67): Redirecting "http://10.100.22.24:8181/signal" (redirection depth is 0)  	[MsgId: MMSG-26694]
Action.c(67): To location "http://10.100.22.24:8181/signal/"  	[MsgId: MMSG-26693]
Action.c(67): Error -26377: No match found for the requested parameter "CsrfTokeId". Either the specified boundaries were not found in the response or the matched text is longer than current max html parameter size of 99999999 bytes. The total length of the response is 78348 bytes. You can use "web_set_max_html_param_len" to increase the max parameter size.  	[MsgId: MERR-26377]
End auto log messages stack.


Start auto log messages stack - Iteration 6.
Action.c(40): web_add_header("Accept") was successful  	[MsgId: MMSG-26392]
Action.c(43): web_add_header("Upgrade-Insecure-Requests") started  	[MsgId: MMSG-26355]
Action.c(43): web_add_header("Upgrade-Insecure-Requests") was successful  	[MsgId: MMSG-26392]
Action.c(58): web_reg_save_param_ex started  	[MsgId: MMSG-26355]
Action.c(58): Registering web_reg_save_param_ex was successful  	[MsgId: MMSG-26390]
Action.c(67): web_url("signal") started  	[MsgId: MMSG-26355]
Action.c(67): Redirecting "http://10.100.22.24:8181/signal" (redirection depth is 0)  	[MsgId: MMSG-26694]
Action.c(67): To location "http://10.100.22.24:8181/signal/"  	[MsgId: MMSG-26693]
Action.c(67): Error -26377: No match found for the requested parameter "CsrfTokeId". Either the specified boundaries were not found in the response or the matched text is longer than current max html parameter size of 99999999 bytes. The total length of the response is 78348 bytes. You can use "web_set_max_html_param_len" to increase the max parameter size.  	[MsgId: MERR-26377]
End auto log messages stack.


Start auto log messages stack - Iteration 6.
Action.c(40): web_add_header("Accept") was successful  	[MsgId: MMSG-26392]
Action.c(43): web_add_header("Upgrade-Insecure-Requests") started  	[MsgId: MMSG-26355]
Action.c(43): web_add_header("Upgrade-Insecure-Requests") was successful  	[MsgId: MMSG-26392]
Action.c(58): web_reg_save_param_ex started  	[MsgId: MMSG-26355]
Action.c(58): Registering web_reg_save_param_ex was successful  	[MsgId: MMSG-26390]
Action.c(67): web_url("signal") started  	[MsgId: MMSG-26355]
Action.c(67): Redirecting "http://10.100.22.24:8181/signal" (redirection depth is 0)  	[MsgId: MMSG-26694]
Action.c(67): To location "http://10.100.22.24:8181/signal/"  	[MsgId: MMSG-26693]
Action.c(67): Error -26377: No match found for the requested parameter "CsrfTokeId". Either the specified boundaries were not found in the response or the matched text is longer than current max html parameter size of 99999999 bytes. The total length of the response is 78348 bytes. You can use "web_set_max_html_param_len" to increase the max parameter size.  	[MsgId: MERR-26377]
End auto log messages stack.


Start auto log messages stack - Iteration 6.
Action.c(40): web_add_header("Accept") was successful  	[MsgId: MMSG-26392]
Action.c(43): web_add_header("Upgrade-Insecure-Requests") started  	[MsgId: MMSG-26355]
Action.c(43): web_add_header("Upgrade-Insecure-Requests") was successful  	[MsgId: MMSG-26392]
Action.c(58): web_reg_save_param_ex started  	[MsgId: MMSG-26355]
Action.c(58): Registering web_reg_save_param_ex was successful  	[MsgId: MMSG-26390]
Action.c(67): web_url("signal") started  	[MsgId: MMSG-26355]
Action.c(67): Redirecting "http://10.100.22.24:8181/signal" (redirection depth is 0)  	[MsgId: MMSG-26694]
Action.c(67): To location "http://10.100.22.24:8181/signal/"  	[MsgId: MMSG-26693]
Action.c(67): Error -26377: No match found for the requested parameter "CsrfTokeId". Either the specified boundaries were not found in the response or the matched text is longer than current max html parameter size of 99999999 bytes. The total length of the response is 78348 bytes. You can use "web_set_max_html_param_len" to increase the max parameter size.  	[MsgId: MERR-26377]
End auto log messages stack.


Start auto log messages stack - Iteration 13.
Action.c(40): web_add_header("Accept") was successful  	[MsgId: MMSG-26392]
Action.c(43): web_add_header("Upgrade-Insecure-Requests") started  	[MsgId: MMSG-26355]
Action.c(43): web_add_header("Upgrade-Insecure-Requests") was successful  	[MsgId: MMSG-26392]
Action.c(58): web_reg_save_param_ex started  	[MsgId: MMSG-26355]
Action.c(58): Registering web_reg_save_param_ex was successful  	[MsgId: MMSG-26390]
Action.c(67): web_url("signal") started  	[MsgId: MMSG-26355]
Action.c(67): Redirecting "http://10.100.22.24:8181/signal" (redirection depth is 0)  	[MsgId: MMSG-26694]
Action.c(67): To location "http://10.100.22.24:8181/signal/"  	[MsgId: MMSG-26693]
Action.c(67): Error -26377: No match found for the requested parameter "CsrfTokeId". Either the specified boundaries were not found in the response or the matched text is longer than current max html parameter size of 99999999 bytes. The total length of the response is 78348 bytes. You can use "web_set_max_html_param_len" to increase the max parameter size.  	[MsgId: MERR-26377]
End auto log messages stack.


Start auto log messages stack - Iteration 7.
Action.c(40): web_add_header("Accept") was successful  	[MsgId: MMSG-26392]
Action.c(43): web_add_header("Upgrade-Insecure-Requests") started  	[MsgId: MMSG-26355]
Action.c(43): web_add_header("Upgrade-Insecure-Requests") was successful  	[MsgId: MMSG-26392]
Action.c(58): web_reg_save_param_ex started  	[MsgId: MMSG-26355]
Action.c(58): Registering web_reg_save_param_ex was successful  	[MsgId: MMSG-26390]
Action.c(67): web_url("signal") started  	[MsgId: MMSG-26355]
Action.c(67): Redirecting "http://10.100.22.24:8181/signal" (redirection depth is 0)  	[MsgId: MMSG-26694]
Action.c(67): To location "http://10.100.22.24:8181/signal/"  	[MsgId: MMSG-26693]
Action.c(67): Error -26377: No match found for the requested parameter "CsrfTokeId". Either the specified boundaries were not found in the response or the matched text is longer than current max html parameter size of 99999999 bytes. The total length of the response is 78348 bytes. You can use "web_set_max_html_param_len" to increase the max parameter size.  	[MsgId: MERR-26377]
End auto log messages stack.


Start auto log messages stack - Iteration 7.
Action.c(40): web_add_header("Accept") was successful  	[MsgId: MMSG-26392]
Action.c(43): web_add_header("Upgrade-Insecure-Requests") started  	[MsgId: MMSG-26355]
Action.c(43): web_add_header("Upgrade-Insecure-Requests") was successful  	[MsgId: MMSG-26392]
Action.c(58): web_reg_save_param_ex started  	[MsgId: MMSG-26355]
Action.c(58): Registering web_reg_save_param_ex was successful  	[MsgId: MMSG-26390]
Action.c(67): web_url("signal") started  	[MsgId: MMSG-26355]
Action.c(67): Redirecting "http://10.100.22.24:8181/signal" (redirection depth is 0)  	[MsgId: MMSG-26694]
Action.c(67): To location "http://10.100.22.24:8181/signal/"  	[MsgId: MMSG-26693]
Action.c(67): Error -26377: No match found for the requested parameter "CsrfTokeId". Either the specified boundaries were not found in the response or the matched text is longer than current max html parameter size of 99999999 bytes. The total length of the response is 78348 bytes. You can use "web_set_max_html_param_len" to increase the max parameter size.  	[MsgId: MERR-26377]
End auto log messages stack.


Start auto log messages stack - Iteration 3.
Action.c(40): web_add_header("Accept") was successful  	[MsgId: MMSG-26392]
Action.c(43): web_add_header("Upgrade-Insecure-Requests") started  	[MsgId: MMSG-26355]
Action.c(43): web_add_header("Upgrade-Insecure-Requests") was successful  	[MsgId: MMSG-26392]
Action.c(58): web_reg_save_param_ex started  	[MsgId: MMSG-26355]
Action.c(58): Registering web_reg_save_param_ex was successful  	[MsgId: MMSG-26390]
Action.c(67): web_url("signal") started  	[MsgId: MMSG-26355]
Action.c(67): Redirecting "http://10.100.22.24:8181/signal" (redirection depth is 0)  	[MsgId: MMSG-26694]
Action.c(67): To location "http://10.100.22.24:8181/signal/"  	[MsgId: MMSG-26693]
Action.c(67): Error -26377: No match found for the requested parameter "CsrfTokeId". Either the specified boundaries were not found in the response or the matched text is longer than current max html parameter size of 99999999 bytes. The total length of the response is 78348 bytes. You can use "web_set_max_html_param_len" to increase the max parameter size.  	[MsgId: MERR-26377]
End auto log messages stack.


Start auto log messages stack - Iteration 14.
Action.c(40): web_add_header("Accept") was successful  	[MsgId: MMSG-26392]
Action.c(43): web_add_header("Upgrade-Insecure-Requests") started  	[MsgId: MMSG-26355]
Action.c(43): web_add_header("Upgrade-Insecure-Requests") was successful  	[MsgId: MMSG-26392]
Action.c(58): web_reg_save_param_ex started  	[MsgId: MMSG-26355]
Action.c(58): Registering web_reg_save_param_ex was successful  	[MsgId: MMSG-26390]
Action.c(67): web_url("signal") started  	[MsgId: MMSG-26355]
Action.c(67): Redirecting "http://10.100.22.24:8181/signal" (redirection depth is 0)  	[MsgId: MMSG-26694]
Action.c(67): To location "http://10.100.22.24:8181/signal/"  	[MsgId: MMSG-26693]
Action.c(67): Error -26377: No match found for the requested parameter "CsrfTokeId". Either the specified boundaries were not found in the response or the matched text is longer than current max html parameter size of 99999999 bytes. The total length of the response is 78348 bytes. You can use "web_set_max_html_param_len" to increase the max parameter size.  	[MsgId: MERR-26377]
End auto log messages stack.


Start auto log messages stack - Iteration 7.
Action.c(40): web_add_header("Accept") was successful  	[MsgId: MMSG-26392]
Action.c(43): web_add_header("Upgrade-Insecure-Requests") started  	[MsgId: MMSG-26355]
Action.c(43): web_add_header("Upgrade-Insecure-Requests") was successful  	[MsgId: MMSG-26392]
Action.c(58): web_reg_save_param_ex started  	[MsgId: MMSG-26355]
Action.c(58): Registering web_reg_save_param_ex was successful  	[MsgId: MMSG-26390]
Action.c(67): web_url("signal") started  	[MsgId: MMSG-26355]
Action.c(67): Redirecting "http://10.100.22.24:8181/signal" (redirection depth is 0)  	[MsgId: MMSG-26694]
Action.c(67): To location "http://10.100.22.24:8181/signal/"  	[MsgId: MMSG-26693]
Action.c(67): Error -26377: No match found for the requested parameter "CsrfTokeId". Either the specified boundaries were not found in the response or the matched text is longer than current max html parameter size of 99999999 bytes. The total length of the response is 78348 bytes. You can use "web_set_max_html_param_len" to increase the max parameter size.  	[MsgId: MERR-26377]
End auto log messages stack.


Start auto log messages stack - Iteration 8.
Action.c(40): web_add_header("Accept") was successful  	[MsgId: MMSG-26392]
Action.c(43): web_add_header("Upgrade-Insecure-Requests") started  	[MsgId: MMSG-26355]
Action.c(43): web_add_header("Upgrade-Insecure-Requests") was successful  	[MsgId: MMSG-26392]
Action.c(58): web_reg_save_param_ex started  	[MsgId: MMSG-26355]
Action.c(58): Registering web_reg_save_param_ex was successful  	[MsgId: MMSG-26390]
Action.c(67): web_url("signal") started  	[MsgId: MMSG-26355]
Action.c(67): Redirecting "http://10.100.22.24:8181/signal" (redirection depth is 0)  	[MsgId: MMSG-26694]
Action.c(67): To location "http://10.100.22.24:8181/signal/"  	[MsgId: MMSG-26693]
Action.c(67): Error -26612: HTTP Status-Code=500 (Internal Server Error) for "http://10.100.22.24:8181/signal/"  	[MsgId: MERR-26612]
Action.c(67): Error -26377: No match found for the requested parameter "CsrfTokeId". Either the specified boundaries were not found in the response or the matched text is longer than current max html parameter size of 99999999 bytes. The total length of the response is 8192 bytes. You can use "web_set_max_html_param_len" to increase the max parameter size.  	[MsgId: MERR-26377]
End auto log messages stack.


Start auto log messages stack - Iteration 8.
Action.c(40): web_add_header("Accept") was successful  	[MsgId: MMSG-26392]
Action.c(43): web_add_header("Upgrade-Insecure-Requests") started  	[MsgId: MMSG-26355]
Action.c(43): web_add_header("Upgrade-Insecure-Requests") was successful  	[MsgId: MMSG-26392]
Action.c(58): web_reg_save_param_ex started  	[MsgId: MMSG-26355]
Action.c(58): Registering web_reg_save_param_ex was successful  	[MsgId: MMSG-26390]
Action.c(67): web_url("signal") started  	[MsgId: MMSG-26355]
Action.c(67): Redirecting "http://10.100.22.24:8181/signal" (redirection depth is 0)  	[MsgId: MMSG-26694]
Action.c(67): To location "http://10.100.22.24:8181/signal/"  	[MsgId: MMSG-26693]
Action.c(67): Error -26377: No match found for the requested parameter "CsrfTokeId". Either the specified boundaries were not found in the response or the matched text is longer than current max html parameter size of 99999999 bytes. The total length of the response is 78348 bytes. You can use "web_set_max_html_param_len" to increase the max parameter size.  	[MsgId: MERR-26377]
End auto log messages stack.


Start auto log messages stack - Iteration 15.
Action.c(40): web_add_header("Accept") was successful  	[MsgId: MMSG-26392]
Action.c(43): web_add_header("Upgrade-Insecure-Requests") started  	[MsgId: MMSG-26355]
Action.c(43): web_add_header("Upgrade-Insecure-Requests") was successful  	[MsgId: MMSG-26392]
Action.c(58): web_reg_save_param_ex started  	[MsgId: MMSG-26355]
Action.c(58): Registering web_reg_save_param_ex was successful  	[MsgId: MMSG-26390]
Action.c(67): web_url("signal") started  	[MsgId: MMSG-26355]
Action.c(67): Redirecting "http://10.100.22.24:8181/signal" (redirection depth is 0)  	[MsgId: MMSG-26694]
Action.c(67): To location "http://10.100.22.24:8181/signal/"  	[MsgId: MMSG-26693]
Action.c(67): Error -26377: No match found for the requested parameter "CsrfTokeId". Either the specified boundaries were not found in the response or the matched text is longer than current max html parameter size of 99999999 bytes. The total length of the response is 78348 bytes. You can use "web_set_max_html_param_len" to increase the max parameter size.  	[MsgId: MERR-26377]
End auto log messages stack.


Start auto log messages stack - Iteration 9.
Action.c(40): web_add_header("Accept") was successful  	[MsgId: MMSG-26392]
Action.c(43): web_add_header("Upgrade-Insecure-Requests") started  	[MsgId: MMSG-26355]
Action.c(43): web_add_header("Upgrade-Insecure-Requests") was successful  	[MsgId: MMSG-26392]
Action.c(58): web_reg_save_param_ex started  	[MsgId: MMSG-26355]
Action.c(58): Registering web_reg_save_param_ex was successful  	[MsgId: MMSG-26390]
Action.c(67): web_url("signal") started  	[MsgId: MMSG-26355]
Action.c(67): Redirecting "http://10.100.22.24:8181/signal" (redirection depth is 0)  	[MsgId: MMSG-26694]
Action.c(67): To location "http://10.100.22.24:8181/signal/"  	[MsgId: MMSG-26693]
Action.c(67): Error -26377: No match found for the requested parameter "CsrfTokeId". Either the specified boundaries were not found in the response or the matched text is longer than current max html parameter size of 99999999 bytes. The total length of the response is 78348 bytes. You can use "web_set_max_html_param_len" to increase the max parameter size.  	[MsgId: MERR-26377]
End auto log messages stack.


